#
# A fatal error has been detected by the Java Runtime Environment:
#
#  SIGSEGV (0xb) at pc=0x00000001057c2245, pid=3463, tid=39431
#
# JRE version: OpenJDK Runtime Environment JBR-11.0.9.1.11-1145.77-jcef (11.0.9.1+11) (build 11.0.9.1+11-b1145.77)
# Java VM: OpenJDK 64-Bit Server VM JBR-11.0.9.1.11-1145.77-jcef (11.0.9.1+11-b1145.77, mixed mode, tiered, compressed oops, g1 gc, bsd-amd64)
# Problematic frame:
# V  [libjvm.dylib+0x1c2245]  _ZN8IndexSet6insertEj+0x19
#
# No core dump will be written. Core dumps have been disabled. To enable core dumping, try "ulimit -c unlimited" before starting Java again
#
# If you would like to submit a bug report, please visit:
#   https://bugreport.java.com/bugreport/crash.jsp
#

---------------  S U M M A R Y ------------

Command Line: -Djava.rmi.server.hostname=127.0.0.1 -Duser.timezone=UTC -Xmx2048m -Xms128m -Dfile.encoding=UTF-8 com.intellij.database.remote.RemoteJdbcServer com.mysql.cj.jdbc.Driver

Host: MacBookPro8,3 x86_64 2500 MHz, 8 cores, 16G, Darwin 17.7.0
Time: Mon Mar 22 12:15:48 2021 MSK elapsed time: 284.816541 seconds (0d 0h 4m 44s)

---------------  T H R E A D  ---------------

Current thread (0x00007fe769200800):  JavaThread "C2 CompilerThread1" daemon [_thread_in_native, id=39431, stack(0x000070000eafe000,0x000070000ebfe000)]


Current CompileTask:
C2: 284816 2682   !   4       java.io.ObjectOutputStream::writeArray (584 bytes)

Stack: [0x000070000eafe000,0x000070000ebfe000],  sp=0x000070000ebfa6e0,  free space=1009k
Native frames: (J=compiled Java code, A=aot compiled Java code, j=interpreted, Vv=VM code, C=native code)
V  [libjvm.dylib+0x1c2245]  _ZN8IndexSet6insertEj+0x19
V  [libjvm.dylib+0x388c82]  _ZN8PhaseIFG8SquareUpEv+0x4a
V  [libjvm.dylib+0x1bfaca]  _ZN12PhaseChaitin17Register_AllocateEv+0x6bc
V  [libjvm.dylib+0x22db43]  _ZN7Compile8Code_GenEv+0x211
V  [libjvm.dylib+0x22be24]  _ZN7CompileC2EP5ciEnvP10C2CompilerP8ciMethodibbbP12DirectiveSet+0x8d2
V  [libjvm.dylib+0x1abb30]  _ZN10C2Compiler14compile_methodEP5ciEnvP8ciMethodiP12DirectiveSet+0xb6
V  [libjvm.dylib+0x2386dc]  _ZN13CompileBroker25invoke_compiler_on_methodEP11CompileTask+0x578
V  [libjvm.dylib+0x237fef]  _ZN13CompileBroker20compiler_thread_loopEv+0x1ab
V  [libjvm.dylib+0x70dc88]  _ZN10JavaThread17thread_main_innerEv+0x82
V  [libjvm.dylib+0x70dacc]  _ZN10JavaThread3runEv+0x174
V  [libjvm.dylib+0x70b9ac]  _ZN6Thread8call_runEv+0x68
V  [libjvm.dylib+0x610a53]  _ZL19thread_native_entryP6Thread+0x139
C  [libsystem_pthread.dylib+0x3661]  _pthread_body+0x154
C  [libsystem_pthread.dylib+0x350d]  _pthread_body+0x0
C  [libsystem_pthread.dylib+0x2bf9]  thread_start+0xd


siginfo: si_signo: 11 (SIGSEGV), si_code: 1 (SEGV_MAPERR), si_addr: 0x00007fe7602ef300

Register to memory mapping:

RAX=0x00007fe7602ef258 is an unknown value
RBX=0x00000000000015fb is an unknown value
RCX=0x0000000000000015 is an unknown value
RDX=0x00000000000015f9 is an unknown value
RSP=0x000070000ebfa6e0 is pointing into the stack for thread: 0x00007fe769200800
RBP=0x000070000ebfa6f0 is pointing into the stack for thread: 0x00007fe769200800
RSI=0x00000000000015fb is an unknown value
RDI=0x000000011430dc50 points into unknown readable memory: 00 00 00 00 00 00 00 00
R8 =0x0000000105f47608: _ZN8IndexSet12_empty_blockE+0 in /Applications/IntelliJ IDEA.app/Contents/jbr/Contents/Home/lib/server/libjvm.dylib at 0x0000000105600000
R9 =0x0000000000000035 is an unknown value
R10=0x000070000ebfa5e0 is pointing into the stack for thread: 0x00007fe769200800
R11=0x000070000ebfa700 is pointing into the stack for thread: 0x00007fe769200800
R12=0x000070000ebfc088 is pointing into the stack for thread: 0x00007fe769200800
R13=0x000070000ebfa850 is pointing into the stack for thread: 0x00007fe769200800
R14=0x000000011430dc50 points into unknown readable memory: 00 00 00 00 00 00 00 00
R15=0x000070000ebfa700 is pointing into the stack for thread: 0x00007fe769200800


Registers:
RAX=0x00007fe7602ef258, RBX=0x00000000000015fb, RCX=0x0000000000000015, RDX=0x00000000000015f9
RSP=0x000070000ebfa6e0, RBP=0x000070000ebfa6f0, RSI=0x00000000000015fb, RDI=0x000000011430dc50
R8 =0x0000000105f47608, R9 =0x0000000000000035, R10=0x000070000ebfa5e0, R11=0x000070000ebfa700
R12=0x000070000ebfc088, R13=0x000070000ebfa850, R14=0x000000011430dc50, R15=0x000070000ebfa700
RIP=0x00000001057c2245, EFLAGS=0x0000000000010203, ERR=0x0000000000000004
  TRAPNO=0x000000000000000e

Top of Stack: (sp=0x000070000ebfa6e0)
0x000070000ebfa6e0:   00000000000015fb 000070000ebfa940
0x000070000ebfa6f0:   000070000ebfa750 0000000105988c82
0x000070000ebfa700:   000015fe00000000 0000000e00000008
0x000070000ebfa710:   00007fe767580de0 00007fe700000016
0x000070000ebfa720:   00007fe7682ef400 0000700000000035
0x000070000ebfa730:   000000011430dcf0 000070000ebfc170
0x000070000ebfa740:   000070000ebfa760 0000000000000000
0x000070000ebfa750:   000070000ebfa9e0 00000001057bfaca
0x000070000ebfa760:   000070000000000a 000070000ebfcf80
0x000070000ebfa770:   0000000112d49010 0000000000000000
0x000070000ebfa780:   0000000112d90010 00007fe7680f2010
0x000070000ebfa790:   00007fe7680f5b18 00007fe768488488
0x000070000ebfa7a0:   000070000ebfc268 000070000ebfc198
0x000070000ebfa7b0:   00000000000034d6 000070000ebfa820
0x000070000ebfa7c0:   000070000ebfa800 0000000105ed0000
0x000070000ebfa7d0:   0000000000000000 000070000ebfcf80
0x000070000ebfa7e0:   000070000ebfc000 000000000000324f
0x000070000ebfa7f0:   0000000105d92e07 0000000000000000
0x000070000ebfa800:   000070000ebfcf80 0000000000000000
0x000070000ebfa810:   0000000105d92e07 00000001056f3f00
0x000070000ebfa820:   0000700000000006 00007fe766d2cf70
0x000070000ebfa830:   00007fe768755800 00007fe76875cd38
0x000070000ebfa840:   00007fe76875d7e8 0000000000d94e88
0x000070000ebfa850:   0000000105ed0000 0000000000000000
0x000070000ebfa860:   000070000ebfcf80 000070000ebfc000
0x000070000ebfa870:   00007fe700000001 0000000105d92d9a
0x000070000ebfa880:   0000000000000000 000070000ebfcf80
0x000070000ebfa890:   0000000000000000 0000000105d92d9a
0x000070000ebfa8a0:   000070000ebfa800 0000000105b273cf
0x000070000ebfa8b0:   000070000ebfa8f0 00007fe766c58a40
0x000070000ebfa8c0:   00000000000038b0 00007fe7686d68c0
0x000070000ebfa8d0:   00007fe7694a5c68 00007fe766c7c870 

Instructions: (pc=0x00000001057c2245)
0x00000001057c2145:   00 00 41 83 f8 02 72 2e 4c 8b 4b 08 48 8b 52 08
0x00000001057c2155:   b9 01 00 00 00 49 8b 04 c9 48 8b 3c ca 48 39 f8
0x00000001057c2165:   74 0c f6 40 2e 10 74 0e f6 47 2e 10 74 08 48 ff
0x00000001057c2175:   c1 44 39 c1 72 df 44 39 c1 74 3d ff c6 89 75 d4
0x00000001057c2185:   41 8b 5e 28 ff cb 49 8b 46 20 4d 89 f7 4c 8b 34
0x00000001057c2195:   d8 49 8b 06 4c 89 f7 ff 50 20 4c 39 f0 74 04 41
0x00000001057c21a5:   2b 5f 48 8b 75 d4 4d 89 fe 39 de 48 8b 55 c8 0f
0x00000001057c21b5:   86 60 ff ff ff 48 89 d3 41 8b 45 28 49 89 1c c4
0x00000001057c21c5:   48 89 d8 48 83 c4 48 5b 41 5c 41 5d 41 5e 41 5f
0x00000001057c21d5:   5d c3 49 8d 7e 10 e8 04 72 43 00 48 8b 75 c8 4d
0x00000001057c21e5:   89 f7 41 ff 46 28 48 8b 45 c0 4c 8b 70 48 8b 5e
0x00000001057c21f5:   28 41 39 5e 68 77 0f 49 8d 7e 68 89 de e8 a3 72
0x00000001057c2205:   f7 ff 48 8b 75 c8 49 8b 46 78 4c 89 3c d8 48 8b
0x00000001057c2215:   4d b8 8b 11 8d 42 01 89 01 48 8b 7d c0 48 89 f3
0x00000001057c2225:   e9 c9 fd ff ff 90 90 55 48 89 e5 41 56 53 89 f3
0x00000001057c2235:   49 89 fe 85 db 74 50 49 8b 46 08 89 d9 c1 e9 08
0x00000001057c2245:   48 8b 04 c8 48 3b 05 b8 30 67 00 75 0a 4c 89 f7
0x00000001057c2255:   89 de e8 7e c9 1c 00 89 de c1 ee 05 83 e6 07 ba
0x00000001057c2265:   01 00 00 00 89 d9 d3 e2 80 e3 1f 8b 0c b0 89 cf
0x00000001057c2275:   09 d7 89 3c b0 0f b6 c3 0f a3 c1 72 03 41 ff 06
0x00000001057c2285:   85 d1 0f 94 c0 eb 02 31 c0 5b 41 5e 5d c3 90 55
0x00000001057c2295:   48 89 e5 41 57 41 56 53 50 49 89 fe 41 c7 06 00
0x00000001057c22a5:   00 00 00 41 8b 86 90 00 00 00 85 c0 74 2c 31 db
0x00000001057c22b5:   4c 8d 3d 4c 53 78 00 49 8b 4e 08 89 da 4c 39 3c
0x00000001057c22c5:   d1 74 11 4c 89 f7 89 de e8 7c c9 1c 00 41 8b 86
0x00000001057c22d5:   90 00 00 00 ff c3 39 c3 72 dd 48 83 c4 08 5b 41
0x00000001057c22e5:   5e 41 5f 5d c3 55 48 89 e5 48 83 ec 10 8b 76 28
0x00000001057c22f5:   48 8b 87 28 01 00 00 48 81 c7 10 01 00 00 48 63
0x00000001057c2305:   4a 28 8b 04 88 48 8d 55 f8 89 02 48 8d 4d fc c7
0x00000001057c2315:   01 00 00 00 00 e8 9d 0a 19 00 48 83 c4 10 5d c3
0x00000001057c2325:   90 55 48 89 e5 41 57 41 56 41 54 53 48 83 ec 10
0x00000001057c2335:   41 89 d7 49 89 f6 48 89 fb 45 31 e4 44 89 23 48 


Stack slot to memory mapping:
stack at sp + 0 slots: 0x00000000000015fb is an unknown value
stack at sp + 1 slots: 0x000070000ebfa940 is pointing into the stack for thread: 0x00007fe769200800
stack at sp + 2 slots: 0x000070000ebfa750 is pointing into the stack for thread: 0x00007fe769200800
stack at sp + 3 slots: 0x0000000105988c82: _ZN8PhaseIFG8SquareUpEv+0x4a in /Applications/IntelliJ IDEA.app/Contents/jbr/Contents/Home/lib/server/libjvm.dylib at 0x0000000105600000
stack at sp + 4 slots: 0x000015fe00000000 is an unknown value
stack at sp + 5 slots: 0x0000000e00000008 is an unknown value
stack at sp + 6 slots: 0x00007fe767580de0 points into unknown readable memory: 00 00 00 00 00 00 00 00
stack at sp + 7 slots: 0x00007fe700000016 is an unknown value


---------------  P R O C E S S  ---------------

Threads class SMR info:
_java_thread_list=0x00007fe766f9e9e0, length=19, elements={
0x00007fe76701d800, 0x00007fe767824800, 0x00007fe76805f000, 0x00007fe767066000,
0x00007fe767060800, 0x00007fe767061800, 0x00007fe76782d800, 0x00007fe769030800,
0x00007fe767843000, 0x00007fe76787f800, 0x00007fe76709e000, 0x00007fe76799d000,
0x00007fe76708e000, 0x00007fe76708f000, 0x00007fe7680e9000, 0x00007fe7680fa000,
0x00007fe768000800, 0x00007fe768157800, 0x00007fe769200800
}

Java Threads: ( => current thread )
  0x00007fe76701d800 JavaThread "main" [_thread_blocked, id=7171, stack(0x0000000106331000,0x0000000106431000)]
  0x00007fe767824800 JavaThread "Reference Handler" daemon [_thread_blocked, id=14083, stack(0x000070000dbd1000,0x000070000dcd1000)]
  0x00007fe76805f000 JavaThread "Finalizer" daemon [_thread_blocked, id=14339, stack(0x000070000dcd4000,0x000070000ddd4000)]
  0x00007fe767066000 JavaThread "Signal Dispatcher" daemon [_thread_blocked, id=16903, stack(0x000070000ddd7000,0x000070000ded7000)]
  0x00007fe767060800 JavaThread "C2 CompilerThread0" daemon [_thread_blocked, id=22531, stack(0x000070000deda000,0x000070000dfda000)]
  0x00007fe767061800 JavaThread "C1 CompilerThread0" daemon [_thread_blocked, id=43011, stack(0x000070000dfdd000,0x000070000e0dd000)]
  0x00007fe76782d800 JavaThread "Sweeper thread" daemon [_thread_blocked, id=23043, stack(0x000070000e0e0000,0x000070000e1e0000)]
  0x00007fe769030800 JavaThread "Service Thread" daemon [_thread_blocked, id=42243, stack(0x000070000e1e3000,0x000070000e2e3000)]
  0x00007fe767843000 JavaThread "Common-Cleaner" daemon [_thread_blocked, id=41731, stack(0x000070000e3e9000,0x000070000e4e9000)]
  0x00007fe76787f800 JavaThread "mysql-cj-abandoned-connection-cleanup" daemon [_thread_blocked, id=41475, stack(0x000070000e4ec000,0x000070000e5ec000)]
  0x00007fe76709e000 JavaThread "RMI TCP Accept-41604" daemon [_thread_in_native, id=25603, stack(0x000070000e5ef000,0x000070000e6ef000)]
  0x00007fe76799d000 JavaThread "RMI TCP Accept-0" daemon [_thread_in_native, id=26371, stack(0x000070000e6f2000,0x000070000e7f2000)]
  0x00007fe76708e000 JavaThread "RMI Reaper" [_thread_blocked, id=40707, stack(0x000070000e7f5000,0x000070000e8f5000)]
  0x00007fe76708f000 JavaThread "RMI GC Daemon" daemon [_thread_blocked, id=40195, stack(0x000070000e8f8000,0x000070000e9f8000)]
  0x00007fe7680e9000 JavaThread "RMI Scheduler(0)" daemon [_thread_blocked, id=28419, stack(0x000070000ed04000,0x000070000ee04000)]
  0x00007fe7680fa000 JavaThread "RMI RenewClean-[127.0.0.1:49227]" daemon [_thread_blocked, id=38147, stack(0x000070000ef0a000,0x000070000f00a000)]
  0x00007fe768000800 JavaThread "RMI TCP Connection(4)-127.0.0.1" daemon [_thread_in_native, id=14855, stack(0x000070000d4b9000,0x000070000d5b9000)]
  0x00007fe768157800 JavaThread "RMI TCP Connection(5)-127.0.0.1" daemon [_thread_in_native, id=39687, stack(0x000070000e9fb000,0x000070000eafb000)]
=>0x00007fe769200800 JavaThread "C2 CompilerThread1" daemon [_thread_in_native, id=39431, stack(0x000070000eafe000,0x000070000ebfe000)]

Other Threads:
  0x00007fe767804000 VMThread "VM Thread" [stack: 0x000070000dace000,0x000070000dbce000] [id=18435]
  0x00007fe768068000 WatcherThread [stack: 0x000070000e2e6000,0x000070000e3e6000] [id=23811]
  0x00007fe76780b000 GCTaskThread "GC Thread#0" [stack: 0x000070000d5bf000,0x000070000d6bf000] [id=12035]
  0x00007fe7671ca000 GCTaskThread "GC Thread#1" [stack: 0x000070000f00d000,0x000070000f10d000] [id=29699]
  0x00007fe7671d3000 GCTaskThread "GC Thread#2" [stack: 0x000070000f110000,0x000070000f210000] [id=37891]
  0x00007fe767115800 GCTaskThread "GC Thread#3" [stack: 0x000070000f213000,0x000070000f313000] [id=37379]
  0x00007fe76704c800 ConcurrentGCThread "G1 Main Marker" [stack: 0x000070000d6c2000,0x000070000d7c2000] [id=20227]
  0x00007fe769000000 ConcurrentGCThread "G1 Conc#0" [stack: 0x000070000d7c5000,0x000070000d8c5000] [id=19459]
  0x00007fe769149800 ConcurrentGCThread "G1 Conc#1" [stack: 0x000070000f51c000,0x000070000f61c000] [id=30723]
  0x00007fe76802f000 ConcurrentGCThread "G1 Refine#0" [stack: 0x000070000d8c8000,0x000070000d9c8000] [id=12547]
  0x00007fe76a067800 ConcurrentGCThread "G1 Refine#1" [stack: 0x000070000f316000,0x000070000f416000] [id=37123]
  0x00007fe76a000000 ConcurrentGCThread "G1 Young RemSet Sampling" [stack: 0x000070000d9cb000,0x000070000dacb000] [id=13059]

Threads with active compile tasks:
C2 CompilerThread1 284831 2682   !   4       java.io.ObjectOutputStream::writeArray (584 bytes)

VM state:not at safepoint (normal execution)

VM Mutex/Monitor currently owned by a thread: None

Heap address: 0x0000000780000000, size: 2048 MB, Compressed Oops mode: Zero based, Oop shift amount: 3
Narrow klass base: 0x0000000800000000, Narrow klass shift: 0
Compressed class space size: 1073741824 Address: 0x0000000800000000

Heap:
 garbage-first heap   total 131072K, used 31224K [0x0000000780000000, 0x0000000800000000)
  region size 1024K, 27 young (27648K), 3 survivors (3072K)
 Metaspace       used 21975K, capacity 22551K, committed 22704K, reserved 1069056K
  class space    used 2252K, capacity 2437K, committed 2560K, reserved 1048576K
Heap Regions: E=young(eden), S=young(survivor), O=old, HS=humongous(starts), HC=humongous(continues), CS=collection set, F=free, A=archive, TAMS=top-at-mark-start (previous, next)
|   0|0x0000000780000000, 0x0000000780100000, 0x0000000780100000|100%| O|  |TAMS 0x0000000780100000, 0x0000000780000000| Untracked 
|   1|0x0000000780100000, 0x0000000780200000, 0x0000000780200000|100%| O|  |TAMS 0x0000000780200000, 0x0000000780100000| Untracked 
|   2|0x0000000780200000, 0x0000000780300000, 0x0000000780300000|100%| O|  |TAMS 0x0000000780300000, 0x0000000780200000| Untracked 
|   3|0x0000000780300000, 0x0000000780400000, 0x0000000780400000|100%| O|  |TAMS 0x0000000780400000, 0x0000000780300000| Untracked 
|   4|0x0000000780400000, 0x0000000780500000, 0x0000000780500000|100%| O|  |TAMS 0x0000000780500000, 0x0000000780400000| Untracked 
|   5|0x0000000780500000, 0x000000078056e400, 0x0000000780600000| 43%| O|  |TAMS 0x000000078056e400, 0x0000000780500000| Untracked 
|   6|0x0000000780600000, 0x0000000780600000, 0x0000000780700000|  0%| F|  |TAMS 0x0000000780600000, 0x0000000780600000| Untracked 
|   7|0x0000000780700000, 0x0000000780700000, 0x0000000780800000|  0%| F|  |TAMS 0x0000000780700000, 0x0000000780700000| Untracked 
|   8|0x0000000780800000, 0x0000000780800000, 0x0000000780900000|  0%| F|  |TAMS 0x0000000780800000, 0x0000000780800000| Untracked 
|   9|0x0000000780900000, 0x0000000780900000, 0x0000000780a00000|  0%| F|  |TAMS 0x0000000780900000, 0x0000000780900000| Untracked 
|  10|0x0000000780a00000, 0x0000000780a00000, 0x0000000780b00000|  0%| F|  |TAMS 0x0000000780a00000, 0x0000000780a00000| Untracked 
|  11|0x0000000780b00000, 0x0000000780b00000, 0x0000000780c00000|  0%| F|  |TAMS 0x0000000780b00000, 0x0000000780b00000| Untracked 
|  12|0x0000000780c00000, 0x0000000780c00000, 0x0000000780d00000|  0%| F|  |TAMS 0x0000000780c00000, 0x0000000780c00000| Untracked 
|  13|0x0000000780d00000, 0x0000000780d00000, 0x0000000780e00000|  0%| F|  |TAMS 0x0000000780d00000, 0x0000000780d00000| Untracked 
|  14|0x0000000780e00000, 0x0000000780e00000, 0x0000000780f00000|  0%| F|  |TAMS 0x0000000780e00000, 0x0000000780e00000| Untracked 
|  15|0x0000000780f00000, 0x0000000780f00000, 0x0000000781000000|  0%| F|  |TAMS 0x0000000780f00000, 0x0000000780f00000| Untracked 
|  16|0x0000000781000000, 0x0000000781000000, 0x0000000781100000|  0%| F|  |TAMS 0x0000000781000000, 0x0000000781000000| Untracked 
|  17|0x0000000781100000, 0x0000000781100000, 0x0000000781200000|  0%| F|  |TAMS 0x0000000781100000, 0x0000000781100000| Untracked 
|  18|0x0000000781200000, 0x0000000781200000, 0x0000000781300000|  0%| F|  |TAMS 0x0000000781200000, 0x0000000781200000| Untracked 
|  19|0x0000000781300000, 0x0000000781300000, 0x0000000781400000|  0%| F|  |TAMS 0x0000000781300000, 0x0000000781300000| Untracked 
|  20|0x0000000781400000, 0x0000000781400000, 0x0000000781500000|  0%| F|  |TAMS 0x0000000781400000, 0x0000000781400000| Untracked 
|  21|0x0000000781500000, 0x0000000781500000, 0x0000000781600000|  0%| F|  |TAMS 0x0000000781500000, 0x0000000781500000| Untracked 
|  22|0x0000000781600000, 0x0000000781600000, 0x0000000781700000|  0%| F|  |TAMS 0x0000000781600000, 0x0000000781600000| Untracked 
|  23|0x0000000781700000, 0x0000000781700000, 0x0000000781800000|  0%| F|  |TAMS 0x0000000781700000, 0x0000000781700000| Untracked 
|  24|0x0000000781800000, 0x0000000781800000, 0x0000000781900000|  0%| F|  |TAMS 0x0000000781800000, 0x0000000781800000| Untracked 
|  25|0x0000000781900000, 0x0000000781900000, 0x0000000781a00000|  0%| F|  |TAMS 0x0000000781900000, 0x0000000781900000| Untracked 
|  26|0x0000000781a00000, 0x0000000781a00000, 0x0000000781b00000|  0%| F|  |TAMS 0x0000000781a00000, 0x0000000781a00000| Untracked 
|  27|0x0000000781b00000, 0x0000000781b00000, 0x0000000781c00000|  0%| F|  |TAMS 0x0000000781b00000, 0x0000000781b00000| Untracked 
|  28|0x0000000781c00000, 0x0000000781c00000, 0x0000000781d00000|  0%| F|  |TAMS 0x0000000781c00000, 0x0000000781c00000| Untracked 
|  29|0x0000000781d00000, 0x0000000781d00000, 0x0000000781e00000|  0%| F|  |TAMS 0x0000000781d00000, 0x0000000781d00000| Untracked 
|  30|0x0000000781e00000, 0x0000000781e00000, 0x0000000781f00000|  0%| F|  |TAMS 0x0000000781e00000, 0x0000000781e00000| Untracked 
|  31|0x0000000781f00000, 0x0000000781f00000, 0x0000000782000000|  0%| F|  |TAMS 0x0000000781f00000, 0x0000000781f00000| Untracked 
|  32|0x0000000782000000, 0x0000000782000000, 0x0000000782100000|  0%| F|  |TAMS 0x0000000782000000, 0x0000000782000000| Untracked 
|  33|0x0000000782100000, 0x0000000782100000, 0x0000000782200000|  0%| F|  |TAMS 0x0000000782100000, 0x0000000782100000| Untracked 
|  34|0x0000000782200000, 0x0000000782200000, 0x0000000782300000|  0%| F|  |TAMS 0x0000000782200000, 0x0000000782200000| Untracked 
|  35|0x0000000782300000, 0x0000000782300000, 0x0000000782400000|  0%| F|  |TAMS 0x0000000782300000, 0x0000000782300000| Untracked 
|  36|0x0000000782400000, 0x0000000782400000, 0x0000000782500000|  0%| F|  |TAMS 0x0000000782400000, 0x0000000782400000| Untracked 
|  37|0x0000000782500000, 0x0000000782500000, 0x0000000782600000|  0%| F|  |TAMS 0x0000000782500000, 0x0000000782500000| Untracked 
|  38|0x0000000782600000, 0x0000000782600000, 0x0000000782700000|  0%| F|  |TAMS 0x0000000782600000, 0x0000000782600000| Untracked 
|  39|0x0000000782700000, 0x0000000782700000, 0x0000000782800000|  0%| F|  |TAMS 0x0000000782700000, 0x0000000782700000| Untracked 
|  40|0x0000000782800000, 0x0000000782800000, 0x0000000782900000|  0%| F|  |TAMS 0x0000000782800000, 0x0000000782800000| Untracked 
|  41|0x0000000782900000, 0x0000000782900000, 0x0000000782a00000|  0%| F|  |TAMS 0x0000000782900000, 0x0000000782900000| Untracked 
|  42|0x0000000782a00000, 0x0000000782a00000, 0x0000000782b00000|  0%| F|  |TAMS 0x0000000782a00000, 0x0000000782a00000| Untracked 
|  43|0x0000000782b00000, 0x0000000782b00000, 0x0000000782c00000|  0%| F|  |TAMS 0x0000000782b00000, 0x0000000782b00000| Untracked 
|  44|0x0000000782c00000, 0x0000000782c00000, 0x0000000782d00000|  0%| F|  |TAMS 0x0000000782c00000, 0x0000000782c00000| Untracked 
|  45|0x0000000782d00000, 0x0000000782d00000, 0x0000000782e00000|  0%| F|  |TAMS 0x0000000782d00000, 0x0000000782d00000| Untracked 
|  46|0x0000000782e00000, 0x0000000782e00000, 0x0000000782f00000|  0%| F|  |TAMS 0x0000000782e00000, 0x0000000782e00000| Untracked 
|  47|0x0000000782f00000, 0x0000000782f00000, 0x0000000783000000|  0%| F|  |TAMS 0x0000000782f00000, 0x0000000782f00000| Untracked 
|  48|0x0000000783000000, 0x0000000783000000, 0x0000000783100000|  0%| F|  |TAMS 0x0000000783000000, 0x0000000783000000| Untracked 
|  49|0x0000000783100000, 0x0000000783100000, 0x0000000783200000|  0%| F|  |TAMS 0x0000000783100000, 0x0000000783100000| Untracked 
|  50|0x0000000783200000, 0x0000000783200000, 0x0000000783300000|  0%| F|  |TAMS 0x0000000783200000, 0x0000000783200000| Untracked 
|  51|0x0000000783300000, 0x0000000783300000, 0x0000000783400000|  0%| F|  |TAMS 0x0000000783300000, 0x0000000783300000| Untracked 
|  52|0x0000000783400000, 0x0000000783400000, 0x0000000783500000|  0%| F|  |TAMS 0x0000000783400000, 0x0000000783400000| Untracked 
|  53|0x0000000783500000, 0x0000000783500000, 0x0000000783600000|  0%| F|  |TAMS 0x0000000783500000, 0x0000000783500000| Untracked 
|  54|0x0000000783600000, 0x0000000783600000, 0x0000000783700000|  0%| F|  |TAMS 0x0000000783600000, 0x0000000783600000| Untracked 
|  55|0x0000000783700000, 0x0000000783700000, 0x0000000783800000|  0%| F|  |TAMS 0x0000000783700000, 0x0000000783700000| Untracked 
|  56|0x0000000783800000, 0x0000000783800000, 0x0000000783900000|  0%| F|  |TAMS 0x0000000783800000, 0x0000000783800000| Untracked 
|  57|0x0000000783900000, 0x0000000783900000, 0x0000000783a00000|  0%| F|  |TAMS 0x0000000783900000, 0x0000000783900000| Untracked 
|  58|0x0000000783a00000, 0x0000000783a00000, 0x0000000783b00000|  0%| F|  |TAMS 0x0000000783a00000, 0x0000000783a00000| Untracked 
|  59|0x0000000783b00000, 0x0000000783b00000, 0x0000000783c00000|  0%| F|  |TAMS 0x0000000783b00000, 0x0000000783b00000| Untracked 
|  60|0x0000000783c00000, 0x0000000783c00000, 0x0000000783d00000|  0%| F|  |TAMS 0x0000000783c00000, 0x0000000783c00000| Untracked 
|  61|0x0000000783d00000, 0x0000000783d00000, 0x0000000783e00000|  0%| F|  |TAMS 0x0000000783d00000, 0x0000000783d00000| Untracked 
|  62|0x0000000783e00000, 0x0000000783e00000, 0x0000000783f00000|  0%| F|  |TAMS 0x0000000783e00000, 0x0000000783e00000| Untracked 
|  63|0x0000000783f00000, 0x0000000783f00000, 0x0000000784000000|  0%| F|  |TAMS 0x0000000783f00000, 0x0000000783f00000| Untracked 
|  64|0x0000000784000000, 0x0000000784000000, 0x0000000784100000|  0%| F|  |TAMS 0x0000000784000000, 0x0000000784000000| Untracked 
|  65|0x0000000784100000, 0x0000000784100000, 0x0000000784200000|  0%| F|  |TAMS 0x0000000784100000, 0x0000000784100000| Untracked 
|  66|0x0000000784200000, 0x0000000784200000, 0x0000000784300000|  0%| F|  |TAMS 0x0000000784200000, 0x0000000784200000| Untracked 
|  67|0x0000000784300000, 0x0000000784300000, 0x0000000784400000|  0%| F|  |TAMS 0x0000000784300000, 0x0000000784300000| Untracked 
|  68|0x0000000784400000, 0x0000000784400000, 0x0000000784500000|  0%| F|  |TAMS 0x0000000784400000, 0x0000000784400000| Untracked 
|  69|0x0000000784500000, 0x0000000784500000, 0x0000000784600000|  0%| F|  |TAMS 0x0000000784500000, 0x0000000784500000| Untracked 
|  70|0x0000000784600000, 0x0000000784600000, 0x0000000784700000|  0%| F|  |TAMS 0x0000000784600000, 0x0000000784600000| Untracked 
|  71|0x0000000784700000, 0x0000000784700000, 0x0000000784800000|  0%| F|  |TAMS 0x0000000784700000, 0x0000000784700000| Untracked 
|  72|0x0000000784800000, 0x0000000784800000, 0x0000000784900000|  0%| F|  |TAMS 0x0000000784800000, 0x0000000784800000| Untracked 
|  73|0x0000000784900000, 0x0000000784900000, 0x0000000784a00000|  0%| F|  |TAMS 0x0000000784900000, 0x0000000784900000| Untracked 
|  74|0x0000000784a00000, 0x0000000784a00000, 0x0000000784b00000|  0%| F|  |TAMS 0x0000000784a00000, 0x0000000784a00000| Untracked 
|  75|0x0000000784b00000, 0x0000000784b00000, 0x0000000784c00000|  0%| F|  |TAMS 0x0000000784b00000, 0x0000000784b00000| Untracked 
|  76|0x0000000784c00000, 0x0000000784c00000, 0x0000000784d00000|  0%| F|  |TAMS 0x0000000784c00000, 0x0000000784c00000| Untracked 
|  77|0x0000000784d00000, 0x0000000784d00000, 0x0000000784e00000|  0%| F|  |TAMS 0x0000000784d00000, 0x0000000784d00000| Untracked 
|  78|0x0000000784e00000, 0x0000000784e00000, 0x0000000784f00000|  0%| F|  |TAMS 0x0000000784e00000, 0x0000000784e00000| Untracked 
|  79|0x0000000784f00000, 0x0000000784f00000, 0x0000000785000000|  0%| F|  |TAMS 0x0000000784f00000, 0x0000000784f00000| Untracked 
|  80|0x0000000785000000, 0x0000000785000000, 0x0000000785100000|  0%| F|  |TAMS 0x0000000785000000, 0x0000000785000000| Untracked 
|  81|0x0000000785100000, 0x0000000785100000, 0x0000000785200000|  0%| F|  |TAMS 0x0000000785100000, 0x0000000785100000| Untracked 
|  82|0x0000000785200000, 0x0000000785200000, 0x0000000785300000|  0%| F|  |TAMS 0x0000000785200000, 0x0000000785200000| Untracked 
|  83|0x0000000785300000, 0x0000000785300000, 0x0000000785400000|  0%| F|  |TAMS 0x0000000785300000, 0x0000000785300000| Untracked 
|  84|0x0000000785400000, 0x0000000785400000, 0x0000000785500000|  0%| F|  |TAMS 0x0000000785400000, 0x0000000785400000| Untracked 
|  85|0x0000000785500000, 0x0000000785500000, 0x0000000785600000|  0%| F|  |TAMS 0x0000000785500000, 0x0000000785500000| Untracked 
|  86|0x0000000785600000, 0x0000000785600000, 0x0000000785700000|  0%| F|  |TAMS 0x0000000785600000, 0x0000000785600000| Untracked 
|  87|0x0000000785700000, 0x0000000785700000, 0x0000000785800000|  0%| F|  |TAMS 0x0000000785700000, 0x0000000785700000| Untracked 
|  88|0x0000000785800000, 0x0000000785800000, 0x0000000785900000|  0%| F|  |TAMS 0x0000000785800000, 0x0000000785800000| Untracked 
|  89|0x0000000785900000, 0x0000000785900000, 0x0000000785a00000|  0%| F|  |TAMS 0x0000000785900000, 0x0000000785900000| Untracked 
|  90|0x0000000785a00000, 0x0000000785a00000, 0x0000000785b00000|  0%| F|  |TAMS 0x0000000785a00000, 0x0000000785a00000| Untracked 
|  91|0x0000000785b00000, 0x0000000785b00000, 0x0000000785c00000|  0%| F|  |TAMS 0x0000000785b00000, 0x0000000785b00000| Untracked 
|  92|0x0000000785c00000, 0x0000000785c00000, 0x0000000785d00000|  0%| F|  |TAMS 0x0000000785c00000, 0x0000000785c00000| Untracked 
|  93|0x0000000785d00000, 0x0000000785d00000, 0x0000000785e00000|  0%| F|  |TAMS 0x0000000785d00000, 0x0000000785d00000| Untracked 
|  94|0x0000000785e00000, 0x0000000785e00000, 0x0000000785f00000|  0%| F|  |TAMS 0x0000000785e00000, 0x0000000785e00000| Untracked 
|  95|0x0000000785f00000, 0x0000000785f00000, 0x0000000786000000|  0%| F|  |TAMS 0x0000000785f00000, 0x0000000785f00000| Untracked 
|  96|0x0000000786000000, 0x0000000786000000, 0x0000000786100000|  0%| F|  |TAMS 0x0000000786000000, 0x0000000786000000| Untracked 
|  97|0x0000000786100000, 0x0000000786100000, 0x0000000786200000|  0%| F|  |TAMS 0x0000000786100000, 0x0000000786100000| Untracked 
|  98|0x0000000786200000, 0x0000000786200000, 0x0000000786300000|  0%| F|  |TAMS 0x0000000786200000, 0x0000000786200000| Untracked 
|  99|0x0000000786300000, 0x0000000786300000, 0x0000000786400000|  0%| F|  |TAMS 0x0000000786300000, 0x0000000786300000| Untracked 
| 100|0x0000000786400000, 0x0000000786400000, 0x0000000786500000|  0%| F|  |TAMS 0x0000000786400000, 0x0000000786400000| Untracked 
| 101|0x0000000786500000, 0x0000000786600000, 0x0000000786600000|100%| E|  |TAMS 0x0000000786500000, 0x0000000786500000| Complete 
| 102|0x0000000786600000, 0x0000000786700000, 0x0000000786700000|100%| E|CS|TAMS 0x0000000786600000, 0x0000000786600000| Complete 
| 103|0x0000000786700000, 0x0000000786800000, 0x0000000786800000|100%| E|CS|TAMS 0x0000000786700000, 0x0000000786700000| Complete 
| 104|0x0000000786800000, 0x0000000786900000, 0x0000000786900000|100%| E|CS|TAMS 0x0000000786800000, 0x0000000786800000| Complete 
| 105|0x0000000786900000, 0x0000000786a00000, 0x0000000786a00000|100%| E|CS|TAMS 0x0000000786900000, 0x0000000786900000| Complete 
| 106|0x0000000786a00000, 0x0000000786b00000, 0x0000000786b00000|100%| E|CS|TAMS 0x0000000786a00000, 0x0000000786a00000| Complete 
| 107|0x0000000786b00000, 0x0000000786c00000, 0x0000000786c00000|100%| E|CS|TAMS 0x0000000786b00000, 0x0000000786b00000| Complete 
| 108|0x0000000786c00000, 0x0000000786d00000, 0x0000000786d00000|100%| E|CS|TAMS 0x0000000786c00000, 0x0000000786c00000| Complete 
| 109|0x0000000786d00000, 0x0000000786e00000, 0x0000000786e00000|100%| E|CS|TAMS 0x0000000786d00000, 0x0000000786d00000| Complete 
| 110|0x0000000786e00000, 0x0000000786f00000, 0x0000000786f00000|100%| E|CS|TAMS 0x0000000786e00000, 0x0000000786e00000| Complete 
| 111|0x0000000786f00000, 0x0000000787000000, 0x0000000787000000|100%| E|CS|TAMS 0x0000000786f00000, 0x0000000786f00000| Complete 
| 112|0x0000000787000000, 0x0000000787100000, 0x0000000787100000|100%| E|CS|TAMS 0x0000000787000000, 0x0000000787000000| Complete 
| 113|0x0000000787100000, 0x0000000787200000, 0x0000000787200000|100%| E|CS|TAMS 0x0000000787100000, 0x0000000787100000| Complete 
| 114|0x0000000787200000, 0x0000000787300000, 0x0000000787300000|100%| E|CS|TAMS 0x0000000787200000, 0x0000000787200000| Complete 
| 115|0x0000000787300000, 0x0000000787400000, 0x0000000787400000|100%| E|CS|TAMS 0x0000000787300000, 0x0000000787300000| Complete 
| 116|0x0000000787400000, 0x0000000787500000, 0x0000000787500000|100%| E|CS|TAMS 0x0000000787400000, 0x0000000787400000| Complete 
| 117|0x0000000787500000, 0x0000000787600000, 0x0000000787600000|100%| E|CS|TAMS 0x0000000787500000, 0x0000000787500000| Complete 
| 118|0x0000000787600000, 0x0000000787700000, 0x0000000787700000|100%| E|CS|TAMS 0x0000000787600000, 0x0000000787600000| Complete 
| 119|0x0000000787700000, 0x000000078770ffd8, 0x0000000787800000|  6%| S|CS|TAMS 0x0000000787700000, 0x0000000787700000| Complete 
| 120|0x0000000787800000, 0x0000000787900000, 0x0000000787900000|100%| S|CS|TAMS 0x0000000787800000, 0x0000000787800000| Complete 
| 121|0x0000000787900000, 0x0000000787a00000, 0x0000000787a00000|100%| S|CS|TAMS 0x0000000787900000, 0x0000000787900000| Complete 
| 122|0x0000000787a00000, 0x0000000787b00000, 0x0000000787b00000|100%| E|CS|TAMS 0x0000000787a00000, 0x0000000787a00000| Complete 
| 123|0x0000000787b00000, 0x0000000787c00000, 0x0000000787c00000|100%| E|CS|TAMS 0x0000000787b00000, 0x0000000787b00000| Complete 
| 124|0x0000000787c00000, 0x0000000787d00000, 0x0000000787d00000|100%| E|CS|TAMS 0x0000000787c00000, 0x0000000787c00000| Complete 
| 125|0x0000000787d00000, 0x0000000787e00000, 0x0000000787e00000|100%| E|CS|TAMS 0x0000000787d00000, 0x0000000787d00000| Complete 
| 126|0x0000000787e00000, 0x0000000787f00000, 0x0000000787f00000|100%| E|CS|TAMS 0x0000000787e00000, 0x0000000787e00000| Complete 
| 127|0x0000000787f00000, 0x0000000788000000, 0x0000000788000000|100%| E|CS|TAMS 0x0000000787f00000, 0x0000000787f00000| Complete 

Card table byte_map: [0x000000010ada5000,0x000000010b1a5000] _byte_map_base: 0x00000001071a5000

Marking Bits (Prev, Next): (CMBitMap*) 0x00007fe767043a50, (CMBitMap*) 0x00007fe767043a18
 Prev Bits: [0x000000010d5a5000, 0x000000010f5a5000)
 Next Bits: [0x000000010b5a5000, 0x000000010d5a5000)

Polling page: 0x000000010458c000

Metaspace:

Usage:
  Non-class:     19.64 MB capacity,    19.26 MB ( 98%) used,   335.66 KB (  2%) free+waste,    54.69 KB ( <1%) overhead. 
      Class:      2.38 MB capacity,     2.20 MB ( 92%) used,   159.85 KB (  7%) free+waste,    24.94 KB (  1%) overhead. 
       Both:     22.02 MB capacity,    21.46 MB ( 97%) used,   495.52 KB (  2%) free+waste,    79.62 KB ( <1%) overhead. 

Virtual space:
  Non-class space:       20.00 MB reserved,      19.67 MB ( 98%) committed 
      Class space:        1.00 GB reserved,       2.50 MB ( <1%) committed 
             Both:        1.02 GB reserved,      22.17 MB (  2%) committed 

Chunk freelists:
   Non-Class:  26.00 KB
       Class:  0 bytes
        Both:  26.00 KB

MaxMetaspaceSize: unlimited
CompressedClassSpaceSize: 1.00 GB

CodeHeap 'non-profiled nmethods': size=120032Kb used=1099Kb max_used=1099Kb free=118933Kb
 bounds [0x000005e11ef7d000, 0x000005e11f1ed000, 0x000005e1264b5000]
CodeHeap 'profiled nmethods': size=120028Kb used=5787Kb max_used=5787Kb free=114240Kb
 bounds [0x000005e117a46000, 0x000005e117ff6000, 0x000005e11ef7d000]
CodeHeap 'non-nmethods': size=5700Kb used=1172Kb max_used=1199Kb free=4527Kb
 bounds [0x000005e1174b5000, 0x000005e117725000, 0x000005e117a46000]
 total_blobs=3193 nmethods=2688 adapters=417
 compilation: enabled
              stopped_count=0, restarted_count=0
 full_count=0

Compilation events (20 events):
Event: 284.420 Thread 0x00007fe769200800 2678       4       com.mysql.cj.protocol.AbstractSocketConnection::getMysqlInput (25 bytes)
Event: 284.420 Thread 0x00007fe769200800 nmethod 2678 0x000005e11f08b710 code [0x000005e11f08b8a0, 0x000005e11f08b918]
Event: 284.420 Thread 0x00007fe767060800 nmethod 2677 0x000005e11f08b990 code [0x000005e11f08bb40, 0x000005e11f08bd58]
Event: 284.420 Thread 0x00007fe769200800 2679       4       java.nio.HeapByteBuffer::get (59 bytes)
Event: 284.421 Thread 0x00007fe767060800 2680   !   4       sun.security.ssl.SSLSocketImpl$AppInputStream::read (645 bytes)
Event: 284.423 Thread 0x00007fe769200800 nmethod 2679 0x000005e11f08be10 code [0x000005e11f08bfa0, 0x000005e11f08c178]
Event: 284.423 Thread 0x00007fe769200800 2681       4       java.util.concurrent.locks.ReentrantLock$NonfairSync::tryAcquire (6 bytes)
Event: 284.423 Thread 0x00007fe767061800 2683       3       java.util.ArrayList::writeObject (60 bytes)
Event: 284.424 Thread 0x00007fe767061800 nmethod 2683 0x000005e117feaf90 code [0x000005e117feb1a0, 0x000005e117feb6d8]
Event: 284.425 Thread 0x00007fe769200800 nmethod 2681 0x000005e11f08c390 code [0x000005e11f08c540, 0x000005e11f08c758]
Event: 284.425 Thread 0x00007fe769200800 2682   !   4       java.io.ObjectOutputStream::writeArray (584 bytes)
Event: 284.437 Thread 0x00007fe767061800 2686       3       java.util.Vector$1::hasMoreElements (20 bytes)
Event: 284.437 Thread 0x00007fe767061800 nmethod 2686 0x000005e117feb990 code [0x000005e117febb40, 0x000005e117febcb8]
Event: 284.437 Thread 0x00007fe767061800 2687       3       java.util.concurrent.ConcurrentHashMap$BaseIterator::<init> (21 bytes)
Event: 284.438 Thread 0x00007fe767061800 nmethod 2687 0x000005e117febd90 code [0x000005e117febf60, 0x000005e117fec138]
Event: 284.438 Thread 0x00007fe767061800 2688       3       java.util.concurrent.ConcurrentHashMap$Traverser::<init> (36 bytes)
Event: 284.438 Thread 0x00007fe767061800 nmethod 2688 0x000005e117fec210 code [0x000005e117fec3c0, 0x000005e117fec5b8]
Event: 284.438 Thread 0x00007fe767061800 2689       3       java.util.ArrayList::<init> (63 bytes)
Event: 284.439 Thread 0x00007fe767061800 nmethod 2689 0x000005e117fec690 code [0x000005e117fec8a0, 0x000005e117fece18]
Event: 284.455 Thread 0x00007fe767060800 nmethod 2680 0x000005e11f08cc10 code [0x000005e11f08cf00, 0x000005e11f08e9f8]

GC Heap History (6 events):
Event: 0.807 GC heap before
{Heap before GC invocations=0 (full 0):
 garbage-first heap   total 131072K, used 23552K [0x0000000780000000, 0x0000000800000000)
  region size 1024K, 24 young (24576K), 0 survivors (0K)
 Metaspace       used 15339K, capacity 15810K, committed 15872K, reserved 1062912K
  class space    used 1574K, capacity 1772K, committed 1792K, reserved 1048576K
}
Event: 0.813 GC heap after
{Heap after GC invocations=1 (full 0):
 garbage-first heap   total 131072K, used 5451K [0x0000000780000000, 0x0000000800000000)
  region size 1024K, 3 young (3072K), 3 survivors (3072K)
 Metaspace       used 15339K, capacity 15810K, committed 15872K, reserved 1062912K
  class space    used 1574K, capacity 1772K, committed 1792K, reserved 1048576K
}
Event: 1.154 GC heap before
{Heap before GC invocations=1 (full 0):
 garbage-first heap   total 131072K, used 16715K [0x0000000780000000, 0x0000000800000000)
  region size 1024K, 14 young (14336K), 3 survivors (3072K)
 Metaspace       used 20274K, capacity 20801K, committed 21120K, reserved 1069056K
  class space    used 2144K, capacity 2344K, committed 2432K, reserved 1048576K
}
Event: 1.159 GC heap after
{Heap after GC invocations=2 (full 0):
 garbage-first heap   total 131072K, used 7279K [0x0000000780000000, 0x0000000800000000)
  region size 1024K, 2 young (2048K), 2 survivors (2048K)
 Metaspace       used 20274K, capacity 20801K, committed 21120K, reserved 1069056K
  class space    used 2144K, capacity 2344K, committed 2432K, reserved 1048576K
}
Event: 1.382 GC heap before
{Heap before GC invocations=2 (full 0):
 garbage-first heap   total 131072K, used 12399K [0x0000000780000000, 0x0000000800000000)
  region size 1024K, 8 young (8192K), 2 survivors (2048K)
 Metaspace       used 20673K, capacity 21145K, committed 21296K, reserved 1069056K
  class space    used 2159K, capacity 2347K, committed 2432K, reserved 1048576K
}
Event: 1.385 GC heap after
{Heap after GC invocations=3 (full 0):
 garbage-first heap   total 131072K, used 7672K [0x0000000780000000, 0x0000000800000000)
  region size 1024K, 3 young (3072K), 3 survivors (3072K)
 Metaspace       used 20673K, capacity 21145K, committed 21296K, reserved 1069056K
  class space    used 2159K, capacity 2347K, committed 2432K, reserved 1048576K
}

Deoptimization events (20 events):
Event: 284.158 Thread 0x00007fe768157800 DEOPT PACKING pc=0x000005e11efd563c sp=0x000070000eaf6970
Event: 284.158 Thread 0x00007fe768157800 DEOPT UNPACKING pc=0x000005e1174dd12d sp=0x000070000eaf6908 mode 2
Event: 284.160 Thread 0x00007fe768157800 Uncommon trap: trap_request=0xffffffde fr.pc=0x000005e11f05a704 relative=0x0000000000000244
Event: 284.160 Thread 0x00007fe768157800 Uncommon trap: reason=class_check action=maybe_recompile pc=0x000005e11f05a704 method=java.nio.charset.Charset.lookup(Ljava/lang/String;)Ljava/nio/charset/Charset; @ 35 c2
Event: 284.160 Thread 0x00007fe768157800 DEOPT PACKING pc=0x000005e11f05a704 sp=0x000070000eaf6720
Event: 284.160 Thread 0x00007fe768157800 DEOPT UNPACKING pc=0x000005e1174dd12d sp=0x000070000eaf66e0 mode 2
Event: 284.160 Thread 0x00007fe768157800 Uncommon trap: trap_request=0xffffffde fr.pc=0x000005e11f05a704 relative=0x0000000000000244
Event: 284.160 Thread 0x00007fe768157800 Uncommon trap: reason=class_check action=maybe_recompile pc=0x000005e11f05a704 method=java.nio.charset.Charset.lookup(Ljava/lang/String;)Ljava/nio/charset/Charset; @ 35 c2
Event: 284.160 Thread 0x00007fe768157800 DEOPT PACKING pc=0x000005e11f05a704 sp=0x000070000eaf67b0
Event: 284.160 Thread 0x00007fe768157800 DEOPT UNPACKING pc=0x000005e1174dd12d sp=0x000070000eaf6770 mode 2
Event: 284.160 Thread 0x00007fe768157800 Uncommon trap: trap_request=0xffffffde fr.pc=0x000005e11f05a704 relative=0x0000000000000244
Event: 284.160 Thread 0x00007fe768157800 Uncommon trap: reason=class_check action=maybe_recompile pc=0x000005e11f05a704 method=java.nio.charset.Charset.lookup(Ljava/lang/String;)Ljava/nio/charset/Charset; @ 35 c2
Event: 284.160 Thread 0x00007fe768157800 DEOPT PACKING pc=0x000005e11f05a704 sp=0x000070000eaf67b0
Event: 284.160 Thread 0x00007fe768157800 DEOPT UNPACKING pc=0x000005e1174dd12d sp=0x000070000eaf6770 mode 2
Event: 284.160 Thread 0x00007fe768157800 Uncommon trap: trap_request=0xffffffde fr.pc=0x000005e11f05a704 relative=0x0000000000000244
Event: 284.160 Thread 0x00007fe768157800 Uncommon trap: reason=class_check action=maybe_recompile pc=0x000005e11f05a704 method=java.nio.charset.Charset.lookup(Ljava/lang/String;)Ljava/nio/charset/Charset; @ 35 c2
Event: 284.160 Thread 0x00007fe768157800 DEOPT PACKING pc=0x000005e11f05a704 sp=0x000070000eaf6830
Event: 284.160 Thread 0x00007fe768157800 DEOPT UNPACKING pc=0x000005e1174dd12d sp=0x000070000eaf67f0 mode 2
Event: 284.186 Thread 0x00007fe768157800 DEOPT PACKING pc=0x000005e117d02be9 sp=0x000070000eaf5ad0
Event: 284.186 Thread 0x00007fe768157800 DEOPT UNPACKING pc=0x000005e1174dcf42 sp=0x000070000eaf4fa8 mode 0

Classes redefined (0 events):
No events

Internal exceptions (20 events):
Event: 0.433 Thread 0x00007fe76a808000 Exception <a 'java/lang/NoSuchMethodError'{0x0000000787716f58}: 'java.lang.Object java.lang.invoke.DirectMethodHandle$Holder.invokeStatic(java.lang.Object, java.lang.Object, java.lang.Object, java.lang.Object, java.lang.Object, java.lang.Object, java.lang.Object, java.lang.Object, int, int, java.lang.Object, java.lang.Object)'> (0x0000000787716f58) thrown at [./src/hotspot/share/interpreter/linkResolver.cpp, line 773]
Event: 0.443 Thread 0x00007fe76a808000 Exception <a 'java/lang/NoSuchMethodError'{0x000000078774e3b8}: <clinit>> (0x000000078774e3b8) thrown at [./src/hotspot/share/prims/jni.cpp, line 1362]
Event: 0.446 Thread 0x00007fe7680fa000 Exception <a 'java/lang/InterruptedException'{0x00000007877f6498}> (0x00000007877f6498) thrown at [./src/hotspot/share/runtime/objectMonitor.cpp, line 1635]
Event: 0.447 Thread 0x00007fe7680fa000 Exception <a 'java/lang/NoSuchMethodError'{0x00000007877fe2d0}: 'java.lang.Object java.lang.invoke.DirectMethodHandle$Holder.invokeStatic(java.lang.Object, java.lang.Object, int, java.lang.Object, long)'> (0x00000007877fe2d0) thrown at [./src/hotspot/share/interpreter/linkResolver.cpp, line 773]
Event: 0.505 Thread 0x00007fe76a01b000 Exception <a 'java/lang/NoSuchMethodError'{0x00000007875a28c0}: 'int java.lang.invoke.DirectMethodHandle$Holder.invokeSpecialIFC(java.lang.Object, java.lang.Object, int)'> (0x00000007875a28c0) thrown at [./src/hotspot/share/interpreter/linkResolver.cpp, line 773]
Event: 0.569 Thread 0x00007fe76a01b000 Exception <a 'java/lang/NoSuchMethodError'{0x000000078749cb50}: 'java.lang.Object java.lang.invoke.DirectMethodHandle$Holder.invokeVirtual(java.lang.Object, java.lang.Object, java.lang.Object)'> (0x000000078749cb50) thrown at [./src/hotspot/share/interpreter/linkResolver.cpp, line 773]
Event: 0.669 Thread 0x00007fe76a01b000 Exception <a 'java/lang/NoSuchMethodError'{0x00000007870fe000}: 'void java.lang.invoke.DirectMethodHandle$Holder.invokeStaticInit(java.lang.Object, java.lang.Object)'> (0x00000007870fe000) thrown at [./src/hotspot/share/interpreter/linkResolver.cpp, line 773]
Event: 0.857 Thread 0x00007fe76a01b000 Exception <a 'java/lang/NoSuchMethodError'{0x0000000787ed7658}: 'int java.lang.invoke.DirectMethodHandle$Holder.invokeStaticInit(java.lang.Object, java.lang.Object, java.lang.Object, java.lang.Object)'> (0x0000000787ed7658) thrown at [./src/hotspot/share/interpreter/linkResolver.cpp, line 773]
Event: 0.858 Thread 0x00007fe76a01b000 Exception <a 'java/lang/IncompatibleClassChangeError'{0x0000000787ee0850}: Found class java.lang.Object, but interface was expected> (0x0000000787ee0850) thrown at [./src/hotspot/share/interpreter/linkResolver.cpp, line 839]
Event: 0.859 Thread 0x00007fe76a01b000 Exception <a 'java/lang/NoSuchMethodError'{0x0000000787ee5eb0}: 'int java.lang.invoke.DirectMethodHandle$Holder.invokeStaticInit(java.lang.Object, java.lang.Object)'> (0x0000000787ee5eb0) thrown at [./src/hotspot/share/interpreter/linkResolver.cpp, line 773]
Event: 1.123 Thread 0x00007fe76a01b000 Implicit null exception at 0x000005e11efc65f4 to 0x000005e11efc6b68
Event: 1.217 Thread 0x00007fe76a01b000 Implicit null exception at 0x000005e11efd0f74 to 0x000005e11efd1508
Event: 1.443 Thread 0x00007fe76a01b000 Exception <a 'java/lang/NoSuchMethodError'{0x0000000787d06a88}: <clinit>> (0x0000000787d06a88) thrown at [./src/hotspot/share/prims/jni.cpp, line 1362]
Event: 1.444 Thread 0x00007fe76a01b000 Exception <a 'java/lang/NoSuchMethodError'{0x0000000787d13330}: <clinit>> (0x0000000787d13330) thrown at [./src/hotspot/share/prims/jni.cpp, line 1362]
Event: 1.474 Thread 0x00007fe76a01b000 Exception <a 'java/lang/NoSuchMethodError'{0x0000000787c2eb20}: <clinit>> (0x0000000787c2eb20) thrown at [./src/hotspot/share/prims/jni.cpp, line 1362]
Event: 1.475 Thread 0x00007fe76a01b000 Exception <a 'java/lang/NoSuchMethodError'{0x0000000787c39c50}: <clinit>> (0x0000000787c39c50) thrown at [./src/hotspot/share/prims/jni.cpp, line 1362]
Event: 1.476 Thread 0x00007fe76a01b000 Exception <a 'java/lang/NoSuchMethodError'{0x0000000787c44a58}: <clinit>> (0x0000000787c44a58) thrown at [./src/hotspot/share/prims/jni.cpp, line 1362]
Event: 1.495 Thread 0x00007fe76a01b000 Exception <a 'java/lang/NoSuchMethodError'{0x0000000787cae9f8}: <clinit>> (0x0000000787cae9f8) thrown at [./src/hotspot/share/prims/jni.cpp, line 1362]
Event: 1.570 Thread 0x00007fe76a01b000 Exception <a 'java/lang/NoSuchMethodError'{0x0000000787a21490}: <clinit>> (0x0000000787a21490) thrown at [./src/hotspot/share/prims/jni.cpp, line 1362]
Event: 1.858 Thread 0x00007fe76a01b000 Exception <a 'java/net/SocketException'{0x00000007873fa558}> (0x00000007873fa558) thrown at [./src/hotspot/share/prims/jni.cpp, line 615]

Events (20 events):
Event: 284.227 Executing VM operation: RevokeBias
Event: 284.227 Executing VM operation: RevokeBias done
Event: 284.231 Executing VM operation: RevokeBias
Event: 284.231 Executing VM operation: RevokeBias done
Event: 284.302 loading class boolean
Event: 284.302 loading class boolean done
Event: 284.302 loading class boolean
Event: 284.302 loading class boolean done
Event: 284.384 Executing VM operation: BulkRevokeBias
Event: 284.384 Executing VM operation: BulkRevokeBias done
Event: 284.415 loading class short
Event: 284.415 loading class short done
Event: 284.415 loading class short
Event: 284.415 loading class short done
Event: 284.669 Thread 0x00007fe769315800 Thread added: 0x00007fe769315800
Event: 284.669 Protecting memory [0x000070000ec01000,0x000070000ec05000] with protection modes 0
Event: 284.669 Executing VM operation: RevokeBias
Event: 284.669 Executing VM operation: RevokeBias done
Event: 284.669 Protecting memory [0x000070000ec01000,0x000070000ec05000] with protection modes 3
Event: 284.669 Thread 0x00007fe769315800 Thread exited: 0x00007fe769315800


Dynamic libraries:
0x00007fff41bfa000 	/System/Library/Frameworks/Cocoa.framework/Versions/A/Cocoa
0x00007fff4e25d000 	/System/Library/Frameworks/Security.framework/Versions/A/Security
0x00007fff40838000 	/System/Library/Frameworks/ApplicationServices.framework/Versions/A/ApplicationServices
0x00007fff6a21d000 	/usr/lib/libz.1.dylib
0x0000000104506000 	/Applications/IntelliJ IDEA.app/Contents/jbr/Contents/Home/lib/jli/libjli.dylib
0x00007fff680cb000 	/usr/lib/libSystem.B.dylib
0x00007fff3f988000 	/System/Library/Frameworks/AppKit.framework/Versions/C/AppKit
0x00007fff41f72000 	/System/Library/Frameworks/CoreData.framework/Versions/A/CoreData
0x00007fff44537000 	/System/Library/Frameworks/Foundation.framework/Versions/C/Foundation
0x00007fff6197e000 	/System/Library/PrivateFrameworks/RemoteViewServices.framework/Versions/A/RemoteViewServices
0x00007fff660fc000 	/System/Library/PrivateFrameworks/UIFoundation.framework/Versions/A/UIFoundation
0x00007fff56776000 	/System/Library/PrivateFrameworks/DFRFoundation.framework/Versions/A/DFRFoundation
0x00007fff46bbc000 	/System/Library/Frameworks/Metal.framework/Versions/A/Metal
0x00007fff56913000 	/System/Library/PrivateFrameworks/DesktopServicesPriv.framework/Versions/A/DesktopServicesPriv
0x00007fff68d53000 	/usr/lib/libenergytrace.dylib
0x00007fff64166000 	/System/Library/PrivateFrameworks/SkyLight.framework/Versions/A/SkyLight
0x00007fff42859000 	/System/Library/Frameworks/CoreGraphics.framework/Versions/A/CoreGraphics
0x00007fff680c6000 	/usr/lib/libScreenReader.dylib
0x00007fff3e69a000 	/System/Library/Frameworks/Accelerate.framework/Versions/A/Accelerate
0x00007fff44cb2000 	/System/Library/Frameworks/IOSurface.framework/Versions/A/IOSurface
0x00007fff40d83000 	/System/Library/Frameworks/AudioToolbox.framework/Versions/A/AudioToolbox
0x00007fff41013000 	/System/Library/Frameworks/AudioUnit.framework/Versions/A/AudioUnit
0x00007fff5680e000 	/System/Library/PrivateFrameworks/DataDetectorsCore.framework/Versions/A/DataDetectorsCore
0x00007fff416ed000 	/System/Library/Frameworks/Carbon.framework/Versions/A/Frameworks/HIToolbox.framework/Versions/A/HIToolbox
0x00007fff68ead000 	/usr/lib/libicucore.A.dylib
0x00007fff4d7d9000 	/System/Library/Frameworks/QuartzCore.framework/Versions/A/QuartzCore
0x00007fff63407000 	/System/Library/PrivateFrameworks/SignpostNotification.framework/Versions/A/SignpostNotification
0x00007fff41ad3000 	/System/Library/Frameworks/Carbon.framework/Versions/A/Frameworks/SpeechRecognition.framework/Versions/A/SpeechRecognition
0x00007fff682a9000 	/usr/lib/libauto.dylib
0x00007fff6a10c000 	/usr/lib/libxml2.2.dylib
0x00007fff563c6000 	/System/Library/PrivateFrameworks/CoreUI.framework/Versions/A/CoreUI
0x00007fff41e4e000 	/System/Library/Frameworks/CoreAudio.framework/Versions/A/CoreAudio
0x00007fff44371000 	/System/Library/Frameworks/DiskArbitration.framework/Versions/A/DiskArbitration
0x00007fff69121000 	/usr/lib/liblangid.dylib
0x00007fff5de82000 	/System/Library/PrivateFrameworks/MultitouchSupport.framework/Versions/A/MultitouchSupport
0x00007fff44c15000 	/System/Library/Frameworks/IOKit.framework/Versions/A/IOKit
0x00007fff67d55000 	/usr/lib/libDiagnosticMessagesClient.dylib
0x00007fff4354e000 	/System/Library/Frameworks/CoreServices.framework/Versions/A/CoreServices
0x00007fff5f9ba000 	/System/Library/PrivateFrameworks/PerformanceAnalysis.framework/Versions/A/PerformanceAnalysis
0x00007fff4c976000 	/System/Library/Frameworks/OpenGL.framework/Versions/A/OpenGL
0x00007fff69806000 	/usr/lib/libobjc.A.dylib
0x00007fff41c08000 	/System/Library/Frameworks/ColorSync.framework/Versions/A/ColorSync
0x00007fff423bb000 	/System/Library/Frameworks/CoreFoundation.framework/Versions/A/CoreFoundation
0x00007fff42e8a000 	/System/Library/Frameworks/CoreImage.framework/Versions/A/CoreImage
0x00007fff43edf000 	/System/Library/Frameworks/CoreText.framework/Versions/A/CoreText
0x00007fff44d10000 	/System/Library/Frameworks/ImageIO.framework/Versions/A/ImageIO
0x00007fff53070000 	/System/Library/PrivateFrameworks/Backup.framework/Versions/A/Backup
0x00007fff68177000 	/usr/lib/libarchive.2.dylib
0x00007fff41336000 	/System/Library/Frameworks/CFNetwork.framework/Versions/A/CFNetwork
0x00007fff4e9f0000 	/System/Library/Frameworks/SystemConfiguration.framework/Versions/A/SystemConfiguration
0x00007fff67c7e000 	/usr/lib/libCRFSuite.dylib
0x00007fff68383000 	/usr/lib/libc++.1.dylib
0x00007fff683da000 	/usr/lib/libc++abi.dylib
0x00007fff6a2cb000 	/usr/lib/system/libcache.dylib
0x00007fff6a2d0000 	/usr/lib/system/libcommonCrypto.dylib
0x00007fff6a2db000 	/usr/lib/system/libcompiler_rt.dylib
0x00007fff6a2e3000 	/usr/lib/system/libcopyfile.dylib
0x00007fff6a2ed000 	/usr/lib/system/libcorecrypto.dylib
0x00007fff6a3fa000 	/usr/lib/system/libdispatch.dylib
0x00007fff6a434000 	/usr/lib/system/libdyld.dylib
0x00007fff6a452000 	/usr/lib/system/libkeymgr.dylib
0x00007fff6a460000 	/usr/lib/system/liblaunch.dylib
0x00007fff6a461000 	/usr/lib/system/libmacho.dylib
0x00007fff6a466000 	/usr/lib/system/libquarantine.dylib
0x00007fff6a469000 	/usr/lib/system/libremovefile.dylib
0x00007fff6a46b000 	/usr/lib/system/libsystem_asl.dylib
0x00007fff6a483000 	/usr/lib/system/libsystem_blocks.dylib
0x00007fff6a484000 	/usr/lib/system/libsystem_c.dylib
0x00007fff6a50e000 	/usr/lib/system/libsystem_configuration.dylib
0x00007fff6a512000 	/usr/lib/system/libsystem_coreservices.dylib
0x00007fff6a516000 	/usr/lib/system/libsystem_darwin.dylib
0x00007fff6a518000 	/usr/lib/system/libsystem_dnssd.dylib
0x00007fff6a51f000 	/usr/lib/system/libsystem_info.dylib
0x00007fff6a590000 	/usr/lib/system/libsystem_m.dylib
0x00007fff6a5dc000 	/usr/lib/system/libsystem_malloc.dylib
0x00007fff6a5fc000 	/usr/lib/system/libsystem_network.dylib
0x00007fff6a72d000 	/usr/lib/system/libsystem_networkextension.dylib
0x00007fff6a738000 	/usr/lib/system/libsystem_notify.dylib
0x00007fff6a756000 	/usr/lib/system/libsystem_sandbox.dylib
0x00007fff6a75a000 	/usr/lib/system/libsystem_secinit.dylib
0x00007fff6a569000 	/usr/lib/system/libsystem_kernel.dylib
0x00007fff6a742000 	/usr/lib/system/libsystem_platform.dylib
0x00007fff6a74a000 	/usr/lib/system/libsystem_pthread.dylib
0x00007fff6a75c000 	/usr/lib/system/libsystem_symptoms.dylib
0x00007fff6a764000 	/usr/lib/system/libsystem_trace.dylib
0x00007fff6a77a000 	/usr/lib/system/libunwind.dylib
0x00007fff6a780000 	/usr/lib/system/libxpc.dylib
0x00007fff67b91000 	/usr/lib/closure/libclosured.dylib
0x00007fff68364000 	/usr/lib/libbsm.0.dylib
0x00007fff6a453000 	/usr/lib/system/libkxld.dylib
0x00007fff67f8f000 	/usr/lib/libOpenScriptingUtil.dylib
0x00007fff686d3000 	/usr/lib/libcoretls.dylib
0x00007fff686ec000 	/usr/lib/libcoretls_cfhelpers.dylib
0x00007fff69c0a000 	/usr/lib/libpam.2.dylib
0x00007fff69d35000 	/usr/lib/libsqlite3.dylib
0x00007fff6a0fb000 	/usr/lib/libxar.1.dylib
0x00007fff68375000 	/usr/lib/libbz2.1.0.dylib
0x00007fff69123000 	/usr/lib/liblzma.5.dylib
0x00007fff69604000 	/usr/lib/libnetwork.dylib
0x00007fff68160000 	/usr/lib/libapple_nghttp2.dylib
0x00007fff69c11000 	/usr/lib/libpcap.A.dylib
0x00007fff682aa000 	/usr/lib/libboringssl.dylib
0x00007fff6a096000 	/usr/lib/libusrtcp.dylib
0x00007fff6815f000 	/usr/lib/libapple_crypto.dylib
0x00007fff438d1000 	/System/Library/Frameworks/CoreServices.framework/Versions/A/Frameworks/FSEvents.framework/Versions/A/FSEvents
0x00007fff435c4000 	/System/Library/Frameworks/CoreServices.framework/Versions/A/Frameworks/CarbonCore.framework/Versions/A/CarbonCore
0x00007fff43a99000 	/System/Library/Frameworks/CoreServices.framework/Versions/A/Frameworks/Metadata.framework/Versions/A/Metadata
0x00007fff43b4a000 	/System/Library/Frameworks/CoreServices.framework/Versions/A/Frameworks/OSServices.framework/Versions/A/OSServices
0x00007fff43bab000 	/System/Library/Frameworks/CoreServices.framework/Versions/A/Frameworks/SearchKit.framework/Versions/A/SearchKit
0x00007fff4354f000 	/System/Library/Frameworks/CoreServices.framework/Versions/A/Frameworks/AE.framework/Versions/A/AE
0x00007fff438da000 	/System/Library/Frameworks/CoreServices.framework/Versions/A/Frameworks/LaunchServices.framework/Versions/A/LaunchServices
0x00007fff4389c000 	/System/Library/Frameworks/CoreServices.framework/Versions/A/Frameworks/DictionaryServices.framework/Versions/A/DictionaryServices
0x00007fff43c1a000 	/System/Library/Frameworks/CoreServices.framework/Versions/A/Frameworks/SharedFileList.framework/Versions/A/SharedFileList
0x00007fff47df2000 	/System/Library/Frameworks/NetFS.framework/Versions/A/NetFS
0x00007fff5e113000 	/System/Library/PrivateFrameworks/NetAuth.framework/Versions/A/NetAuth
0x00007fff67a28000 	/System/Library/PrivateFrameworks/login.framework/Versions/A/Frameworks/loginsupport.framework/Versions/A/loginsupport
0x00007fff65d79000 	/System/Library/PrivateFrameworks/TCC.framework/Versions/A/TCC
0x00007fff69204000 	/usr/lib/libmecabra.dylib
0x00007fff40839000 	/System/Library/Frameworks/ApplicationServices.framework/Versions/A/Frameworks/ATS.framework/Versions/A/ATS
0x00007fff40be8000 	/System/Library/Frameworks/ApplicationServices.framework/Versions/A/Frameworks/ColorSyncLegacy.framework/Versions/A/ColorSyncLegacy
0x00007fff40c8c000 	/System/Library/Frameworks/ApplicationServices.framework/Versions/A/Frameworks/HIServices.framework/Versions/A/HIServices
0x00007fff40cdf000 	/System/Library/Frameworks/ApplicationServices.framework/Versions/A/Frameworks/LangAnalysis.framework/Versions/A/LangAnalysis
0x00007fff40cee000 	/System/Library/Frameworks/ApplicationServices.framework/Versions/A/Frameworks/PrintCore.framework/Versions/A/PrintCore
0x00007fff40d3b000 	/System/Library/Frameworks/ApplicationServices.framework/Versions/A/Frameworks/QD.framework/Versions/A/QD
0x00007fff40d76000 	/System/Library/Frameworks/ApplicationServices.framework/Versions/A/Frameworks/SpeechSynthesis.framework/Versions/A/SpeechSynthesis
0x00007fff422d7000 	/System/Library/Frameworks/CoreDisplay.framework/Versions/A/CoreDisplay
0x00007fff3e6b3000 	/System/Library/Frameworks/Accelerate.framework/Versions/A/Frameworks/vImage.framework/Versions/A/vImage
0x00007fff3f694000 	/System/Library/Frameworks/Accelerate.framework/Versions/A/Frameworks/vecLib.framework/Versions/A/vecLib
0x00007fff3f469000 	/System/Library/Frameworks/Accelerate.framework/Versions/A/Frameworks/vecLib.framework/Versions/A/libvDSP.dylib
0x00007fff3efa3000 	/System/Library/Frameworks/Accelerate.framework/Versions/A/Frameworks/vecLib.framework/Versions/A/libBNNS.dylib
0x00007fff3f3cf000 	/System/Library/Frameworks/Accelerate.framework/Versions/A/Frameworks/vecLib.framework/Versions/A/libQuadrature.dylib
0x00007fff3f5dd000 	/System/Library/Frameworks/Accelerate.framework/Versions/A/Frameworks/vecLib.framework/Versions/A/libvMisc.dylib
0x00007fff3efde000 	/System/Library/Frameworks/Accelerate.framework/Versions/A/Frameworks/vecLib.framework/Versions/A/libLAPACK.dylib
0x00007fff3ee02000 	/System/Library/Frameworks/Accelerate.framework/Versions/A/Frameworks/vecLib.framework/Versions/A/libBLAS.dylib
0x00007fff3f3b8000 	/System/Library/Frameworks/Accelerate.framework/Versions/A/Frameworks/vecLib.framework/Versions/A/libLinearAlgebra.dylib
0x00007fff3f3d5000 	/System/Library/Frameworks/Accelerate.framework/Versions/A/Frameworks/vecLib.framework/Versions/A/libSparse.dylib
0x00007fff3f456000 	/System/Library/Frameworks/Accelerate.framework/Versions/A/Frameworks/vecLib.framework/Versions/A/libSparseBLAS.dylib
0x00007fff5af4d000 	/System/Library/PrivateFrameworks/GPUWrangler.framework/Versions/A/GPUWrangler
0x00007fff5c6e1000 	/System/Library/PrivateFrameworks/IOAccelerator.framework/Versions/A/IOAccelerator
0x00007fff5c6ec000 	/System/Library/PrivateFrameworks/IOPresentment.framework/Versions/A/IOPresentment
0x00007fff56788000 	/System/Library/PrivateFrameworks/DSExternalDisplay.framework/Versions/A/DSExternalDisplay
0x00007fff4bdf5000 	/System/Library/Frameworks/OpenGL.framework/Versions/A/Libraries/libCoreFSCache.dylib
0x00007fff44030000 	/System/Library/Frameworks/CoreVideo.framework/Versions/A/CoreVideo
0x00007fff5bcc8000 	/System/Library/PrivateFrameworks/GraphVisualizer.framework/Versions/A/GraphVisualizer
0x00007fff46df3000 	/System/Library/Frameworks/MetalPerformanceShaders.framework/Versions/A/MetalPerformanceShaders
0x00007fff67d8d000 	/usr/lib/libFosl_dynamic.dylib
0x00007fff57857000 	/System/Library/PrivateFrameworks/FaceCore.framework/Versions/A/FaceCore
0x00007fff4abf0000 	/System/Library/Frameworks/OpenCL.framework/Versions/A/OpenCL
0x00007fff68411000 	/usr/lib/libcompression.dylib
0x00007fff40938000 	/System/Library/Frameworks/ApplicationServices.framework/Versions/A/Frameworks/ATS.framework/Versions/A/Resources/libFontParser.dylib
0x00007fff40a5b000 	/System/Library/Frameworks/ApplicationServices.framework/Versions/A/Frameworks/ATS.framework/Versions/A/Resources/libFontRegistry.dylib
0x00007fff44f7c000 	/System/Library/Frameworks/ImageIO.framework/Versions/A/Resources/libJPEG.dylib
0x00007fff452ba000 	/System/Library/Frameworks/ImageIO.framework/Versions/A/Resources/libTIFF.dylib
0x00007fff45290000 	/System/Library/Frameworks/ImageIO.framework/Versions/A/Resources/libPng.dylib
0x00007fff44e8f000 	/System/Library/Frameworks/ImageIO.framework/Versions/A/Resources/libGIF.dylib
0x00007fff44e94000 	/System/Library/Frameworks/ImageIO.framework/Versions/A/Resources/libJP2.dylib
0x00007fff452b7000 	/System/Library/Frameworks/ImageIO.framework/Versions/A/Resources/libRadiance.dylib
0x00007fff5279a000 	/System/Library/PrivateFrameworks/AppleJPEG.framework/Versions/A/AppleJPEG
0x00007fff46c5a000 	/System/Library/Frameworks/MetalPerformanceShaders.framework/Frameworks/MPSCore.framework/Versions/A/MPSCore
0x00007fff46c76000 	/System/Library/Frameworks/MetalPerformanceShaders.framework/Frameworks/MPSImage.framework/Versions/A/MPSImage
0x00007fff46d0b000 	/System/Library/Frameworks/MetalPerformanceShaders.framework/Frameworks/MPSNeuralNetwork.framework/Versions/A/MPSNeuralNetwork
0x00007fff46ce6000 	/System/Library/Frameworks/MetalPerformanceShaders.framework/Frameworks/MPSMatrix.framework/Versions/A/MPSMatrix
0x00007fff5dbe4000 	/System/Library/PrivateFrameworks/MetalTools.framework/Versions/A/MetalTools
0x00007fff4bfc0000 	/System/Library/Frameworks/OpenGL.framework/Versions/A/Libraries/libGLU.dylib
0x00007fff4be00000 	/System/Library/Frameworks/OpenGL.framework/Versions/A/Libraries/libGFXShared.dylib
0x00007fff4be0a000 	/System/Library/Frameworks/OpenGL.framework/Versions/A/Libraries/libGL.dylib
0x00007fff4be16000 	/System/Library/Frameworks/OpenGL.framework/Versions/A/Libraries/libGLImage.dylib
0x00007fff4bdf2000 	/System/Library/Frameworks/OpenGL.framework/Versions/A/Libraries/libCVMSPluginSupport.dylib
0x00007fff4bdfb000 	/System/Library/Frameworks/OpenGL.framework/Versions/A/Libraries/libCoreVMClient.dylib
0x00007fff68bbe000 	/usr/lib/libcups.2.dylib
0x00007fff461c1000 	/System/Library/Frameworks/Kerberos.framework/Versions/A/Kerberos
0x00007fff4496f000 	/System/Library/Frameworks/GSS.framework/Versions/A/GSS
0x00007fff69cc8000 	/usr/lib/libresolv.9.dylib
0x00007fff68dbb000 	/usr/lib/libiconv.2.dylib
0x00007fff5bd5a000 	/System/Library/PrivateFrameworks/Heimdal.framework/Versions/A/Heimdal
0x00007fff68d8a000 	/usr/lib/libheimdal-asn1.dylib
0x00007fff4ac68000 	/System/Library/Frameworks/OpenDirectory.framework/Versions/A/OpenDirectory
0x00007fff54ab3000 	/System/Library/PrivateFrameworks/CommonAuth.framework/Versions/A/CommonAuth
0x00007fff4ac4b000 	/System/Library/Frameworks/OpenDirectory.framework/Versions/A/Frameworks/CFOpenDirectory.framework/Versions/A/CFOpenDirectory
0x00007fff4e589000 	/System/Library/Frameworks/SecurityFoundation.framework/Versions/A/SecurityFoundation
0x00007fff5195d000 	/System/Library/PrivateFrameworks/APFS.framework/Versions/A/APFS
0x00007fff6a0f7000 	/usr/lib/libutil.dylib
0x00007fff5281d000 	/System/Library/PrivateFrameworks/AppleSauce.framework/Versions/A/AppleSauce
0x00007fff5cec9000 	/System/Library/PrivateFrameworks/LinguisticData.framework/Versions/A/LinguisticData
0x00007fff6913d000 	/usr/lib/libmarisa.dylib
0x00007fff5ce83000 	/System/Library/PrivateFrameworks/Lexicon.framework/Versions/A/Lexicon
0x00007fff67cb8000 	/usr/lib/libChineseTokenizer.dylib
0x00007fff68400000 	/usr/lib/libcmph.dylib
0x00007fff5cd8d000 	/System/Library/PrivateFrameworks/LanguageModeling.framework/Versions/A/LanguageModeling
0x00007fff555d0000 	/System/Library/PrivateFrameworks/CoreEmoji.framework/Versions/A/CoreEmoji
0x00007fff4e647000 	/System/Library/Frameworks/ServiceManagement.framework/Versions/A/ServiceManagement
0x00007fff53068000 	/System/Library/PrivateFrameworks/BackgroundTaskManagement.framework/Versions/A/BackgroundTaskManagement
0x00007fff6a1f4000 	/usr/lib/libxslt.1.dylib
0x00007fff419fd000 	/System/Library/Frameworks/Carbon.framework/Versions/A/Frameworks/Ink.framework/Versions/A/Ink
0x00007fff65f8e000 	/System/Library/PrivateFrameworks/TextureIO.framework/Versions/A/TextureIO
0x00007fff681a2000 	/usr/lib/libate.dylib
0x00007fff566e7000 	/System/Library/PrivateFrameworks/CrashReporterSupport.framework/Versions/A/CrashReporterSupport
0x00007fff632c7000 	/System/Library/PrivateFrameworks/Sharing.framework/Versions/A/Sharing
0x00007fff5cace000 	/System/Library/PrivateFrameworks/IconServices.framework/Versions/A/IconServices
0x00007fff52c98000 	/System/Library/PrivateFrameworks/AuthKit.framework/Versions/A/AuthKit
0x00007fff5261d000 	/System/Library/PrivateFrameworks/Apple80211.framework/Versions/A/Apple80211
0x00007fff564fc000 	/System/Library/PrivateFrameworks/CoreUtils.framework/Versions/A/CoreUtils
0x00007fff4406b000 	/System/Library/Frameworks/CoreWLAN.framework/Versions/A/CoreWLAN
0x00007fff44ab1000 	/System/Library/Frameworks/IOBluetooth.framework/Versions/A/IOBluetooth
0x00007fff61789000 	/System/Library/PrivateFrameworks/ProtocolBuffer.framework/Versions/A/ProtocolBuffer
0x00007fff5dddd000 	/System/Library/PrivateFrameworks/MobileKeyBag.framework/Versions/A/MobileKeyBag
0x00007fff55d74000 	/System/Library/PrivateFrameworks/CorePhoneNumbers.framework/Versions/A/CorePhoneNumbers
0x00007fff52755000 	/System/Library/PrivateFrameworks/AppleIDAuthSupport.framework/Versions/A/AppleIDAuthSupport
0x00007fff5cd79000 	/System/Library/PrivateFrameworks/KeychainCircle.framework/Versions/A/KeychainCircle
0x00007fff56682000 	/System/Library/PrivateFrameworks/CoreWiFi.framework/Versions/A/CoreWiFi
0x00007fff41f48000 	/System/Library/Frameworks/CoreBluetooth.framework/Versions/A/CoreBluetooth
0x00007fff568d2000 	/System/Library/PrivateFrameworks/DebugSymbols.framework/Versions/A/DebugSymbols
0x00007fff562b2000 	/System/Library/PrivateFrameworks/CoreSymbolication.framework/Versions/A/CoreSymbolication
0x00007fff6577f000 	/System/Library/PrivateFrameworks/Symbolication.framework/Versions/A/Symbolication
0x00007fff52647000 	/System/Library/PrivateFrameworks/AppleFSCompression.framework/Versions/A/AppleFSCompression
0x00007fff64bcc000 	/System/Library/PrivateFrameworks/SpeechRecognitionCore.framework/Versions/A/SpeechRecognitionCore
0x00007fff3a651000 	/System/Library/CoreServices/Encodings/libCyrillicConverter.dylib
0x0000000105600000 	/Applications/IntelliJ IDEA.app/Contents/jbr/Contents/Home/lib/server/libjvm.dylib
0x0000000104542000 	/Applications/IntelliJ IDEA.app/Contents/jbr/Contents/Home/lib/libverify.dylib
0x0000000104553000 	/Applications/IntelliJ IDEA.app/Contents/jbr/Contents/Home/lib/libjava.dylib
0x0000000104580000 	/Applications/IntelliJ IDEA.app/Contents/jbr/Contents/Home/lib/libjimage.dylib
0x00000001045d6000 	/Applications/IntelliJ IDEA.app/Contents/jbr/Contents/Home/lib/libzip.dylib
0x000000011276d000 	/Applications/IntelliJ IDEA.app/Contents/jbr/Contents/Home/lib/libnio.dylib
0x0000000112780000 	/Applications/IntelliJ IDEA.app/Contents/jbr/Contents/Home/lib/./libnet.dylib
0x00000001045f8000 	/Applications/IntelliJ IDEA.app/Contents/jbr/Contents/Home/lib/libextnet.dylib
0x0000000112821000 	/Applications/IntelliJ IDEA.app/Contents/jbr/Contents/Home/lib/librmi.dylib
0x0000000112d1f000 	/Applications/IntelliJ IDEA.app/Contents/jbr/Contents/Home/lib/libsunec.dylib


VM Arguments:
jvm_args: -Djava.rmi.server.hostname=127.0.0.1 -Duser.timezone=UTC -Xmx2048m -Xms128m -Dfile.encoding=UTF-8 
java_command: com.intellij.database.remote.RemoteJdbcServer com.mysql.cj.jdbc.Driver
java_class_path (initial): /Applications/IntelliJ IDEA.app/Contents/lib/util.jar:/Applications/IntelliJ IDEA.app/Contents/lib/trove4j.jar:/Applications/IntelliJ IDEA.app/Contents/lib/groovy-2.5.11.jar:/Applications/IntelliJ IDEA.app/Contents/plugins/DatabaseTools/lib/jdbc-console.jar:/Users/mac/Library/Application Support/JetBrains/IntelliJIdea2020.3/jdbc-drivers/MySQL ConnectorJ/8.0.21/mysql-connector-java-8.0.21.jar
Launcher Type: SUN_STANDARD

[Global flags]
     intx CICompilerCount                          = 4                                         {product} {ergonomic}
     uint ConcGCThreads                            = 2                                         {product} {ergonomic}
     uint G1ConcRefinementThreads                  = 8                                         {product} {ergonomic}
   size_t G1HeapRegionSize                         = 1048576                                   {product} {ergonomic}
    uintx GCDrainStackTargetSize                   = 64                                        {product} {ergonomic}
   size_t InitialHeapSize                          = 134217728                                 {product} {command line}
   size_t MarkStackSize                            = 4194304                                   {product} {ergonomic}
   size_t MaxHeapSize                              = 2147483648                                {product} {command line}
   size_t MaxNewSize                               = 1287651328                                {product} {ergonomic}
   size_t MinHeapDeltaBytes                        = 1048576                                   {product} {ergonomic}
    uintx NonNMethodCodeHeapSize                   = 5836300                                {pd product} {ergonomic}
    uintx NonProfiledCodeHeapSize                  = 122910970                              {pd product} {ergonomic}
    uintx ProfiledCodeHeapSize                     = 122910970                              {pd product} {ergonomic}
    uintx ReservedCodeCacheSize                    = 251658240                              {pd product} {ergonomic}
     bool SegmentedCodeCache                       = true                                      {product} {ergonomic}
     bool UseCompressedClassPointers               = true                                 {lp64_product} {ergonomic}
     bool UseCompressedOops                        = true                                 {lp64_product} {ergonomic}
     bool UseG1GC                                  = true                                      {product} {ergonomic}

Logging:
Log output configuration:
 #0: stdout all=warning uptime,level,tags
 #1: stderr all=off uptime,level,tags

Environment Variables:
PATH=/opt/local/bin:/opt/local/sbin:/usr/local/bin:/usr/bin:/bin:/usr/sbin:/sbin:/opt/X11/bin
SHELL=/bin/bash
DISPLAY=/private/tmp/com.apple.launchd.YSWXzmpatR/org.macosforge.xquartz:0
LC_CTYPE=ru_RU.UTF-8

Signal Handlers:
SIGSEGV: [libjvm.dylib+0x756d10], sa_mask[0]=11111111011111110111111111111111, sa_flags=SA_ONSTACK|SA_RESTART|SA_SIGINFO
SIGBUS: [libjvm.dylib+0x756d10], sa_mask[0]=11111111011111110111111111111111, sa_flags=SA_RESTART|SA_SIGINFO
SIGFPE: [libjvm.dylib+0x756d10], sa_mask[0]=11111111011111110111111111111111, sa_flags=SA_RESTART|SA_SIGINFO
SIGPIPE: [libjvm.dylib+0x612c64], sa_mask[0]=11111111011111110111111111111111, sa_flags=SA_RESTART|SA_SIGINFO
SIGXFSZ: [libjvm.dylib+0x612c64], sa_mask[0]=11111111011111110111111111111111, sa_flags=SA_RESTART|SA_SIGINFO
SIGILL: [libjvm.dylib+0x756d10], sa_mask[0]=11111111011111110111111111111111, sa_flags=SA_RESTART|SA_SIGINFO
SIGUSR2: [libjvm.dylib+0x613249], sa_mask[0]=00100000000000000000000000000000, sa_flags=SA_RESTART|SA_SIGINFO
SIGHUP: [libjvm.dylib+0x611d03], sa_mask[0]=11111111011111110111111111111111, sa_flags=SA_RESTART|SA_SIGINFO
SIGINT: [libjvm.dylib+0x611d03], sa_mask[0]=11111111011111110111111111111111, sa_flags=SA_RESTART|SA_SIGINFO
SIGTERM: [libjvm.dylib+0x611d03], sa_mask[0]=11111111011111110111111111111111, sa_flags=SA_RESTART|SA_SIGINFO
SIGQUIT: [libjvm.dylib+0x611d03], sa_mask[0]=11111111011111110111111111111111, sa_flags=SA_RESTART|SA_SIGINFO


---------------  S Y S T E M  ---------------

OS:uname:Darwin 17.7.0 Darwin Kernel Version 17.7.0: Fri Oct 30 13:34:27 PDT 2020; root:xnu-4570.71.82.8~1/RELEASE_X86_64 x86_64
OS uptime: 0 days 5:20 hours
rlimit (soft/hard): STACK 8192k/65532k , CORE 0k/infinity , NPROC 1418/2128 , NOFILE 10240/infinity , AS infinity/infinity , CPU infinity/infinity , DATA infinity/infinity , FSIZE infinity/infinity , MEMLOCK infinity/infinity , RSS infinity/infinity
load average:98.48 55.71 25.32

CPU:total 8 (initial active 8) (4 cores per cpu, 2 threads per core) family 6 model 42 stepping 7, cmov, cx8, fxsr, mmx, sse, sse2, sse3, ssse3, sse4.1, sse4.2, popcnt, avx, aes, clmul, ht, tsc, tscinvbit

Memory: 4k page, physical 16777216k(1400372k free), swap 0k(0k free)

vm_info: OpenJDK 64-Bit Server VM (11.0.9.1+11-b1145.77) for bsd-amd64 JRE (11.0.9.1+11-b1145.77), built on Jan 15 2021 18:35:06 by "builduser" with gcc 4.2.1 Compatible Apple LLVM 9.1.0 (clang-902.0.39.2)

END.
