#
# A fatal error has been detected by the Java Runtime Environment:
#
#  SIGSEGV (0xb) at pc=0x00000001029a2fff, pid=1058, tid=25091
#
# JRE version: OpenJDK Runtime Environment Corretto-11.0.10.9.1 (11.0.10+9) (build 11.0.10+9-LTS)
# Java VM: OpenJDK 64-Bit Server VM Corretto-11.0.10.9.1 (11.0.10+9-LTS, mixed mode, tiered, compressed oops, g1 gc, bsd-amd64)
# Problematic frame:
# V  [libjvm.dylib+0x3a2fff]  IndexSetIterator::advance_and_next()+0x71
#
# No core dump will be written. Core dumps have been disabled. To enable core dumping, try "ulimit -c unlimited" before starting Java again
#
# If you would like to submit a bug report, please visit:
#   https://github.com/corretto/corretto-11/issues/
#

---------------  S U M M A R Y ------------

Command Line: -Dmaven.multiModuleProjectDirectory=/Volumes/HDD/Programming/conference -Dmaven.home=/Applications/IntelliJ IDEA.app/Contents/plugins/maven/lib/maven3 -Dclassworlds.conf=/Applications/IntelliJ IDEA.app/Contents/plugins/maven/lib/maven3/bin/m2.conf -Dmaven.ext.class.path=/Applications/IntelliJ IDEA.app/Contents/plugins/maven/lib/maven-event-listener.jar -javaagent:/Applications/IntelliJ IDEA.app/Contents/lib/idea_rt.jar=49765:/Applications/IntelliJ IDEA.app/Contents/bin -Dfile.encoding=UTF-8 org.codehaus.classworlds.Launcher -Didea.version=2020.3.2 clean install

Host: MacBookPro8,3 x86_64 2500 MHz, 8 cores, 16G, Darwin 17.7.0
Time: Fri Mar 12 19:00:42 2021 MSK elapsed time: 1.862148 seconds (0d 0h 0m 1s)

---------------  T H R E A D  ---------------

Current thread (0x00007f964610e800):  JavaThread "C2 CompilerThread2" daemon [_thread_in_native, id=25091, stack(0x0000700006844000,0x0000700006944000)]


Current CompileTask:
C2:   1862 1761   !   4       java.net.URL::<init> (543 bytes)

Stack: [0x0000700006844000,0x0000700006944000],  sp=0x0000700006940680,  free space=1009k
Native frames: (J=compiled Java code, A=aot compiled Java code, j=interpreted, Vv=VM code, C=native code)
V  [libjvm.dylib+0x3a2fff]  IndexSetIterator::advance_and_next()+0x71
V  [libjvm.dylib+0x39c8e6]  PhaseIFG::SquareUp()+0x52
V  [libjvm.dylib+0x1c9d69]  PhaseChaitin::Register_Allocate()+0x719
V  [libjvm.dylib+0x23791e]  Compile::Code_Gen()+0x226
V  [libjvm.dylib+0x235b3e]  Compile::Compile(ciEnv*, C2Compiler*, ciMethod*, int, bool, bool, bool, DirectiveSet*)+0x9a6
V  [libjvm.dylib+0x237be3]  Compile::Compile(ciEnv*, C2Compiler*, ciMethod*, int, bool, bool, bool, DirectiveSet*)+0x31
V  [libjvm.dylib+0x1b5ba3]  C2Compiler::compile_method(ciEnv*, ciMethod*, int, DirectiveSet*)+0xe7
V  [libjvm.dylib+0x242a38]  CompileBroker::invoke_compiler_on_method(CompileTask*)+0x5d8
V  [libjvm.dylib+0x2422dc]  CompileBroker::compiler_thread_loop()+0x1c8
V  [libjvm.dylib+0x787d96]  JavaThread::thread_main_inner()+0x7e
V  [libjvm.dylib+0x7859cc]  Thread::call_run()+0x68
V  [libjvm.dylib+0x62a10b]  thread_native_entry(Thread*)+0x138
C  [libsystem_pthread.dylib+0x3661]  _pthread_body+0x154
C  [libsystem_pthread.dylib+0x350d]  _pthread_body+0x0
C  [libsystem_pthread.dylib+0x2bf9]  thread_start+0xd


siginfo: si_signo: 11 (SIGSEGV), si_code: 1 (SEGV_MAPERR), si_addr: 0x00007f964002f420

Register to memory mapping:

RAX=0x0000000000000001 is an unknown value
RBX=0x0000000000000900 is an unknown value
RCX=0x0 is NULL
RDX=0x0000000000000009 is an unknown value
RSP=0x0000700006940680 is pointing into the stack for thread: 0x00007f964610e800
RBP=0x0000700006940690 is pointing into the stack for thread: 0x00007f964610e800
RSI=0x0000000000000900 is an unknown value
RDI=0x00007f964002f420 is an unknown value
R8 =0x0000000102fd49d8: _ZN8IndexSet12_empty_blockE+0 in /Users/mac/Library/Java/JavaVirtualMachines/corretto-11.0.10/Contents/Home/lib/server/libjvm.dylib at 0x0000000102600000
R9 =0x000000000000001d is an unknown value
R10=0x0000000102fafd00: _ZL8tc_mutex+0x18 in /Users/mac/Library/Java/JavaVirtualMachines/corretto-11.0.10/Contents/Home/lib/server/libjvm.dylib at 0x0000000102600000
R11=0x00007000069406a0 is pointing into the stack for thread: 0x00007f964610e800
R12=0x0000700006941488 is pointing into the stack for thread: 0x00007f964610e800
R13=0x00007000069413a0 is pointing into the stack for thread: 0x00007f964610e800
R14=0x0000700006940848 is pointing into the stack for thread: 0x00007f964610e800
R15=0x00007000069406a0 is pointing into the stack for thread: 0x00007f964610e800


Registers:
RAX=0x0000000000000001, RBX=0x0000000000000900, RCX=0x0000000000000000, RDX=0x0000000000000009
RSP=0x0000700006940680, RBP=0x0000700006940690, RSI=0x0000000000000900, RDI=0x00007f964002f420
R8 =0x0000000102fd49d8, R9 =0x000000000000001d, R10=0x0000000102fafd00, R11=0x00007000069406a0
R12=0x0000700006941488, R13=0x00007000069413a0, R14=0x0000700006940848, R15=0x00007000069406a0
RIP=0x00000001029a2fff, EFLAGS=0x0000000000010216, ERR=0x0000000000000004
  TRAPNO=0x000000000000000e

Top of Stack: (sp=0x0000700006940680)
0x0000700006940680:   0000000000000000 0000000000000c1e
0x0000700006940690:   00007000069406f0 000000010299c8e6
0x00007000069406a0:   0000008f00000000 0000000000000005
0x00007000069406b0:   00007f964002f420 0000000000000001
0x00007000069406c0:   00007f9645476c10 000070000000001d
0x00007000069406d0:   00000001296092d0 0000700006940888
0x00007000069406e0:   0000700006940730 0000700006940918
0x00007000069406f0:   00007000069409a0 00000001027c9d69
0x0000700006940700:   0000000000009ca0 0000000102fa8564
0x0000700006940710:   0000700006940790 000000000000000c
0x0000700006940720:   0000700006941488 0000000102fe64c0
0x0000700006940730:   0000000102f50000 0000000000000000
0x0000700006940740:   0000700006942ff0 0000700006941300
0x0000700006940750:   0000000000000006 0000000102e0f126
0x0000700006940760:   0000000000000000 0000700006942ff0
0x0000700006940770:   0000000000000000 0000000102e0f126
0x0000700006940780:   0000700006940700 00000001026f70b9
0x0000700006940790:   0000000000000000 0000000000000000
0x00007000069407a0:   0000000000000000 0000000000000000
0x00007000069407b0:   00000000001cf168 0000000102d8dde7
0x00007000069407c0:   00007f964586e0d0 0000000102d8de53
0x00007000069407d0:   0000700006940830 00000001026f713f
0x00007000069407e0:   000070000000001d 0000000000000000
0x00007000069407f0:   0000000102f50000 0000000000000000
0x0000700006940800:   0000700006942ff0 0000700006941300
0x0000700006940810:   0000000000002722 0000000102e0f1e5
0x0000700006940820:   0000000000000000 0000700006942ff0
0x0000700006940830:   0000000000000000 0000000102e0f1e5
0x0000700006940840:   0000000102e05600 000000000000000c
0x0000700006940850:   0000700006942ff0 0000000129590010
0x0000700006940860:   0000700006940800 0000000129ef6010
0x0000700006940870:   0000700000001c53 0000700006940918 

Instructions: (pc=0x00000001029a2fff)
0x00000001029a2eff:   8b 86 90 00 00 00 89 47 28 48 c7 47 10 00 00 00
0x00000001029a2f0f:   00 48 8b 46 08 48 89 47 20 48 c7 47 30 00 00 00
0x00000001029a2f1f:   00 eb 12 c7 47 08 08 00 00 00 b8 01 00 00 00 89
0x00000001029a2f2f:   47 18 89 47 28 5d c3 55 48 89 e5 31 c0 39 06 89
0x00000001029a2f3f:   07 74 38 c7 47 18 00 00 00 00 48 b8 00 00 00 00
0x00000001029a2f4f:   08 00 00 00 48 89 47 04 8b 86 90 00 00 00 89 47
0x00000001029a2f5f:   28 48 c7 47 10 00 00 00 00 48 8b 46 08 48 89 47
0x00000001029a2f6f:   20 48 c7 47 30 00 00 00 00 eb 12 c7 47 08 08 00
0x00000001029a2f7f:   00 00 b8 01 00 00 00 89 47 18 89 47 28 5d c3 55
0x00000001029a2f8f:   48 89 e5 53 50 49 89 fb 41 8b 43 08 83 f8 07 77
0x00000001029a2f9f:   25 49 8b 53 10 89 c6 c1 e6 05 81 c6 00 ff ff ff
0x00000001029a2faf:   89 c0 83 3c 82 00 0f 85 ee 00 00 00 ff c0 83 c6
0x00000001029a2fbf:   20 83 f8 08 72 ea 41 8b 53 18 45 8b 4b 28 44 39
0x00000001029a2fcf:   ca 0f 83 a8 00 00 00 89 d3 c1 e3 08 4c 8d 05 f6
0x00000001029a2fdf:   19 63 00 89 d2 49 8b 43 20 48 8b 3c d0 4c 39 c7
0x00000001029a2fef:   74 7c 49 89 7b 10 b8 01 00 00 00 89 de 8d 48 ff
0x00000001029a2fff:   83 3c 8f 00 0f 85 8a 00 00 00 83 c6 20 83 f8 08
0x00000001029a300f:   8d 40 01 72 e8 4d 8b 53 30 4d 85 d2 74 50 49 8b
0x00000001029a301f:   42 08 48 8b 0c d0 48 8d 3d 5c 47 62 00 ff 17 48
0x00000001029a302f:   8b 30 48 8b b6 d0 04 00 00 48 8b b6 88 00 00 00
0x00000001029a303f:   48 8b b6 90 08 00 00 48 89 31 48 8b 00 48 8b 80
0x00000001029a304f:   d0 04 00 00 48 8b 80 88 00 00 00 48 89 88 90 08
0x00000001029a305f:   00 00 49 8b 42 08 4c 89 04 d0 45 8b 4b 28 ff c2
0x00000001029a306f:   81 c3 00 01 00 00 44 39 ca 0f 82 64 ff ff ff 45
0x00000001029a307f:   89 4b 18 41 c7 43 08 08 00 00 00 31 c0 48 83 c4
0x00000001029a308f:   08 5b 5d c3 41 89 73 04 8b 0c 8f 41 89 0b ff c2
0x00000001029a309f:   41 89 53 18 41 89 43 08 eb 1a 41 8b 4b 18 c1 e1
0x00000001029a30af:   08 01 f1 41 89 4b 04 8b 0c 82 41 89 0b 8d 40 01
0x00000001029a30bf:   41 89 43 08 4c 89 df 48 83 c4 08 5b 5d e9 39 8c
0x00000001029a30cf:   e2 ff 90 80 3d 77 02 5e 00 00 75 42 55 48 89 e5
0x00000001029a30df:   48 83 ec 10 c7 04 24 00 00 00 00 48 8d 3d 4f c5
0x00000001029a30ef:   60 00 48 8d 35 28 ec 18 00 ba 2a 00 00 00 b9 7a 


Stack slot to memory mapping:
stack at sp + 0 slots: 0x0 is NULL
stack at sp + 1 slots: 0x0000000000000c1e is an unknown value
stack at sp + 2 slots: 0x00007000069406f0 is pointing into the stack for thread: 0x00007f964610e800
stack at sp + 3 slots: 0x000000010299c8e6: _ZN8PhaseIFG8SquareUpEv+0x52 in /Users/mac/Library/Java/JavaVirtualMachines/corretto-11.0.10/Contents/Home/lib/server/libjvm.dylib at 0x0000000102600000
stack at sp + 4 slots: 0x0000008f00000000 is an unknown value
stack at sp + 5 slots: 0x0000000000000005 is an unknown value
stack at sp + 6 slots: 0x00007f964002f420 is an unknown value
stack at sp + 7 slots: 0x0000000000000001 is an unknown value


---------------  P R O C E S S  ---------------

Threads class SMR info:
_java_thread_list=0x00007f9643dcdf90, length=13, elements={
0x00007f9646006800, 0x00007f96460a8800, 0x00007f9645000800, 0x00007f9645003000,
0x00007f96460a9800, 0x00007f964500a800, 0x00007f964500b800, 0x00007f9647804800,
0x00007f964506f000, 0x00007f9644863000, 0x00007f96460ce000, 0x00007f964610e800,
0x00007f9644330000
}

Java Threads: ( => current thread )
  0x00007f9646006800 JavaThread "main" [_thread_in_Java, id=9219, stack(0x000000010147c000,0x000000010157c000)]
  0x00007f96460a8800 JavaThread "Reference Handler" daemon [_thread_blocked, id=14595, stack(0x0000700005d23000,0x0000700005e23000)]
  0x00007f9645000800 JavaThread "Finalizer" daemon [_thread_blocked, id=14851, stack(0x0000700005e26000,0x0000700005f26000)]
  0x00007f9645003000 JavaThread "Signal Dispatcher" daemon [_thread_blocked, id=17159, stack(0x0000700005f29000,0x0000700006029000)]
  0x00007f96460a9800 JavaThread "Service Thread" daemon [_thread_blocked, id=42755, stack(0x000070000602c000,0x000070000612c000)]
  0x00007f964500a800 JavaThread "C2 CompilerThread0" daemon [_thread_in_native, id=22275, stack(0x000070000612f000,0x000070000622f000)]
  0x00007f964500b800 JavaThread "C1 CompilerThread0" daemon [_thread_in_native, id=22787, stack(0x0000700006232000,0x0000700006332000)]
  0x00007f9647804800 JavaThread "Sweeper thread" daemon [_thread_blocked, id=23299, stack(0x0000700006335000,0x0000700006435000)]
  0x00007f964506f000 JavaThread "Common-Cleaner" daemon [_thread_blocked, id=41475, stack(0x0000700006438000,0x0000700006538000)]
  0x00007f9644863000 JavaThread "C2 CompilerThread1" daemon [_thread_in_native, id=23811, stack(0x000070000653b000,0x000070000663b000)]
  0x00007f96460ce000 JavaThread "Monitor Ctrl-Break" daemon [_thread_in_native, id=40451, stack(0x000070000663e000,0x000070000673e000)]
=>0x00007f964610e800 JavaThread "C2 CompilerThread2" daemon [_thread_in_native, id=25091, stack(0x0000700006844000,0x0000700006944000)]
  0x00007f9644330000 JavaThread "Attach Listener" daemon [_thread_blocked, id=38403, stack(0x0000700006e56000,0x0000700006f56000)]

Other Threads:
  0x00007f9647004000 VMThread "VM Thread" [stack: 0x0000700005c20000,0x0000700005d20000] [id=18435]
  0x00007f964486b800 WatcherThread [stack: 0x0000700006741000,0x0000700006841000] [id=24323]
  0x00007f964600f800 GCTaskThread "GC Thread#0" [stack: 0x0000700005711000,0x0000700005811000] [id=12291]
  0x00007f9644270800 GCTaskThread "GC Thread#1" [stack: 0x0000700006947000,0x0000700006a47000] [id=25603]
  0x00007f96440df800 GCTaskThread "GC Thread#2" [stack: 0x0000700006a4a000,0x0000700006b4a000] [id=25859]
  0x00007f9644988000 GCTaskThread "GC Thread#3" [stack: 0x0000700006b4d000,0x0000700006c4d000] [id=26115]
  0x00007f9644249000 GCTaskThread "GC Thread#4" [stack: 0x0000700006c50000,0x0000700006d50000] [id=39171]
  0x00007f964424a000 GCTaskThread "GC Thread#5" [stack: 0x0000700006d53000,0x0000700006e53000] [id=38659]
  0x00007f9646053800 ConcurrentGCThread "G1 Main Marker" [stack: 0x0000700005814000,0x0000700005914000] [id=12547]
  0x00007f9646054000 ConcurrentGCThread "G1 Conc#0" [stack: 0x0000700005917000,0x0000700005a17000] [id=20227]
  0x00007f9646392800 ConcurrentGCThread "G1 Conc#1" [stack: 0x0000700006f59000,0x0000700007059000] [id=27139]
  0x00007f96440a8000 ConcurrentGCThread "G1 Refine#0" [stack: 0x0000700005a1a000,0x0000700005b1a000] [id=19971]
  0x00007f9646055000 ConcurrentGCThread "G1 Young RemSet Sampling" [stack: 0x0000700005b1d000,0x0000700005c1d000] [id=19459]

Threads with active compile tasks:
C2 CompilerThread0   1883 2268 %     4       sun.nio.cs.UTF_8$Decoder::decodeArrayLoop @ 73 (691 bytes)
C1 CompilerThread0   1883 2282       3       org.apache.maven.model.merge.MavenModelMerger::getPluginKey (5 bytes)
C2 CompilerThread1   1883 2255       4       org.codehaus.plexus.util.xml.pull.MXParser::nextImpl (1202 bytes)
C2 CompilerThread2   1883 1761   !   4       java.net.URL::<init> (543 bytes)

VM state:not at safepoint (normal execution)

VM Mutex/Monitor currently owned by a thread: None

Heap address: 0x0000000700000000, size: 4096 MB, Compressed Oops mode: Zero based, Oop shift amount: 3
Narrow klass base: 0x0000000800000000, Narrow klass shift: 0
Compressed class space size: 1073741824 Address: 0x0000000800000000

Heap:
 garbage-first heap   total 262144K, used 11815K [0x0000000700000000, 0x0000000800000000)
  region size 1024K, 12 young (12288K), 6 survivors (6144K)
 Metaspace       used 20917K, capacity 21299K, committed 21808K, reserved 1069056K
  class space    used 2239K, capacity 2354K, committed 2432K, reserved 1048576K
Heap Regions: E=young(eden), S=young(survivor), O=old, HS=humongous(starts), HC=humongous(continues), CS=collection set, F=free, A=archive, TAMS=top-at-mark-start (previous, next)
|   0|0x0000000700000000, 0x000000070008d600, 0x0000000700100000| 55%| O|  |TAMS 0x000000070008d600, 0x0000000700000000| Untracked 
|   1|0x0000000700100000, 0x0000000700100000, 0x0000000700200000|  0%| F|  |TAMS 0x0000000700100000, 0x0000000700100000| Untracked 
|   2|0x0000000700200000, 0x0000000700200000, 0x0000000700300000|  0%| F|  |TAMS 0x0000000700200000, 0x0000000700200000| Untracked 
|   3|0x0000000700300000, 0x0000000700300000, 0x0000000700400000|  0%| F|  |TAMS 0x0000000700300000, 0x0000000700300000| Untracked 
|   4|0x0000000700400000, 0x0000000700400000, 0x0000000700500000|  0%| F|  |TAMS 0x0000000700400000, 0x0000000700400000| Untracked 
|   5|0x0000000700500000, 0x0000000700500000, 0x0000000700600000|  0%| F|  |TAMS 0x0000000700500000, 0x0000000700500000| Untracked 
|   6|0x0000000700600000, 0x0000000700600000, 0x0000000700700000|  0%| F|  |TAMS 0x0000000700600000, 0x0000000700600000| Untracked 
|   7|0x0000000700700000, 0x0000000700700000, 0x0000000700800000|  0%| F|  |TAMS 0x0000000700700000, 0x0000000700700000| Untracked 
|   8|0x0000000700800000, 0x0000000700800000, 0x0000000700900000|  0%| F|  |TAMS 0x0000000700800000, 0x0000000700800000| Untracked 
|   9|0x0000000700900000, 0x0000000700900000, 0x0000000700a00000|  0%| F|  |TAMS 0x0000000700900000, 0x0000000700900000| Untracked 
|  10|0x0000000700a00000, 0x0000000700a00000, 0x0000000700b00000|  0%| F|  |TAMS 0x0000000700a00000, 0x0000000700a00000| Untracked 
|  11|0x0000000700b00000, 0x0000000700b00000, 0x0000000700c00000|  0%| F|  |TAMS 0x0000000700b00000, 0x0000000700b00000| Untracked 
|  12|0x0000000700c00000, 0x0000000700c00000, 0x0000000700d00000|  0%| F|  |TAMS 0x0000000700c00000, 0x0000000700c00000| Untracked 
|  13|0x0000000700d00000, 0x0000000700d00000, 0x0000000700e00000|  0%| F|  |TAMS 0x0000000700d00000, 0x0000000700d00000| Untracked 
|  14|0x0000000700e00000, 0x0000000700e00000, 0x0000000700f00000|  0%| F|  |TAMS 0x0000000700e00000, 0x0000000700e00000| Untracked 
|  15|0x0000000700f00000, 0x0000000700f00000, 0x0000000701000000|  0%| F|  |TAMS 0x0000000700f00000, 0x0000000700f00000| Untracked 
|  16|0x0000000701000000, 0x0000000701000000, 0x0000000701100000|  0%| F|  |TAMS 0x0000000701000000, 0x0000000701000000| Untracked 
|  17|0x0000000701100000, 0x0000000701100000, 0x0000000701200000|  0%| F|  |TAMS 0x0000000701100000, 0x0000000701100000| Untracked 
|  18|0x0000000701200000, 0x0000000701200000, 0x0000000701300000|  0%| F|  |TAMS 0x0000000701200000, 0x0000000701200000| Untracked 
|  19|0x0000000701300000, 0x0000000701300000, 0x0000000701400000|  0%| F|  |TAMS 0x0000000701300000, 0x0000000701300000| Untracked 
|  20|0x0000000701400000, 0x0000000701400000, 0x0000000701500000|  0%| F|  |TAMS 0x0000000701400000, 0x0000000701400000| Untracked 
|  21|0x0000000701500000, 0x0000000701500000, 0x0000000701600000|  0%| F|  |TAMS 0x0000000701500000, 0x0000000701500000| Untracked 
|  22|0x0000000701600000, 0x0000000701600000, 0x0000000701700000|  0%| F|  |TAMS 0x0000000701600000, 0x0000000701600000| Untracked 
|  23|0x0000000701700000, 0x0000000701700000, 0x0000000701800000|  0%| F|  |TAMS 0x0000000701700000, 0x0000000701700000| Untracked 
|  24|0x0000000701800000, 0x0000000701800000, 0x0000000701900000|  0%| F|  |TAMS 0x0000000701800000, 0x0000000701800000| Untracked 
|  25|0x0000000701900000, 0x0000000701900000, 0x0000000701a00000|  0%| F|  |TAMS 0x0000000701900000, 0x0000000701900000| Untracked 
|  26|0x0000000701a00000, 0x0000000701a00000, 0x0000000701b00000|  0%| F|  |TAMS 0x0000000701a00000, 0x0000000701a00000| Untracked 
|  27|0x0000000701b00000, 0x0000000701b00000, 0x0000000701c00000|  0%| F|  |TAMS 0x0000000701b00000, 0x0000000701b00000| Untracked 
|  28|0x0000000701c00000, 0x0000000701c00000, 0x0000000701d00000|  0%| F|  |TAMS 0x0000000701c00000, 0x0000000701c00000| Untracked 
|  29|0x0000000701d00000, 0x0000000701d00000, 0x0000000701e00000|  0%| F|  |TAMS 0x0000000701d00000, 0x0000000701d00000| Untracked 
|  30|0x0000000701e00000, 0x0000000701e00000, 0x0000000701f00000|  0%| F|  |TAMS 0x0000000701e00000, 0x0000000701e00000| Untracked 
|  31|0x0000000701f00000, 0x0000000701f00000, 0x0000000702000000|  0%| F|  |TAMS 0x0000000701f00000, 0x0000000701f00000| Untracked 
|  32|0x0000000702000000, 0x0000000702000000, 0x0000000702100000|  0%| F|  |TAMS 0x0000000702000000, 0x0000000702000000| Untracked 
|  33|0x0000000702100000, 0x0000000702100000, 0x0000000702200000|  0%| F|  |TAMS 0x0000000702100000, 0x0000000702100000| Untracked 
|  34|0x0000000702200000, 0x0000000702200000, 0x0000000702300000|  0%| F|  |TAMS 0x0000000702200000, 0x0000000702200000| Untracked 
|  35|0x0000000702300000, 0x0000000702300000, 0x0000000702400000|  0%| F|  |TAMS 0x0000000702300000, 0x0000000702300000| Untracked 
|  36|0x0000000702400000, 0x0000000702400000, 0x0000000702500000|  0%| F|  |TAMS 0x0000000702400000, 0x0000000702400000| Untracked 
|  37|0x0000000702500000, 0x0000000702500000, 0x0000000702600000|  0%| F|  |TAMS 0x0000000702500000, 0x0000000702500000| Untracked 
|  38|0x0000000702600000, 0x0000000702600000, 0x0000000702700000|  0%| F|  |TAMS 0x0000000702600000, 0x0000000702600000| Untracked 
|  39|0x0000000702700000, 0x0000000702700000, 0x0000000702800000|  0%| F|  |TAMS 0x0000000702700000, 0x0000000702700000| Untracked 
|  40|0x0000000702800000, 0x0000000702800000, 0x0000000702900000|  0%| F|  |TAMS 0x0000000702800000, 0x0000000702800000| Untracked 
|  41|0x0000000702900000, 0x0000000702900000, 0x0000000702a00000|  0%| F|  |TAMS 0x0000000702900000, 0x0000000702900000| Untracked 
|  42|0x0000000702a00000, 0x0000000702a00000, 0x0000000702b00000|  0%| F|  |TAMS 0x0000000702a00000, 0x0000000702a00000| Untracked 
|  43|0x0000000702b00000, 0x0000000702b00000, 0x0000000702c00000|  0%| F|  |TAMS 0x0000000702b00000, 0x0000000702b00000| Untracked 
|  44|0x0000000702c00000, 0x0000000702c00000, 0x0000000702d00000|  0%| F|  |TAMS 0x0000000702c00000, 0x0000000702c00000| Untracked 
|  45|0x0000000702d00000, 0x0000000702d00000, 0x0000000702e00000|  0%| F|  |TAMS 0x0000000702d00000, 0x0000000702d00000| Untracked 
|  46|0x0000000702e00000, 0x0000000702e00000, 0x0000000702f00000|  0%| F|  |TAMS 0x0000000702e00000, 0x0000000702e00000| Untracked 
|  47|0x0000000702f00000, 0x0000000702f00000, 0x0000000703000000|  0%| F|  |TAMS 0x0000000702f00000, 0x0000000702f00000| Untracked 
|  48|0x0000000703000000, 0x0000000703000000, 0x0000000703100000|  0%| F|  |TAMS 0x0000000703000000, 0x0000000703000000| Untracked 
|  49|0x0000000703100000, 0x0000000703100000, 0x0000000703200000|  0%| F|  |TAMS 0x0000000703100000, 0x0000000703100000| Untracked 
|  50|0x0000000703200000, 0x0000000703200000, 0x0000000703300000|  0%| F|  |TAMS 0x0000000703200000, 0x0000000703200000| Untracked 
|  51|0x0000000703300000, 0x0000000703300000, 0x0000000703400000|  0%| F|  |TAMS 0x0000000703300000, 0x0000000703300000| Untracked 
|  52|0x0000000703400000, 0x0000000703400000, 0x0000000703500000|  0%| F|  |TAMS 0x0000000703400000, 0x0000000703400000| Untracked 
|  53|0x0000000703500000, 0x0000000703500000, 0x0000000703600000|  0%| F|  |TAMS 0x0000000703500000, 0x0000000703500000| Untracked 
|  54|0x0000000703600000, 0x0000000703600000, 0x0000000703700000|  0%| F|  |TAMS 0x0000000703600000, 0x0000000703600000| Untracked 
|  55|0x0000000703700000, 0x0000000703700000, 0x0000000703800000|  0%| F|  |TAMS 0x0000000703700000, 0x0000000703700000| Untracked 
|  56|0x0000000703800000, 0x0000000703800000, 0x0000000703900000|  0%| F|  |TAMS 0x0000000703800000, 0x0000000703800000| Untracked 
|  57|0x0000000703900000, 0x0000000703900000, 0x0000000703a00000|  0%| F|  |TAMS 0x0000000703900000, 0x0000000703900000| Untracked 
|  58|0x0000000703a00000, 0x0000000703a00000, 0x0000000703b00000|  0%| F|  |TAMS 0x0000000703a00000, 0x0000000703a00000| Untracked 
|  59|0x0000000703b00000, 0x0000000703b00000, 0x0000000703c00000|  0%| F|  |TAMS 0x0000000703b00000, 0x0000000703b00000| Untracked 
|  60|0x0000000703c00000, 0x0000000703c00000, 0x0000000703d00000|  0%| F|  |TAMS 0x0000000703c00000, 0x0000000703c00000| Untracked 
|  61|0x0000000703d00000, 0x0000000703d00000, 0x0000000703e00000|  0%| F|  |TAMS 0x0000000703d00000, 0x0000000703d00000| Untracked 
|  62|0x0000000703e00000, 0x0000000703e00000, 0x0000000703f00000|  0%| F|  |TAMS 0x0000000703e00000, 0x0000000703e00000| Untracked 
|  63|0x0000000703f00000, 0x0000000703f00000, 0x0000000704000000|  0%| F|  |TAMS 0x0000000703f00000, 0x0000000703f00000| Untracked 
|  64|0x0000000704000000, 0x0000000704000000, 0x0000000704100000|  0%| F|  |TAMS 0x0000000704000000, 0x0000000704000000| Untracked 
|  65|0x0000000704100000, 0x0000000704100000, 0x0000000704200000|  0%| F|  |TAMS 0x0000000704100000, 0x0000000704100000| Untracked 
|  66|0x0000000704200000, 0x0000000704200000, 0x0000000704300000|  0%| F|  |TAMS 0x0000000704200000, 0x0000000704200000| Untracked 
|  67|0x0000000704300000, 0x0000000704300000, 0x0000000704400000|  0%| F|  |TAMS 0x0000000704300000, 0x0000000704300000| Untracked 
|  68|0x0000000704400000, 0x0000000704400000, 0x0000000704500000|  0%| F|  |TAMS 0x0000000704400000, 0x0000000704400000| Untracked 
|  69|0x0000000704500000, 0x0000000704500000, 0x0000000704600000|  0%| F|  |TAMS 0x0000000704500000, 0x0000000704500000| Untracked 
|  70|0x0000000704600000, 0x0000000704600000, 0x0000000704700000|  0%| F|  |TAMS 0x0000000704600000, 0x0000000704600000| Untracked 
|  71|0x0000000704700000, 0x0000000704700000, 0x0000000704800000|  0%| F|  |TAMS 0x0000000704700000, 0x0000000704700000| Untracked 
|  72|0x0000000704800000, 0x0000000704800000, 0x0000000704900000|  0%| F|  |TAMS 0x0000000704800000, 0x0000000704800000| Untracked 
|  73|0x0000000704900000, 0x0000000704900000, 0x0000000704a00000|  0%| F|  |TAMS 0x0000000704900000, 0x0000000704900000| Untracked 
|  74|0x0000000704a00000, 0x0000000704a00000, 0x0000000704b00000|  0%| F|  |TAMS 0x0000000704a00000, 0x0000000704a00000| Untracked 
|  75|0x0000000704b00000, 0x0000000704b00000, 0x0000000704c00000|  0%| F|  |TAMS 0x0000000704b00000, 0x0000000704b00000| Untracked 
|  76|0x0000000704c00000, 0x0000000704c00000, 0x0000000704d00000|  0%| F|  |TAMS 0x0000000704c00000, 0x0000000704c00000| Untracked 
|  77|0x0000000704d00000, 0x0000000704d00000, 0x0000000704e00000|  0%| F|  |TAMS 0x0000000704d00000, 0x0000000704d00000| Untracked 
|  78|0x0000000704e00000, 0x0000000704e00000, 0x0000000704f00000|  0%| F|  |TAMS 0x0000000704e00000, 0x0000000704e00000| Untracked 
|  79|0x0000000704f00000, 0x0000000704f00000, 0x0000000705000000|  0%| F|  |TAMS 0x0000000704f00000, 0x0000000704f00000| Untracked 
|  80|0x0000000705000000, 0x0000000705000000, 0x0000000705100000|  0%| F|  |TAMS 0x0000000705000000, 0x0000000705000000| Untracked 
|  81|0x0000000705100000, 0x0000000705100000, 0x0000000705200000|  0%| F|  |TAMS 0x0000000705100000, 0x0000000705100000| Untracked 
|  82|0x0000000705200000, 0x0000000705200000, 0x0000000705300000|  0%| F|  |TAMS 0x0000000705200000, 0x0000000705200000| Untracked 
|  83|0x0000000705300000, 0x0000000705300000, 0x0000000705400000|  0%| F|  |TAMS 0x0000000705300000, 0x0000000705300000| Untracked 
|  84|0x0000000705400000, 0x0000000705400000, 0x0000000705500000|  0%| F|  |TAMS 0x0000000705400000, 0x0000000705400000| Untracked 
|  85|0x0000000705500000, 0x0000000705500000, 0x0000000705600000|  0%| F|  |TAMS 0x0000000705500000, 0x0000000705500000| Untracked 
|  86|0x0000000705600000, 0x0000000705600000, 0x0000000705700000|  0%| F|  |TAMS 0x0000000705600000, 0x0000000705600000| Untracked 
|  87|0x0000000705700000, 0x0000000705700000, 0x0000000705800000|  0%| F|  |TAMS 0x0000000705700000, 0x0000000705700000| Untracked 
|  88|0x0000000705800000, 0x0000000705800000, 0x0000000705900000|  0%| F|  |TAMS 0x0000000705800000, 0x0000000705800000| Untracked 
|  89|0x0000000705900000, 0x0000000705900000, 0x0000000705a00000|  0%| F|  |TAMS 0x0000000705900000, 0x0000000705900000| Untracked 
|  90|0x0000000705a00000, 0x0000000705a00000, 0x0000000705b00000|  0%| F|  |TAMS 0x0000000705a00000, 0x0000000705a00000| Untracked 
|  91|0x0000000705b00000, 0x0000000705b00000, 0x0000000705c00000|  0%| F|  |TAMS 0x0000000705b00000, 0x0000000705b00000| Untracked 
|  92|0x0000000705c00000, 0x0000000705c00000, 0x0000000705d00000|  0%| F|  |TAMS 0x0000000705c00000, 0x0000000705c00000| Untracked 
|  93|0x0000000705d00000, 0x0000000705d00000, 0x0000000705e00000|  0%| F|  |TAMS 0x0000000705d00000, 0x0000000705d00000| Untracked 
|  94|0x0000000705e00000, 0x0000000705e00000, 0x0000000705f00000|  0%| F|  |TAMS 0x0000000705e00000, 0x0000000705e00000| Untracked 
|  95|0x0000000705f00000, 0x0000000705f00000, 0x0000000706000000|  0%| F|  |TAMS 0x0000000705f00000, 0x0000000705f00000| Untracked 
|  96|0x0000000706000000, 0x0000000706000000, 0x0000000706100000|  0%| F|  |TAMS 0x0000000706000000, 0x0000000706000000| Untracked 
|  97|0x0000000706100000, 0x0000000706100000, 0x0000000706200000|  0%| F|  |TAMS 0x0000000706100000, 0x0000000706100000| Untracked 
|  98|0x0000000706200000, 0x0000000706200000, 0x0000000706300000|  0%| F|  |TAMS 0x0000000706200000, 0x0000000706200000| Untracked 
|  99|0x0000000706300000, 0x0000000706300000, 0x0000000706400000|  0%| F|  |TAMS 0x0000000706300000, 0x0000000706300000| Untracked 
| 100|0x0000000706400000, 0x0000000706400000, 0x0000000706500000|  0%| F|  |TAMS 0x0000000706400000, 0x0000000706400000| Untracked 
| 101|0x0000000706500000, 0x0000000706500000, 0x0000000706600000|  0%| F|  |TAMS 0x0000000706500000, 0x0000000706500000| Untracked 
| 102|0x0000000706600000, 0x0000000706600000, 0x0000000706700000|  0%| F|  |TAMS 0x0000000706600000, 0x0000000706600000| Untracked 
| 103|0x0000000706700000, 0x0000000706700000, 0x0000000706800000|  0%| F|  |TAMS 0x0000000706700000, 0x0000000706700000| Untracked 
| 104|0x0000000706800000, 0x0000000706800000, 0x0000000706900000|  0%| F|  |TAMS 0x0000000706800000, 0x0000000706800000| Untracked 
| 105|0x0000000706900000, 0x0000000706900000, 0x0000000706a00000|  0%| F|  |TAMS 0x0000000706900000, 0x0000000706900000| Untracked 
| 106|0x0000000706a00000, 0x0000000706a00000, 0x0000000706b00000|  0%| F|  |TAMS 0x0000000706a00000, 0x0000000706a00000| Untracked 
| 107|0x0000000706b00000, 0x0000000706b00000, 0x0000000706c00000|  0%| F|  |TAMS 0x0000000706b00000, 0x0000000706b00000| Untracked 
| 108|0x0000000706c00000, 0x0000000706c00000, 0x0000000706d00000|  0%| F|  |TAMS 0x0000000706c00000, 0x0000000706c00000| Untracked 
| 109|0x0000000706d00000, 0x0000000706d00000, 0x0000000706e00000|  0%| F|  |TAMS 0x0000000706d00000, 0x0000000706d00000| Untracked 
| 110|0x0000000706e00000, 0x0000000706e00000, 0x0000000706f00000|  0%| F|  |TAMS 0x0000000706e00000, 0x0000000706e00000| Untracked 
| 111|0x0000000706f00000, 0x0000000706f00000, 0x0000000707000000|  0%| F|  |TAMS 0x0000000706f00000, 0x0000000706f00000| Untracked 
| 112|0x0000000707000000, 0x0000000707000000, 0x0000000707100000|  0%| F|  |TAMS 0x0000000707000000, 0x0000000707000000| Untracked 
| 113|0x0000000707100000, 0x0000000707100000, 0x0000000707200000|  0%| F|  |TAMS 0x0000000707100000, 0x0000000707100000| Untracked 
| 114|0x0000000707200000, 0x0000000707200000, 0x0000000707300000|  0%| F|  |TAMS 0x0000000707200000, 0x0000000707200000| Untracked 
| 115|0x0000000707300000, 0x0000000707300000, 0x0000000707400000|  0%| F|  |TAMS 0x0000000707300000, 0x0000000707300000| Untracked 
| 116|0x0000000707400000, 0x0000000707400000, 0x0000000707500000|  0%| F|  |TAMS 0x0000000707400000, 0x0000000707400000| Untracked 
| 117|0x0000000707500000, 0x0000000707500000, 0x0000000707600000|  0%| F|  |TAMS 0x0000000707500000, 0x0000000707500000| Untracked 
| 118|0x0000000707600000, 0x0000000707600000, 0x0000000707700000|  0%| F|  |TAMS 0x0000000707600000, 0x0000000707600000| Untracked 
| 119|0x0000000707700000, 0x0000000707700000, 0x0000000707800000|  0%| F|  |TAMS 0x0000000707700000, 0x0000000707700000| Untracked 
| 120|0x0000000707800000, 0x0000000707800000, 0x0000000707900000|  0%| F|  |TAMS 0x0000000707800000, 0x0000000707800000| Untracked 
| 121|0x0000000707900000, 0x0000000707900000, 0x0000000707a00000|  0%| F|  |TAMS 0x0000000707900000, 0x0000000707900000| Untracked 
| 122|0x0000000707a00000, 0x0000000707a00000, 0x0000000707b00000|  0%| F|  |TAMS 0x0000000707a00000, 0x0000000707a00000| Untracked 
| 123|0x0000000707b00000, 0x0000000707b00000, 0x0000000707c00000|  0%| F|  |TAMS 0x0000000707b00000, 0x0000000707b00000| Untracked 
| 124|0x0000000707c00000, 0x0000000707c00000, 0x0000000707d00000|  0%| F|  |TAMS 0x0000000707c00000, 0x0000000707c00000| Untracked 
| 125|0x0000000707d00000, 0x0000000707d00000, 0x0000000707e00000|  0%| F|  |TAMS 0x0000000707d00000, 0x0000000707d00000| Untracked 
| 126|0x0000000707e00000, 0x0000000707e00000, 0x0000000707f00000|  0%| F|  |TAMS 0x0000000707e00000, 0x0000000707e00000| Untracked 
| 127|0x0000000707f00000, 0x0000000707f00000, 0x0000000708000000|  0%| F|  |TAMS 0x0000000707f00000, 0x0000000707f00000| Untracked 
| 128|0x0000000708000000, 0x0000000708000000, 0x0000000708100000|  0%| F|  |TAMS 0x0000000708000000, 0x0000000708000000| Untracked 
| 129|0x0000000708100000, 0x0000000708100000, 0x0000000708200000|  0%| F|  |TAMS 0x0000000708100000, 0x0000000708100000| Untracked 
| 130|0x0000000708200000, 0x0000000708200000, 0x0000000708300000|  0%| F|  |TAMS 0x0000000708200000, 0x0000000708200000| Untracked 
| 131|0x0000000708300000, 0x0000000708300000, 0x0000000708400000|  0%| F|  |TAMS 0x0000000708300000, 0x0000000708300000| Untracked 
| 132|0x0000000708400000, 0x0000000708400000, 0x0000000708500000|  0%| F|  |TAMS 0x0000000708400000, 0x0000000708400000| Untracked 
| 133|0x0000000708500000, 0x0000000708500000, 0x0000000708600000|  0%| F|  |TAMS 0x0000000708500000, 0x0000000708500000| Untracked 
| 134|0x0000000708600000, 0x0000000708600000, 0x0000000708700000|  0%| F|  |TAMS 0x0000000708600000, 0x0000000708600000| Untracked 
| 135|0x0000000708700000, 0x0000000708700000, 0x0000000708800000|  0%| F|  |TAMS 0x0000000708700000, 0x0000000708700000| Untracked 
| 136|0x0000000708800000, 0x0000000708800000, 0x0000000708900000|  0%| F|  |TAMS 0x0000000708800000, 0x0000000708800000| Untracked 
| 137|0x0000000708900000, 0x0000000708900000, 0x0000000708a00000|  0%| F|  |TAMS 0x0000000708900000, 0x0000000708900000| Untracked 
| 138|0x0000000708a00000, 0x0000000708a00000, 0x0000000708b00000|  0%| F|  |TAMS 0x0000000708a00000, 0x0000000708a00000| Untracked 
| 139|0x0000000708b00000, 0x0000000708b00000, 0x0000000708c00000|  0%| F|  |TAMS 0x0000000708b00000, 0x0000000708b00000| Untracked 
| 140|0x0000000708c00000, 0x0000000708c00000, 0x0000000708d00000|  0%| F|  |TAMS 0x0000000708c00000, 0x0000000708c00000| Untracked 
| 141|0x0000000708d00000, 0x0000000708d00000, 0x0000000708e00000|  0%| F|  |TAMS 0x0000000708d00000, 0x0000000708d00000| Untracked 
| 142|0x0000000708e00000, 0x0000000708e00000, 0x0000000708f00000|  0%| F|  |TAMS 0x0000000708e00000, 0x0000000708e00000| Untracked 
| 143|0x0000000708f00000, 0x0000000708f00000, 0x0000000709000000|  0%| F|  |TAMS 0x0000000708f00000, 0x0000000708f00000| Untracked 
| 144|0x0000000709000000, 0x0000000709000000, 0x0000000709100000|  0%| F|  |TAMS 0x0000000709000000, 0x0000000709000000| Untracked 
| 145|0x0000000709100000, 0x0000000709100000, 0x0000000709200000|  0%| F|  |TAMS 0x0000000709100000, 0x0000000709100000| Untracked 
| 146|0x0000000709200000, 0x0000000709200000, 0x0000000709300000|  0%| F|  |TAMS 0x0000000709200000, 0x0000000709200000| Untracked 
| 147|0x0000000709300000, 0x0000000709300000, 0x0000000709400000|  0%| F|  |TAMS 0x0000000709300000, 0x0000000709300000| Untracked 
| 148|0x0000000709400000, 0x0000000709400000, 0x0000000709500000|  0%| F|  |TAMS 0x0000000709400000, 0x0000000709400000| Untracked 
| 149|0x0000000709500000, 0x0000000709500000, 0x0000000709600000|  0%| F|  |TAMS 0x0000000709500000, 0x0000000709500000| Untracked 
| 150|0x0000000709600000, 0x0000000709600000, 0x0000000709700000|  0%| F|  |TAMS 0x0000000709600000, 0x0000000709600000| Untracked 
| 151|0x0000000709700000, 0x0000000709700000, 0x0000000709800000|  0%| F|  |TAMS 0x0000000709700000, 0x0000000709700000| Untracked 
| 152|0x0000000709800000, 0x0000000709800000, 0x0000000709900000|  0%| F|  |TAMS 0x0000000709800000, 0x0000000709800000| Untracked 
| 153|0x0000000709900000, 0x0000000709900000, 0x0000000709a00000|  0%| F|  |TAMS 0x0000000709900000, 0x0000000709900000| Untracked 
| 154|0x0000000709a00000, 0x0000000709a00000, 0x0000000709b00000|  0%| F|  |TAMS 0x0000000709a00000, 0x0000000709a00000| Untracked 
| 155|0x0000000709b00000, 0x0000000709b00000, 0x0000000709c00000|  0%| F|  |TAMS 0x0000000709b00000, 0x0000000709b00000| Untracked 
| 156|0x0000000709c00000, 0x0000000709c00000, 0x0000000709d00000|  0%| F|  |TAMS 0x0000000709c00000, 0x0000000709c00000| Untracked 
| 157|0x0000000709d00000, 0x0000000709d00000, 0x0000000709e00000|  0%| F|  |TAMS 0x0000000709d00000, 0x0000000709d00000| Untracked 
| 158|0x0000000709e00000, 0x0000000709e00000, 0x0000000709f00000|  0%| F|  |TAMS 0x0000000709e00000, 0x0000000709e00000| Untracked 
| 159|0x0000000709f00000, 0x0000000709f00000, 0x000000070a000000|  0%| F|  |TAMS 0x0000000709f00000, 0x0000000709f00000| Untracked 
| 160|0x000000070a000000, 0x000000070a000000, 0x000000070a100000|  0%| F|  |TAMS 0x000000070a000000, 0x000000070a000000| Untracked 
| 161|0x000000070a100000, 0x000000070a100000, 0x000000070a200000|  0%| F|  |TAMS 0x000000070a100000, 0x000000070a100000| Untracked 
| 162|0x000000070a200000, 0x000000070a200000, 0x000000070a300000|  0%| F|  |TAMS 0x000000070a200000, 0x000000070a200000| Untracked 
| 163|0x000000070a300000, 0x000000070a300000, 0x000000070a400000|  0%| F|  |TAMS 0x000000070a300000, 0x000000070a300000| Untracked 
| 164|0x000000070a400000, 0x000000070a400000, 0x000000070a500000|  0%| F|  |TAMS 0x000000070a400000, 0x000000070a400000| Untracked 
| 165|0x000000070a500000, 0x000000070a500000, 0x000000070a600000|  0%| F|  |TAMS 0x000000070a500000, 0x000000070a500000| Untracked 
| 166|0x000000070a600000, 0x000000070a600000, 0x000000070a700000|  0%| F|  |TAMS 0x000000070a600000, 0x000000070a600000| Untracked 
| 167|0x000000070a700000, 0x000000070a700000, 0x000000070a800000|  0%| F|  |TAMS 0x000000070a700000, 0x000000070a700000| Untracked 
| 168|0x000000070a800000, 0x000000070a800000, 0x000000070a900000|  0%| F|  |TAMS 0x000000070a800000, 0x000000070a800000| Untracked 
| 169|0x000000070a900000, 0x000000070a900000, 0x000000070aa00000|  0%| F|  |TAMS 0x000000070a900000, 0x000000070a900000| Untracked 
| 170|0x000000070aa00000, 0x000000070aa00000, 0x000000070ab00000|  0%| F|  |TAMS 0x000000070aa00000, 0x000000070aa00000| Untracked 
| 171|0x000000070ab00000, 0x000000070ab00000, 0x000000070ac00000|  0%| F|  |TAMS 0x000000070ab00000, 0x000000070ab00000| Untracked 
| 172|0x000000070ac00000, 0x000000070ac00000, 0x000000070ad00000|  0%| F|  |TAMS 0x000000070ac00000, 0x000000070ac00000| Untracked 
| 173|0x000000070ad00000, 0x000000070ad00000, 0x000000070ae00000|  0%| F|  |TAMS 0x000000070ad00000, 0x000000070ad00000| Untracked 
| 174|0x000000070ae00000, 0x000000070ae00000, 0x000000070af00000|  0%| F|  |TAMS 0x000000070ae00000, 0x000000070ae00000| Untracked 
| 175|0x000000070af00000, 0x000000070af00000, 0x000000070b000000|  0%| F|  |TAMS 0x000000070af00000, 0x000000070af00000| Untracked 
| 176|0x000000070b000000, 0x000000070b000000, 0x000000070b100000|  0%| F|  |TAMS 0x000000070b000000, 0x000000070b000000| Untracked 
| 177|0x000000070b100000, 0x000000070b100000, 0x000000070b200000|  0%| F|  |TAMS 0x000000070b100000, 0x000000070b100000| Untracked 
| 178|0x000000070b200000, 0x000000070b200000, 0x000000070b300000|  0%| F|  |TAMS 0x000000070b200000, 0x000000070b200000| Untracked 
| 179|0x000000070b300000, 0x000000070b300000, 0x000000070b400000|  0%| F|  |TAMS 0x000000070b300000, 0x000000070b300000| Untracked 
| 180|0x000000070b400000, 0x000000070b400000, 0x000000070b500000|  0%| F|  |TAMS 0x000000070b400000, 0x000000070b400000| Untracked 
| 181|0x000000070b500000, 0x000000070b500000, 0x000000070b600000|  0%| F|  |TAMS 0x000000070b500000, 0x000000070b500000| Untracked 
| 182|0x000000070b600000, 0x000000070b600000, 0x000000070b700000|  0%| F|  |TAMS 0x000000070b600000, 0x000000070b600000| Untracked 
| 183|0x000000070b700000, 0x000000070b700000, 0x000000070b800000|  0%| F|  |TAMS 0x000000070b700000, 0x000000070b700000| Untracked 
| 184|0x000000070b800000, 0x000000070b800000, 0x000000070b900000|  0%| F|  |TAMS 0x000000070b800000, 0x000000070b800000| Untracked 
| 185|0x000000070b900000, 0x000000070b900000, 0x000000070ba00000|  0%| F|  |TAMS 0x000000070b900000, 0x000000070b900000| Untracked 
| 186|0x000000070ba00000, 0x000000070ba00000, 0x000000070bb00000|  0%| F|  |TAMS 0x000000070ba00000, 0x000000070ba00000| Untracked 
| 187|0x000000070bb00000, 0x000000070bb00000, 0x000000070bc00000|  0%| F|  |TAMS 0x000000070bb00000, 0x000000070bb00000| Untracked 
| 188|0x000000070bc00000, 0x000000070bc00000, 0x000000070bd00000|  0%| F|  |TAMS 0x000000070bc00000, 0x000000070bc00000| Untracked 
| 189|0x000000070bd00000, 0x000000070bd00000, 0x000000070be00000|  0%| F|  |TAMS 0x000000070bd00000, 0x000000070bd00000| Untracked 
| 190|0x000000070be00000, 0x000000070be00000, 0x000000070bf00000|  0%| F|  |TAMS 0x000000070be00000, 0x000000070be00000| Untracked 
| 191|0x000000070bf00000, 0x000000070bf00000, 0x000000070c000000|  0%| F|  |TAMS 0x000000070bf00000, 0x000000070bf00000| Untracked 
| 192|0x000000070c000000, 0x000000070c000000, 0x000000070c100000|  0%| F|  |TAMS 0x000000070c000000, 0x000000070c000000| Untracked 
| 193|0x000000070c100000, 0x000000070c100000, 0x000000070c200000|  0%| F|  |TAMS 0x000000070c100000, 0x000000070c100000| Untracked 
| 194|0x000000070c200000, 0x000000070c200000, 0x000000070c300000|  0%| F|  |TAMS 0x000000070c200000, 0x000000070c200000| Untracked 
| 195|0x000000070c300000, 0x000000070c300000, 0x000000070c400000|  0%| F|  |TAMS 0x000000070c300000, 0x000000070c300000| Untracked 
| 196|0x000000070c400000, 0x000000070c4fc970, 0x000000070c500000| 98%| S|CS|TAMS 0x000000070c400000, 0x000000070c400000| Complete 
| 197|0x000000070c500000, 0x000000070c600000, 0x000000070c600000|100%| S|CS|TAMS 0x000000070c500000, 0x000000070c500000| Complete 
| 198|0x000000070c600000, 0x000000070c700000, 0x000000070c700000|100%| S|CS|TAMS 0x000000070c600000, 0x000000070c600000| Complete 
| 199|0x000000070c700000, 0x000000070c800000, 0x000000070c800000|100%| S|CS|TAMS 0x000000070c700000, 0x000000070c700000| Complete 
| 200|0x000000070c800000, 0x000000070c900000, 0x000000070c900000|100%| S|CS|TAMS 0x000000070c800000, 0x000000070c800000| Complete 
| 201|0x000000070c900000, 0x000000070ca00000, 0x000000070ca00000|100%| S|CS|TAMS 0x000000070c900000, 0x000000070c900000| Complete 
| 202|0x000000070ca00000, 0x000000070ca00000, 0x000000070cb00000|  0%| F|  |TAMS 0x000000070ca00000, 0x000000070ca00000| Untracked 
| 203|0x000000070cb00000, 0x000000070cb00000, 0x000000070cc00000|  0%| F|  |TAMS 0x000000070cb00000, 0x000000070cb00000| Untracked 
| 204|0x000000070cc00000, 0x000000070cc00000, 0x000000070cd00000|  0%| F|  |TAMS 0x000000070cc00000, 0x000000070cc00000| Untracked 
| 205|0x000000070cd00000, 0x000000070cd00000, 0x000000070ce00000|  0%| F|  |TAMS 0x000000070cd00000, 0x000000070cd00000| Untracked 
| 206|0x000000070ce00000, 0x000000070ce00000, 0x000000070cf00000|  0%| F|  |TAMS 0x000000070ce00000, 0x000000070ce00000| Untracked 
| 207|0x000000070cf00000, 0x000000070cf00000, 0x000000070d000000|  0%| F|  |TAMS 0x000000070cf00000, 0x000000070cf00000| Untracked 
| 208|0x000000070d000000, 0x000000070d000000, 0x000000070d100000|  0%| F|  |TAMS 0x000000070d000000, 0x000000070d000000| Untracked 
| 209|0x000000070d100000, 0x000000070d100000, 0x000000070d200000|  0%| F|  |TAMS 0x000000070d100000, 0x000000070d100000| Untracked 
| 210|0x000000070d200000, 0x000000070d200000, 0x000000070d300000|  0%| F|  |TAMS 0x000000070d200000, 0x000000070d200000| Untracked 
| 211|0x000000070d300000, 0x000000070d300000, 0x000000070d400000|  0%| F|  |TAMS 0x000000070d300000, 0x000000070d300000| Untracked 
| 212|0x000000070d400000, 0x000000070d400000, 0x000000070d500000|  0%| F|  |TAMS 0x000000070d400000, 0x000000070d400000| Untracked 
| 213|0x000000070d500000, 0x000000070d500000, 0x000000070d600000|  0%| F|  |TAMS 0x000000070d500000, 0x000000070d500000| Untracked 
| 214|0x000000070d600000, 0x000000070d600000, 0x000000070d700000|  0%| F|  |TAMS 0x000000070d600000, 0x000000070d600000| Untracked 
| 215|0x000000070d700000, 0x000000070d700000, 0x000000070d800000|  0%| F|  |TAMS 0x000000070d700000, 0x000000070d700000| Untracked 
| 216|0x000000070d800000, 0x000000070d800000, 0x000000070d900000|  0%| F|  |TAMS 0x000000070d800000, 0x000000070d800000| Untracked 
| 217|0x000000070d900000, 0x000000070d900000, 0x000000070da00000|  0%| F|  |TAMS 0x000000070d900000, 0x000000070d900000| Untracked 
| 218|0x000000070da00000, 0x000000070da00000, 0x000000070db00000|  0%| F|  |TAMS 0x000000070da00000, 0x000000070da00000| Untracked 
| 219|0x000000070db00000, 0x000000070db00000, 0x000000070dc00000|  0%| F|  |TAMS 0x000000070db00000, 0x000000070db00000| Untracked 
| 220|0x000000070dc00000, 0x000000070dc00000, 0x000000070dd00000|  0%| F|  |TAMS 0x000000070dc00000, 0x000000070dc00000| Untracked 
| 221|0x000000070dd00000, 0x000000070dd00000, 0x000000070de00000|  0%| F|  |TAMS 0x000000070dd00000, 0x000000070dd00000| Untracked 
| 222|0x000000070de00000, 0x000000070de00000, 0x000000070df00000|  0%| F|  |TAMS 0x000000070de00000, 0x000000070de00000| Untracked 
| 223|0x000000070df00000, 0x000000070df00000, 0x000000070e000000|  0%| F|  |TAMS 0x000000070df00000, 0x000000070df00000| Untracked 
| 224|0x000000070e000000, 0x000000070e000000, 0x000000070e100000|  0%| F|  |TAMS 0x000000070e000000, 0x000000070e000000| Untracked 
| 225|0x000000070e100000, 0x000000070e100000, 0x000000070e200000|  0%| F|  |TAMS 0x000000070e100000, 0x000000070e100000| Untracked 
| 226|0x000000070e200000, 0x000000070e200000, 0x000000070e300000|  0%| F|  |TAMS 0x000000070e200000, 0x000000070e200000| Untracked 
| 227|0x000000070e300000, 0x000000070e300000, 0x000000070e400000|  0%| F|  |TAMS 0x000000070e300000, 0x000000070e300000| Untracked 
| 228|0x000000070e400000, 0x000000070e400000, 0x000000070e500000|  0%| F|  |TAMS 0x000000070e400000, 0x000000070e400000| Untracked 
| 229|0x000000070e500000, 0x000000070e500000, 0x000000070e600000|  0%| F|  |TAMS 0x000000070e500000, 0x000000070e500000| Untracked 
| 230|0x000000070e600000, 0x000000070e600000, 0x000000070e700000|  0%| F|  |TAMS 0x000000070e600000, 0x000000070e600000| Untracked 
| 231|0x000000070e700000, 0x000000070e700000, 0x000000070e800000|  0%| F|  |TAMS 0x000000070e700000, 0x000000070e700000| Untracked 
| 232|0x000000070e800000, 0x000000070e800000, 0x000000070e900000|  0%| F|  |TAMS 0x000000070e800000, 0x000000070e800000| Untracked 
| 233|0x000000070e900000, 0x000000070e900000, 0x000000070ea00000|  0%| F|  |TAMS 0x000000070e900000, 0x000000070e900000| Untracked 
| 234|0x000000070ea00000, 0x000000070ea00000, 0x000000070eb00000|  0%| F|  |TAMS 0x000000070ea00000, 0x000000070ea00000| Untracked 
| 235|0x000000070eb00000, 0x000000070eb00000, 0x000000070ec00000|  0%| F|  |TAMS 0x000000070eb00000, 0x000000070eb00000| Untracked 
| 236|0x000000070ec00000, 0x000000070ec00000, 0x000000070ed00000|  0%| F|  |TAMS 0x000000070ec00000, 0x000000070ec00000| Untracked 
| 237|0x000000070ed00000, 0x000000070ed00000, 0x000000070ee00000|  0%| F|  |TAMS 0x000000070ed00000, 0x000000070ed00000| Untracked 
| 238|0x000000070ee00000, 0x000000070ee00000, 0x000000070ef00000|  0%| F|  |TAMS 0x000000070ee00000, 0x000000070ee00000| Untracked 
| 239|0x000000070ef00000, 0x000000070ef00000, 0x000000070f000000|  0%| F|  |TAMS 0x000000070ef00000, 0x000000070ef00000| Untracked 
| 240|0x000000070f000000, 0x000000070f000000, 0x000000070f100000|  0%| F|  |TAMS 0x000000070f000000, 0x000000070f000000| Untracked 
| 241|0x000000070f100000, 0x000000070f100000, 0x000000070f200000|  0%| F|  |TAMS 0x000000070f100000, 0x000000070f100000| Untracked 
| 242|0x000000070f200000, 0x000000070f200000, 0x000000070f300000|  0%| F|  |TAMS 0x000000070f200000, 0x000000070f200000| Untracked 
| 243|0x000000070f300000, 0x000000070f300000, 0x000000070f400000|  0%| F|  |TAMS 0x000000070f300000, 0x000000070f300000| Untracked 
| 244|0x000000070f400000, 0x000000070f400000, 0x000000070f500000|  0%| F|  |TAMS 0x000000070f400000, 0x000000070f400000| Untracked 
| 245|0x000000070f500000, 0x000000070f500000, 0x000000070f600000|  0%| F|  |TAMS 0x000000070f500000, 0x000000070f500000| Untracked 
| 246|0x000000070f600000, 0x000000070f600000, 0x000000070f700000|  0%| F|  |TAMS 0x000000070f600000, 0x000000070f600000| Untracked 
| 247|0x000000070f700000, 0x000000070f700000, 0x000000070f800000|  0%| F|  |TAMS 0x000000070f700000, 0x000000070f700000| Untracked 
| 248|0x000000070f800000, 0x000000070f800000, 0x000000070f900000|  0%| F|  |TAMS 0x000000070f800000, 0x000000070f800000| Untracked 
| 249|0x000000070f900000, 0x000000070f980800, 0x000000070fa00000| 50%| E|  |TAMS 0x000000070f900000, 0x000000070f900000| Complete 
| 250|0x000000070fa00000, 0x000000070fb00000, 0x000000070fb00000|100%| E|CS|TAMS 0x000000070fa00000, 0x000000070fa00000| Complete 
| 251|0x000000070fb00000, 0x000000070fc00000, 0x000000070fc00000|100%| E|CS|TAMS 0x000000070fb00000, 0x000000070fb00000| Complete 
| 252|0x000000070fc00000, 0x000000070fd00000, 0x000000070fd00000|100%| E|CS|TAMS 0x000000070fc00000, 0x000000070fc00000| Complete 
| 253|0x000000070fd00000, 0x000000070fe00000, 0x000000070fe00000|100%| E|CS|TAMS 0x000000070fd00000, 0x000000070fd00000| Complete 
| 254|0x000000070fe00000, 0x000000070ff00000, 0x000000070ff00000|100%| E|CS|TAMS 0x000000070fe00000, 0x000000070fe00000| Complete 
| 255|0x000000070ff00000, 0x0000000710000000, 0x0000000710000000|100%| E|CS|TAMS 0x000000070ff00000, 0x000000070ff00000| Complete 

Card table byte_map: [0x000000011beef000,0x000000011c6ef000] _byte_map_base: 0x00000001186ef000

Marking Bits (Prev, Next): (CMBitMap*) 0x00007f964601de50, (CMBitMap*) 0x00007f964601de18
 Prev Bits: [0x0000000120eef000, 0x0000000124eef000)
 Next Bits: [0x000000011ceef000, 0x0000000120eef000)

Polling page: 0x00000001015c9000

Metaspace:

Usage:
  Non-class:     18.50 MB capacity,    18.25 MB ( 99%) used,   235.23 KB (  1%) free+waste,    24.19 KB ( <1%) overhead. 
      Class:      2.30 MB capacity,     2.19 MB ( 95%) used,   104.70 KB (  4%) free+waste,     9.62 KB ( <1%) overhead. 
       Both:     20.80 MB capacity,    20.43 MB ( 98%) used,   339.93 KB (  2%) free+waste,    33.81 KB ( <1%) overhead. 

Virtual space:
  Non-class space:       20.00 MB reserved,      18.92 MB ( 95%) committed 
      Class space:        1.00 GB reserved,       2.38 MB ( <1%) committed 
             Both:        1.02 GB reserved,      21.30 MB (  2%) committed 

Chunk freelists:
   Non-Class:  279.00 KB
       Class:  14.00 KB
        Both:  293.00 KB

MaxMetaspaceSize: unlimited
CompressedClassSpaceSize: 1.00 GB

CodeHeap 'non-profiled nmethods': size=120032Kb used=928Kb max_used=928Kb free=119103Kb
 bounds [0x00000001149b7000, 0x0000000114c27000, 0x000000011beef000]
CodeHeap 'profiled nmethods': size=120028Kb used=4697Kb max_used=4697Kb free=115330Kb
 bounds [0x000000010d480000, 0x000000010d920000, 0x00000001149b7000]
CodeHeap 'non-nmethods': size=5700Kb used=1097Kb max_used=1134Kb free=4603Kb
 bounds [0x000000010ceef000, 0x000000010d15f000, 0x000000010d480000]
 total_blobs=2699 nmethods=2282 adapters=329
 compilation: enabled
              stopped_count=0, restarted_count=0
 full_count=0

Compilation events (20 events):
Event: 1.824 Thread 0x00007f964500b800 nmethod 2223 0x000000010d8e4990 code [0x000000010d8e4c40, 0x000000010d8e5710]
Event: 1.824 Thread 0x00007f964500b800 2226       3       java.util.IdentityHashMap::<init> (11 bytes)
Event: 1.824 Thread 0x00007f964500b800 nmethod 2226 0x000000010d8e5b10 code [0x000000010d8e5ce0, 0x000000010d8e5ff0]
Event: 1.824 Thread 0x00007f964500a800 nmethod 2180 0x0000000114a96f10 code [0x0000000114a970a0, 0x0000000114a972f8]
Event: 1.824 Thread 0x00007f964500a800 2225       4       java.lang.StringLatin1::trim (76 bytes)
Event: 1.825 Thread 0x00007f964500b800 2227       3       org.apache.maven.model.interpolation.UrlNormalizingPostProcessor::execute (32 bytes)
Event: 1.825 Thread 0x00007f964500b800 nmethod 2227 0x000000010d8e6110 code [0x000000010d8e6320, 0x000000010d8e69d0]
Event: 1.825 Thread 0x00007f964500b800 2228       3       org.apache.maven.model.interpolation.StringVisitorModelInterpolator$ModelVisitor::visit (117 bytes)
Event: 1.826 Thread 0x00007f964500b800 nmethod 2228 0x000000010d8e6c90 code [0x000000010d8e6f40, 0x000000010d8e7c70]
Event: 1.827 Thread 0x00007f964500b800 2231 %     3       java.util.Properties$LineReader::readLine @ 224 (635 bytes)
Event: 1.833 Thread 0x00007f964500b800 nmethod 2231% 0x000000010d8e8190 code [0x000000010d8e8560, 0x000000010d8eb410]
Event: 1.833 Thread 0x00007f964500b800 2235 %     3       org.codehaus.plexus.util.xml.pull.MXParser::nextImpl @ 876 (1202 bytes)
Event: 1.838 Thread 0x00007f964500a800 nmethod 2225 0x0000000114a97410 code [0x0000000114a975c0, 0x0000000114a97b38]
Event: 1.838 Thread 0x00007f964500a800 2230       4       java.util.HashMap::putVal (300 bytes)
Event: 1.840 Thread 0x00007f964500b800 nmethod 2235% 0x000000010d8ec210 code [0x000000010d8ec8e0, 0x000000010d8f0490]
Event: 1.840 Thread 0x00007f964500b800 2236       3       sun.nio.cs.UTF_8$Decoder::decodeArrayLoop (691 bytes)
Event: 1.846 Thread 0x00007f9644863000 nmethod 2184 0x0000000114a97d90 code [0x0000000114a97fa0, 0x0000000114a98a18]
Event: 1.846 Thread 0x00007f9644863000 2237       4       java.lang.String::<init> (74 bytes)
Event: 1.850 Thread 0x00007f964500b800 nmethod 2236 0x000000010d8f1710 code [0x000000010d8f20e0, 0x000000010d8f87a0]
Event: 1.850 Thread 0x00007f964500b800 2250       3       org.codehaus.plexus.util.xml.pull.MXParser::nextImpl (1202 bytes)

GC Heap History (4 events):
Event: 0.748 GC heap before
{Heap before GC invocations=0 (full 0):
 garbage-first heap   total 262144K, used 23552K [0x0000000700000000, 0x0000000800000000)
  region size 1024K, 24 young (24576K), 0 survivors (0K)
 Metaspace       used 13357K, capacity 13588K, committed 14080K, reserved 1062912K
  class space    used 1355K, capacity 1423K, committed 1536K, reserved 1048576K
}
Event: 0.753 GC heap after
{Heap after GC invocations=1 (full 0):
 garbage-first heap   total 262144K, used 3637K [0x0000000700000000, 0x0000000800000000)
  region size 1024K, 3 young (3072K), 3 survivors (3072K)
 Metaspace       used 13357K, capacity 13588K, committed 14080K, reserved 1062912K
  class space    used 1355K, capacity 1423K, committed 1536K, reserved 1048576K
}
Event: 1.716 GC heap before
{Heap before GC invocations=1 (full 0):
 garbage-first heap   total 262144K, used 54837K [0x0000000700000000, 0x0000000800000000)
  region size 1024K, 54 young (55296K), 3 survivors (3072K)
 Metaspace       used 20587K, capacity 20877K, committed 21296K, reserved 1069056K
  class space    used 2220K, capacity 2320K, committed 2432K, reserved 1048576K
}
Event: 1.730 GC heap after
{Heap after GC invocations=2 (full 0):
 garbage-first heap   total 262144K, used 6695K [0x0000000700000000, 0x0000000800000000)
  region size 1024K, 6 young (6144K), 6 survivors (6144K)
 Metaspace       used 20587K, capacity 20877K, committed 21296K, reserved 1069056K
  class space    used 2220K, capacity 2320K, committed 2432K, reserved 1048576K
}

Deoptimization events (20 events):
Event: 1.832 Thread 0x00007f9646006800 Uncommon trap: trap_request=0xffffff4d fr.pc=0x0000000114a8975c relative=0x00000000000008bc
Event: 1.832 Thread 0x00007f9646006800 Uncommon trap: reason=unstable_if action=reinterpret pc=0x0000000114a8975c method=org.codehaus.plexus.util.xml.pull.MXParser.nextImpl()I @ 1161 c2
Event: 1.832 Thread 0x00007f9646006800 DEOPT PACKING pc=0x0000000114a8975c sp=0x000000010157a140
Event: 1.832 Thread 0x00007f9646006800 DEOPT UNPACKING pc=0x000000010cf15b25 sp=0x000000010157a0c0 mode 2
Event: 1.833 Thread 0x00007f9646006800 Uncommon trap: trap_request=0xffffff4d fr.pc=0x0000000114a02d84 relative=0x0000000000000304
Event: 1.833 Thread 0x00007f9646006800 Uncommon trap: reason=unstable_if action=reinterpret pc=0x0000000114a02d84 method=sun.nio.cs.UTF_8$Decoder.decodeArrayLoop(Ljava/nio/ByteBuffer;Ljava/nio/CharBuffer;)Ljava/nio/charset/CoderResult; @ 84 c2
Event: 1.833 Thread 0x00007f9646006800 DEOPT PACKING pc=0x0000000114a02d84 sp=0x0000000101579e80
Event: 1.833 Thread 0x00007f9646006800 DEOPT UNPACKING pc=0x000000010cf15b25 sp=0x0000000101579de0 mode 2
Event: 1.836 Thread 0x00007f9646006800 Uncommon trap: trap_request=0xffffff4d fr.pc=0x00000001149df620 relative=0x0000000000000300
Event: 1.836 Thread 0x00007f9646006800 Uncommon trap: reason=unstable_if action=reinterpret pc=0x00000001149df620 method=java.lang.StringUTF16.compress([CI[BII)I @ 20 c2
Event: 1.836 Thread 0x00007f9646006800 DEOPT PACKING pc=0x00000001149df620 sp=0x0000000101579fc0
Event: 1.837 Thread 0x00007f9646006800 DEOPT UNPACKING pc=0x000000010cf15b25 sp=0x0000000101579f60 mode 2
Event: 1.841 Thread 0x00007f9646006800 Uncommon trap: trap_request=0xffffff4d fr.pc=0x0000000114a914c4 relative=0x0000000000000824
Event: 1.841 Thread 0x00007f9646006800 Uncommon trap: reason=unstable_if action=reinterpret pc=0x0000000114a914c4 method=java.lang.String.indexOf(Ljava/lang/String;)I @ 8 c2
Event: 1.841 Thread 0x00007f9646006800 DEOPT PACKING pc=0x0000000114a914c4 sp=0x000000010157a430
Event: 1.841 Thread 0x00007f9646006800 DEOPT UNPACKING pc=0x000000010cf15b25 sp=0x000000010157a2d0 mode 2
Event: 1.853 Thread 0x00007f9646006800 Uncommon trap: trap_request=0xffffff4d fr.pc=0x0000000114a97a20 relative=0x0000000000000460
Event: 1.853 Thread 0x00007f9646006800 Uncommon trap: reason=unstable_if action=reinterpret pc=0x0000000114a97a20 method=java.lang.StringLatin1.trim([B)Ljava/lang/String; @ 60 c2
Event: 1.853 Thread 0x00007f9646006800 DEOPT PACKING pc=0x0000000114a97a20 sp=0x0000000101579ff0
Event: 1.853 Thread 0x00007f9646006800 DEOPT UNPACKING pc=0x000000010cf15b25 sp=0x0000000101579fb0 mode 2

Classes redefined (0 events):
No events

Internal exceptions (8 events):
Event: 0.189 Thread 0x00007f9646006800 Exception <a 'java/security/PrivilegedActionException'{0x000000070fecb410}> (0x000000070fecb410) thrown at [./src/hotspot/share/prims/jvm.cpp, line 1306]
Event: 0.189 Thread 0x00007f9646006800 Exception <a 'java/security/PrivilegedActionException'{0x000000070fecb6e0}> (0x000000070fecb6e0) thrown at [./src/hotspot/share/prims/jvm.cpp, line 1306]
Event: 0.265 Thread 0x00007f9646006800 Exception <a 'java/lang/NoSuchMethodError'{0x000000070fb59030}: 'int java.lang.invoke.DirectMethodHandle$Holder.invokeSpecialIFC(java.lang.Object, java.lang.Object, int)'> (0x000000070fb59030) thrown at [./src/hotspot/share/interpreter/linkResolver.cpp, line 773]
Event: 1.389 Thread 0x00007f9646006800 Exception <a 'java/lang/NoClassDefFoundError'{0x000000070d584220}: com/google/inject/servlet/ServletModuleTargetVisitor> (0x000000070d584220) thrown at [./src/hotspot/share/classfile/systemDictionary.cpp, line 220]
Event: 1.389 Thread 0x00007f9646006800 Exception <a 'java/lang/NoClassDefFoundError'{0x000000070d584220}> (0x000000070d584220) thrown at [./src/hotspot/share/prims/jvm.cpp, line 1310]
Event: 1.390 Thread 0x00007f9646006800 Exception <a 'java/lang/NoClassDefFoundError'{0x000000070d587178}: javax/annotation/Priority> (0x000000070d587178) thrown at [./src/hotspot/share/classfile/systemDictionary.cpp, line 220]
Event: 1.751 Thread 0x00007f9646006800 Implicit null exception at 0x00000001149dcbf3 to 0x00000001149dd16c
Event: 1.751 Thread 0x00007f9646006800 Implicit null exception at 0x00000001149e60f4 to 0x00000001149e6654

Events (20 events):
Event: 1.772 loading class org/apache/maven/model/building/DefaultModelProblem
Event: 1.772 loading class org/apache/maven/model/building/DefaultModelProblem done
Event: 1.786 loading class org/apache/commons/lang3/Validate
Event: 1.786 loading class org/apache/commons/lang3/Validate done
Event: 1.790 loading class org/apache/maven/model/building/ModelBuildingEventCatapult$1
Event: 1.790 loading class org/apache/maven/model/building/ModelBuildingEventCatapult$1 done
Event: 1.790 loading class org/apache/maven/model/building/DefaultModelBuildingEvent
Event: 1.790 loading class org/apache/maven/model/building/DefaultModelBuildingEvent done
Event: 1.792 loading class org/apache/maven/lifecycle/mapping/DefaultLifecycleMapping
Event: 1.792 loading class org/apache/maven/lifecycle/mapping/DefaultLifecycleMapping done
Event: 1.792 loading class org/apache/maven/lifecycle/mapping/DefaultLifecycleMapping
Event: 1.792 loading class org/apache/maven/lifecycle/mapping/DefaultLifecycleMapping done
Event: 1.793 loading class org/apache/maven/lifecycle/mapping/DefaultLifecycleMapping
Event: 1.793 loading class org/apache/maven/lifecycle/mapping/DefaultLifecycleMapping done
Event: 1.793 loading class org/apache/maven/lifecycle/mapping/Lifecycle
Event: 1.793 loading class org/apache/maven/lifecycle/mapping/Lifecycle done
Event: 1.797 loading class org/apache/maven/lifecycle/mapping/LifecycleMojo
Event: 1.797 loading class org/apache/maven/lifecycle/mapping/LifecycleMojo done
Event: 1.799 loading class org/apache/maven/lifecycle/internal/DefaultLifecyclePluginAnalyzer$1
Event: 1.799 loading class org/apache/maven/lifecycle/internal/DefaultLifecyclePluginAnalyzer$1 done


Dynamic libraries:
0x00007fff47647000 	/System/Library/Frameworks/Cocoa.framework/Versions/A/Cocoa
0x00007fff53caa000 	/System/Library/Frameworks/Security.framework/Versions/A/Security
0x00007fff46285000 	/System/Library/Frameworks/ApplicationServices.framework/Versions/A/ApplicationServices
0x00007fff6fc6a000 	/usr/lib/libz.1.dylib
0x0000000101443000 	/Users/mac/Library/Java/JavaVirtualMachines/corretto-11.0.10/Contents/Home/lib/jli/libjli.dylib
0x00007fff6db18000 	/usr/lib/libSystem.B.dylib
0x00007fff453d5000 	/System/Library/Frameworks/AppKit.framework/Versions/C/AppKit
0x00007fff479bf000 	/System/Library/Frameworks/CoreData.framework/Versions/A/CoreData
0x00007fff49f84000 	/System/Library/Frameworks/Foundation.framework/Versions/C/Foundation
0x00007fff673cb000 	/System/Library/PrivateFrameworks/RemoteViewServices.framework/Versions/A/RemoteViewServices
0x00007fff6bb49000 	/System/Library/PrivateFrameworks/UIFoundation.framework/Versions/A/UIFoundation
0x00007fff5c1c3000 	/System/Library/PrivateFrameworks/DFRFoundation.framework/Versions/A/DFRFoundation
0x00007fff4c609000 	/System/Library/Frameworks/Metal.framework/Versions/A/Metal
0x00007fff5c360000 	/System/Library/PrivateFrameworks/DesktopServicesPriv.framework/Versions/A/DesktopServicesPriv
0x00007fff6e7a0000 	/usr/lib/libenergytrace.dylib
0x00007fff69bb3000 	/System/Library/PrivateFrameworks/SkyLight.framework/Versions/A/SkyLight
0x00007fff482a6000 	/System/Library/Frameworks/CoreGraphics.framework/Versions/A/CoreGraphics
0x00007fff6db13000 	/usr/lib/libScreenReader.dylib
0x00007fff440e7000 	/System/Library/Frameworks/Accelerate.framework/Versions/A/Accelerate
0x00007fff4a6ff000 	/System/Library/Frameworks/IOSurface.framework/Versions/A/IOSurface
0x00007fff467d0000 	/System/Library/Frameworks/AudioToolbox.framework/Versions/A/AudioToolbox
0x00007fff46a60000 	/System/Library/Frameworks/AudioUnit.framework/Versions/A/AudioUnit
0x00007fff5c25b000 	/System/Library/PrivateFrameworks/DataDetectorsCore.framework/Versions/A/DataDetectorsCore
0x00007fff4713a000 	/System/Library/Frameworks/Carbon.framework/Versions/A/Frameworks/HIToolbox.framework/Versions/A/HIToolbox
0x00007fff6e8fa000 	/usr/lib/libicucore.A.dylib
0x00007fff53226000 	/System/Library/Frameworks/QuartzCore.framework/Versions/A/QuartzCore
0x00007fff68e54000 	/System/Library/PrivateFrameworks/SignpostNotification.framework/Versions/A/SignpostNotification
0x00007fff47520000 	/System/Library/Frameworks/Carbon.framework/Versions/A/Frameworks/SpeechRecognition.framework/Versions/A/SpeechRecognition
0x00007fff6dcf6000 	/usr/lib/libauto.dylib
0x00007fff6fb59000 	/usr/lib/libxml2.2.dylib
0x00007fff5be13000 	/System/Library/PrivateFrameworks/CoreUI.framework/Versions/A/CoreUI
0x00007fff4789b000 	/System/Library/Frameworks/CoreAudio.framework/Versions/A/CoreAudio
0x00007fff49dbe000 	/System/Library/Frameworks/DiskArbitration.framework/Versions/A/DiskArbitration
0x00007fff6eb6e000 	/usr/lib/liblangid.dylib
0x00007fff638cf000 	/System/Library/PrivateFrameworks/MultitouchSupport.framework/Versions/A/MultitouchSupport
0x00007fff4a662000 	/System/Library/Frameworks/IOKit.framework/Versions/A/IOKit
0x00007fff6d7a2000 	/usr/lib/libDiagnosticMessagesClient.dylib
0x00007fff48f9b000 	/System/Library/Frameworks/CoreServices.framework/Versions/A/CoreServices
0x00007fff65407000 	/System/Library/PrivateFrameworks/PerformanceAnalysis.framework/Versions/A/PerformanceAnalysis
0x00007fff523c3000 	/System/Library/Frameworks/OpenGL.framework/Versions/A/OpenGL
0x00007fff6f253000 	/usr/lib/libobjc.A.dylib
0x00007fff47655000 	/System/Library/Frameworks/ColorSync.framework/Versions/A/ColorSync
0x00007fff47e08000 	/System/Library/Frameworks/CoreFoundation.framework/Versions/A/CoreFoundation
0x00007fff488d7000 	/System/Library/Frameworks/CoreImage.framework/Versions/A/CoreImage
0x00007fff4992c000 	/System/Library/Frameworks/CoreText.framework/Versions/A/CoreText
0x00007fff4a75d000 	/System/Library/Frameworks/ImageIO.framework/Versions/A/ImageIO
0x00007fff58abd000 	/System/Library/PrivateFrameworks/Backup.framework/Versions/A/Backup
0x00007fff6dbc4000 	/usr/lib/libarchive.2.dylib
0x00007fff46d83000 	/System/Library/Frameworks/CFNetwork.framework/Versions/A/CFNetwork
0x00007fff5443d000 	/System/Library/Frameworks/SystemConfiguration.framework/Versions/A/SystemConfiguration
0x00007fff6d6cb000 	/usr/lib/libCRFSuite.dylib
0x00007fff6ddd0000 	/usr/lib/libc++.1.dylib
0x00007fff6de27000 	/usr/lib/libc++abi.dylib
0x00007fff6fd18000 	/usr/lib/system/libcache.dylib
0x00007fff6fd1d000 	/usr/lib/system/libcommonCrypto.dylib
0x00007fff6fd28000 	/usr/lib/system/libcompiler_rt.dylib
0x00007fff6fd30000 	/usr/lib/system/libcopyfile.dylib
0x00007fff6fd3a000 	/usr/lib/system/libcorecrypto.dylib
0x00007fff6fe47000 	/usr/lib/system/libdispatch.dylib
0x00007fff6fe81000 	/usr/lib/system/libdyld.dylib
0x00007fff6fe9f000 	/usr/lib/system/libkeymgr.dylib
0x00007fff6fead000 	/usr/lib/system/liblaunch.dylib
0x00007fff6feae000 	/usr/lib/system/libmacho.dylib
0x00007fff6feb3000 	/usr/lib/system/libquarantine.dylib
0x00007fff6feb6000 	/usr/lib/system/libremovefile.dylib
0x00007fff6feb8000 	/usr/lib/system/libsystem_asl.dylib
0x00007fff6fed0000 	/usr/lib/system/libsystem_blocks.dylib
0x00007fff6fed1000 	/usr/lib/system/libsystem_c.dylib
0x00007fff6ff5b000 	/usr/lib/system/libsystem_configuration.dylib
0x00007fff6ff5f000 	/usr/lib/system/libsystem_coreservices.dylib
0x00007fff6ff63000 	/usr/lib/system/libsystem_darwin.dylib
0x00007fff6ff65000 	/usr/lib/system/libsystem_dnssd.dylib
0x00007fff6ff6c000 	/usr/lib/system/libsystem_info.dylib
0x00007fff6ffdd000 	/usr/lib/system/libsystem_m.dylib
0x00007fff70029000 	/usr/lib/system/libsystem_malloc.dylib
0x00007fff70049000 	/usr/lib/system/libsystem_network.dylib
0x00007fff7017a000 	/usr/lib/system/libsystem_networkextension.dylib
0x00007fff70185000 	/usr/lib/system/libsystem_notify.dylib
0x00007fff701a3000 	/usr/lib/system/libsystem_sandbox.dylib
0x00007fff701a7000 	/usr/lib/system/libsystem_secinit.dylib
0x00007fff6ffb6000 	/usr/lib/system/libsystem_kernel.dylib
0x00007fff7018f000 	/usr/lib/system/libsystem_platform.dylib
0x00007fff70197000 	/usr/lib/system/libsystem_pthread.dylib
0x00007fff701a9000 	/usr/lib/system/libsystem_symptoms.dylib
0x00007fff701b1000 	/usr/lib/system/libsystem_trace.dylib
0x00007fff701c7000 	/usr/lib/system/libunwind.dylib
0x00007fff701cd000 	/usr/lib/system/libxpc.dylib
0x00007fff6d5de000 	/usr/lib/closure/libclosured.dylib
0x00007fff6ddb1000 	/usr/lib/libbsm.0.dylib
0x00007fff6fea0000 	/usr/lib/system/libkxld.dylib
0x00007fff6d9dc000 	/usr/lib/libOpenScriptingUtil.dylib
0x00007fff6e120000 	/usr/lib/libcoretls.dylib
0x00007fff6e139000 	/usr/lib/libcoretls_cfhelpers.dylib
0x00007fff6f657000 	/usr/lib/libpam.2.dylib
0x00007fff6f782000 	/usr/lib/libsqlite3.dylib
0x00007fff6fb48000 	/usr/lib/libxar.1.dylib
0x00007fff6ddc2000 	/usr/lib/libbz2.1.0.dylib
0x00007fff6eb70000 	/usr/lib/liblzma.5.dylib
0x00007fff6f051000 	/usr/lib/libnetwork.dylib
0x00007fff6dbad000 	/usr/lib/libapple_nghttp2.dylib
0x00007fff6f65e000 	/usr/lib/libpcap.A.dylib
0x00007fff6dcf7000 	/usr/lib/libboringssl.dylib
0x00007fff6fae3000 	/usr/lib/libusrtcp.dylib
0x00007fff6dbac000 	/usr/lib/libapple_crypto.dylib
0x00007fff4931e000 	/System/Library/Frameworks/CoreServices.framework/Versions/A/Frameworks/FSEvents.framework/Versions/A/FSEvents
0x00007fff49011000 	/System/Library/Frameworks/CoreServices.framework/Versions/A/Frameworks/CarbonCore.framework/Versions/A/CarbonCore
0x00007fff494e6000 	/System/Library/Frameworks/CoreServices.framework/Versions/A/Frameworks/Metadata.framework/Versions/A/Metadata
0x00007fff49597000 	/System/Library/Frameworks/CoreServices.framework/Versions/A/Frameworks/OSServices.framework/Versions/A/OSServices
0x00007fff495f8000 	/System/Library/Frameworks/CoreServices.framework/Versions/A/Frameworks/SearchKit.framework/Versions/A/SearchKit
0x00007fff48f9c000 	/System/Library/Frameworks/CoreServices.framework/Versions/A/Frameworks/AE.framework/Versions/A/AE
0x00007fff49327000 	/System/Library/Frameworks/CoreServices.framework/Versions/A/Frameworks/LaunchServices.framework/Versions/A/LaunchServices
0x00007fff492e9000 	/System/Library/Frameworks/CoreServices.framework/Versions/A/Frameworks/DictionaryServices.framework/Versions/A/DictionaryServices
0x00007fff49667000 	/System/Library/Frameworks/CoreServices.framework/Versions/A/Frameworks/SharedFileList.framework/Versions/A/SharedFileList
0x00007fff4d83f000 	/System/Library/Frameworks/NetFS.framework/Versions/A/NetFS
0x00007fff63b60000 	/System/Library/PrivateFrameworks/NetAuth.framework/Versions/A/NetAuth
0x00007fff6d475000 	/System/Library/PrivateFrameworks/login.framework/Versions/A/Frameworks/loginsupport.framework/Versions/A/loginsupport
0x00007fff6b7c6000 	/System/Library/PrivateFrameworks/TCC.framework/Versions/A/TCC
0x00007fff6ec51000 	/usr/lib/libmecabra.dylib
0x00007fff46286000 	/System/Library/Frameworks/ApplicationServices.framework/Versions/A/Frameworks/ATS.framework/Versions/A/ATS
0x00007fff46635000 	/System/Library/Frameworks/ApplicationServices.framework/Versions/A/Frameworks/ColorSyncLegacy.framework/Versions/A/ColorSyncLegacy
0x00007fff466d9000 	/System/Library/Frameworks/ApplicationServices.framework/Versions/A/Frameworks/HIServices.framework/Versions/A/HIServices
0x00007fff4672c000 	/System/Library/Frameworks/ApplicationServices.framework/Versions/A/Frameworks/LangAnalysis.framework/Versions/A/LangAnalysis
0x00007fff4673b000 	/System/Library/Frameworks/ApplicationServices.framework/Versions/A/Frameworks/PrintCore.framework/Versions/A/PrintCore
0x00007fff46788000 	/System/Library/Frameworks/ApplicationServices.framework/Versions/A/Frameworks/QD.framework/Versions/A/QD
0x00007fff467c3000 	/System/Library/Frameworks/ApplicationServices.framework/Versions/A/Frameworks/SpeechSynthesis.framework/Versions/A/SpeechSynthesis
0x00007fff47d24000 	/System/Library/Frameworks/CoreDisplay.framework/Versions/A/CoreDisplay
0x00007fff44100000 	/System/Library/Frameworks/Accelerate.framework/Versions/A/Frameworks/vImage.framework/Versions/A/vImage
0x00007fff450e1000 	/System/Library/Frameworks/Accelerate.framework/Versions/A/Frameworks/vecLib.framework/Versions/A/vecLib
0x00007fff44eb6000 	/System/Library/Frameworks/Accelerate.framework/Versions/A/Frameworks/vecLib.framework/Versions/A/libvDSP.dylib
0x00007fff449f0000 	/System/Library/Frameworks/Accelerate.framework/Versions/A/Frameworks/vecLib.framework/Versions/A/libBNNS.dylib
0x00007fff44e1c000 	/System/Library/Frameworks/Accelerate.framework/Versions/A/Frameworks/vecLib.framework/Versions/A/libQuadrature.dylib
0x00007fff4502a000 	/System/Library/Frameworks/Accelerate.framework/Versions/A/Frameworks/vecLib.framework/Versions/A/libvMisc.dylib
0x00007fff44a2b000 	/System/Library/Frameworks/Accelerate.framework/Versions/A/Frameworks/vecLib.framework/Versions/A/libLAPACK.dylib
0x00007fff4484f000 	/System/Library/Frameworks/Accelerate.framework/Versions/A/Frameworks/vecLib.framework/Versions/A/libBLAS.dylib
0x00007fff44e05000 	/System/Library/Frameworks/Accelerate.framework/Versions/A/Frameworks/vecLib.framework/Versions/A/libLinearAlgebra.dylib
0x00007fff44e22000 	/System/Library/Frameworks/Accelerate.framework/Versions/A/Frameworks/vecLib.framework/Versions/A/libSparse.dylib
0x00007fff44ea3000 	/System/Library/Frameworks/Accelerate.framework/Versions/A/Frameworks/vecLib.framework/Versions/A/libSparseBLAS.dylib
0x00007fff6099a000 	/System/Library/PrivateFrameworks/GPUWrangler.framework/Versions/A/GPUWrangler
0x00007fff6212e000 	/System/Library/PrivateFrameworks/IOAccelerator.framework/Versions/A/IOAccelerator
0x00007fff62139000 	/System/Library/PrivateFrameworks/IOPresentment.framework/Versions/A/IOPresentment
0x00007fff5c1d5000 	/System/Library/PrivateFrameworks/DSExternalDisplay.framework/Versions/A/DSExternalDisplay
0x00007fff51842000 	/System/Library/Frameworks/OpenGL.framework/Versions/A/Libraries/libCoreFSCache.dylib
0x00007fff49a7d000 	/System/Library/Frameworks/CoreVideo.framework/Versions/A/CoreVideo
0x00007fff61715000 	/System/Library/PrivateFrameworks/GraphVisualizer.framework/Versions/A/GraphVisualizer
0x00007fff4c840000 	/System/Library/Frameworks/MetalPerformanceShaders.framework/Versions/A/MetalPerformanceShaders
0x00007fff6d7da000 	/usr/lib/libFosl_dynamic.dylib
0x00007fff5d2a4000 	/System/Library/PrivateFrameworks/FaceCore.framework/Versions/A/FaceCore
0x00007fff5063d000 	/System/Library/Frameworks/OpenCL.framework/Versions/A/OpenCL
0x00007fff6de5e000 	/usr/lib/libcompression.dylib
0x00007fff46385000 	/System/Library/Frameworks/ApplicationServices.framework/Versions/A/Frameworks/ATS.framework/Versions/A/Resources/libFontParser.dylib
0x00007fff464a8000 	/System/Library/Frameworks/ApplicationServices.framework/Versions/A/Frameworks/ATS.framework/Versions/A/Resources/libFontRegistry.dylib
0x00007fff4a9c9000 	/System/Library/Frameworks/ImageIO.framework/Versions/A/Resources/libJPEG.dylib
0x00007fff4ad07000 	/System/Library/Frameworks/ImageIO.framework/Versions/A/Resources/libTIFF.dylib
0x00007fff4acdd000 	/System/Library/Frameworks/ImageIO.framework/Versions/A/Resources/libPng.dylib
0x00007fff4a8dc000 	/System/Library/Frameworks/ImageIO.framework/Versions/A/Resources/libGIF.dylib
0x00007fff4a8e1000 	/System/Library/Frameworks/ImageIO.framework/Versions/A/Resources/libJP2.dylib
0x00007fff4ad04000 	/System/Library/Frameworks/ImageIO.framework/Versions/A/Resources/libRadiance.dylib
0x00007fff581e7000 	/System/Library/PrivateFrameworks/AppleJPEG.framework/Versions/A/AppleJPEG
0x00007fff4c6a7000 	/System/Library/Frameworks/MetalPerformanceShaders.framework/Frameworks/MPSCore.framework/Versions/A/MPSCore
0x00007fff4c6c3000 	/System/Library/Frameworks/MetalPerformanceShaders.framework/Frameworks/MPSImage.framework/Versions/A/MPSImage
0x00007fff4c758000 	/System/Library/Frameworks/MetalPerformanceShaders.framework/Frameworks/MPSNeuralNetwork.framework/Versions/A/MPSNeuralNetwork
0x00007fff4c733000 	/System/Library/Frameworks/MetalPerformanceShaders.framework/Frameworks/MPSMatrix.framework/Versions/A/MPSMatrix
0x00007fff63631000 	/System/Library/PrivateFrameworks/MetalTools.framework/Versions/A/MetalTools
0x00007fff51a0d000 	/System/Library/Frameworks/OpenGL.framework/Versions/A/Libraries/libGLU.dylib
0x00007fff5184d000 	/System/Library/Frameworks/OpenGL.framework/Versions/A/Libraries/libGFXShared.dylib
0x00007fff51857000 	/System/Library/Frameworks/OpenGL.framework/Versions/A/Libraries/libGL.dylib
0x00007fff51863000 	/System/Library/Frameworks/OpenGL.framework/Versions/A/Libraries/libGLImage.dylib
0x00007fff5183f000 	/System/Library/Frameworks/OpenGL.framework/Versions/A/Libraries/libCVMSPluginSupport.dylib
0x00007fff51848000 	/System/Library/Frameworks/OpenGL.framework/Versions/A/Libraries/libCoreVMClient.dylib
0x00007fff6e60b000 	/usr/lib/libcups.2.dylib
0x00007fff4bc0e000 	/System/Library/Frameworks/Kerberos.framework/Versions/A/Kerberos
0x00007fff4a3bc000 	/System/Library/Frameworks/GSS.framework/Versions/A/GSS
0x00007fff6f715000 	/usr/lib/libresolv.9.dylib
0x00007fff6e808000 	/usr/lib/libiconv.2.dylib
0x00007fff617a7000 	/System/Library/PrivateFrameworks/Heimdal.framework/Versions/A/Heimdal
0x00007fff6e7d7000 	/usr/lib/libheimdal-asn1.dylib
0x00007fff506b5000 	/System/Library/Frameworks/OpenDirectory.framework/Versions/A/OpenDirectory
0x00007fff5a500000 	/System/Library/PrivateFrameworks/CommonAuth.framework/Versions/A/CommonAuth
0x00007fff50698000 	/System/Library/Frameworks/OpenDirectory.framework/Versions/A/Frameworks/CFOpenDirectory.framework/Versions/A/CFOpenDirectory
0x00007fff53fd6000 	/System/Library/Frameworks/SecurityFoundation.framework/Versions/A/SecurityFoundation
0x00007fff573aa000 	/System/Library/PrivateFrameworks/APFS.framework/Versions/A/APFS
0x00007fff6fb44000 	/usr/lib/libutil.dylib
0x00007fff5826a000 	/System/Library/PrivateFrameworks/AppleSauce.framework/Versions/A/AppleSauce
0x00007fff62916000 	/System/Library/PrivateFrameworks/LinguisticData.framework/Versions/A/LinguisticData
0x00007fff6eb8a000 	/usr/lib/libmarisa.dylib
0x00007fff628d0000 	/System/Library/PrivateFrameworks/Lexicon.framework/Versions/A/Lexicon
0x00007fff6d705000 	/usr/lib/libChineseTokenizer.dylib
0x00007fff6de4d000 	/usr/lib/libcmph.dylib
0x00007fff627da000 	/System/Library/PrivateFrameworks/LanguageModeling.framework/Versions/A/LanguageModeling
0x00007fff5b01d000 	/System/Library/PrivateFrameworks/CoreEmoji.framework/Versions/A/CoreEmoji
0x00007fff54094000 	/System/Library/Frameworks/ServiceManagement.framework/Versions/A/ServiceManagement
0x00007fff58ab5000 	/System/Library/PrivateFrameworks/BackgroundTaskManagement.framework/Versions/A/BackgroundTaskManagement
0x00007fff6fc41000 	/usr/lib/libxslt.1.dylib
0x00007fff4744a000 	/System/Library/Frameworks/Carbon.framework/Versions/A/Frameworks/Ink.framework/Versions/A/Ink
0x00007fff6b9db000 	/System/Library/PrivateFrameworks/TextureIO.framework/Versions/A/TextureIO
0x00007fff6dbef000 	/usr/lib/libate.dylib
0x00007fff5c134000 	/System/Library/PrivateFrameworks/CrashReporterSupport.framework/Versions/A/CrashReporterSupport
0x00007fff68d14000 	/System/Library/PrivateFrameworks/Sharing.framework/Versions/A/Sharing
0x00007fff6251b000 	/System/Library/PrivateFrameworks/IconServices.framework/Versions/A/IconServices
0x00007fff586e5000 	/System/Library/PrivateFrameworks/AuthKit.framework/Versions/A/AuthKit
0x00007fff5806a000 	/System/Library/PrivateFrameworks/Apple80211.framework/Versions/A/Apple80211
0x00007fff5bf49000 	/System/Library/PrivateFrameworks/CoreUtils.framework/Versions/A/CoreUtils
0x00007fff49ab8000 	/System/Library/Frameworks/CoreWLAN.framework/Versions/A/CoreWLAN
0x00007fff4a4fe000 	/System/Library/Frameworks/IOBluetooth.framework/Versions/A/IOBluetooth
0x00007fff671d6000 	/System/Library/PrivateFrameworks/ProtocolBuffer.framework/Versions/A/ProtocolBuffer
0x00007fff6382a000 	/System/Library/PrivateFrameworks/MobileKeyBag.framework/Versions/A/MobileKeyBag
0x00007fff5b7c1000 	/System/Library/PrivateFrameworks/CorePhoneNumbers.framework/Versions/A/CorePhoneNumbers
0x00007fff581a2000 	/System/Library/PrivateFrameworks/AppleIDAuthSupport.framework/Versions/A/AppleIDAuthSupport
0x00007fff627c6000 	/System/Library/PrivateFrameworks/KeychainCircle.framework/Versions/A/KeychainCircle
0x00007fff5c0cf000 	/System/Library/PrivateFrameworks/CoreWiFi.framework/Versions/A/CoreWiFi
0x00007fff47995000 	/System/Library/Frameworks/CoreBluetooth.framework/Versions/A/CoreBluetooth
0x00007fff5c31f000 	/System/Library/PrivateFrameworks/DebugSymbols.framework/Versions/A/DebugSymbols
0x00007fff5bcff000 	/System/Library/PrivateFrameworks/CoreSymbolication.framework/Versions/A/CoreSymbolication
0x00007fff6b1cc000 	/System/Library/PrivateFrameworks/Symbolication.framework/Versions/A/Symbolication
0x00007fff58094000 	/System/Library/PrivateFrameworks/AppleFSCompression.framework/Versions/A/AppleFSCompression
0x00007fff6a619000 	/System/Library/PrivateFrameworks/SpeechRecognitionCore.framework/Versions/A/SpeechRecognitionCore
0x00007fff4009e000 	/System/Library/CoreServices/Encodings/libCyrillicConverter.dylib
0x0000000102600000 	/Users/mac/Library/Java/JavaVirtualMachines/corretto-11.0.10/Contents/Home/lib/server/libjvm.dylib
0x000000010157e000 	/Users/mac/Library/Java/JavaVirtualMachines/corretto-11.0.10/Contents/Home/lib/libverify.dylib
0x0000000101590000 	/Users/mac/Library/Java/JavaVirtualMachines/corretto-11.0.10/Contents/Home/lib/libjava.dylib
0x00000001015bd000 	/Users/mac/Library/Java/JavaVirtualMachines/corretto-11.0.10/Contents/Home/lib/libjimage.dylib
0x00000001015cb000 	/Users/mac/Library/Java/JavaVirtualMachines/corretto-11.0.10/Contents/Home/lib/libinstrument.dylib
0x00000001015e5000 	/Users/mac/Library/Java/JavaVirtualMachines/corretto-11.0.10/Contents/Home/lib/libzip.dylib
0x000000010ce3a000 	/Users/mac/Library/Java/JavaVirtualMachines/corretto-11.0.10/Contents/Home/lib/libnio.dylib
0x000000012811e000 	/Users/mac/Library/Java/JavaVirtualMachines/corretto-11.0.10/Contents/Home/lib/./libnet.dylib
0x00000001281c0000 	/Users/mac/Library/Java/JavaVirtualMachines/corretto-11.0.10/Contents/Home/lib/libextnet.dylib
0x00000001281c8000 	/private/var/folders/6p/jj0jc8xd0lsf70y16lf9qqrm0000gn/T/libjansi-1.17.1-2488207277236206265.jnilib


VM Arguments:
jvm_args: -Dmaven.multiModuleProjectDirectory=/Volumes/HDD/Programming/conference -Dmaven.home=/Applications/IntelliJ IDEA.app/Contents/plugins/maven/lib/maven3 -Dclassworlds.conf=/Applications/IntelliJ IDEA.app/Contents/plugins/maven/lib/maven3/bin/m2.conf -Dmaven.ext.class.path=/Applications/IntelliJ IDEA.app/Contents/plugins/maven/lib/maven-event-listener.jar -javaagent:/Applications/IntelliJ IDEA.app/Contents/lib/idea_rt.jar=49765:/Applications/IntelliJ IDEA.app/Contents/bin -Dfile.encoding=UTF-8 
java_command: org.codehaus.classworlds.Launcher -Didea.version=2020.3.2 clean install
java_class_path (initial): /Applications/IntelliJ IDEA.app/Contents/plugins/maven/lib/maven3/boot/plexus-classworlds.license:/Applications/IntelliJ IDEA.app/Contents/plugins/maven/lib/maven3/boot/plexus-classworlds-2.6.0.jar
Launcher Type: SUN_STANDARD

[Global flags]
     intx CICompilerCount                          = 4                                         {product} {ergonomic}
     uint ConcGCThreads                            = 2                                         {product} {ergonomic}
     uint G1ConcRefinementThreads                  = 8                                         {product} {ergonomic}
   size_t G1HeapRegionSize                         = 1048576                                   {product} {ergonomic}
    uintx GCDrainStackTargetSize                   = 64                                        {product} {ergonomic}
   size_t InitialHeapSize                          = 268435456                                 {product} {ergonomic}
   size_t MarkStackSize                            = 4194304                                   {product} {ergonomic}
   size_t MaxHeapSize                              = 4294967296                                {product} {ergonomic}
   size_t MaxNewSize                               = 2576351232                                {product} {ergonomic}
   size_t MinHeapDeltaBytes                        = 1048576                                   {product} {ergonomic}
    uintx NonNMethodCodeHeapSize                   = 5836300                                {pd product} {ergonomic}
    uintx NonProfiledCodeHeapSize                  = 122910970                              {pd product} {ergonomic}
    uintx ProfiledCodeHeapSize                     = 122910970                              {pd product} {ergonomic}
    uintx ReservedCodeCacheSize                    = 251658240                              {pd product} {ergonomic}
     bool SegmentedCodeCache                       = true                                      {product} {ergonomic}
     bool UseCompressedClassPointers               = true                                 {lp64_product} {ergonomic}
     bool UseCompressedOops                        = true                                 {lp64_product} {ergonomic}
     bool UseG1GC                                  = true                                      {product} {ergonomic}

Logging:
Log output configuration:
 #0: stdout all=warning uptime,level,tags
 #1: stderr all=off uptime,level,tags

Environment Variables:
PATH=/opt/local/bin:/opt/local/sbin:/usr/local/bin:/usr/bin:/bin:/usr/sbin:/sbin:/opt/X11/bin
SHELL=/bin/bash
DISPLAY=/private/tmp/com.apple.launchd.PAinbiZrgS/org.macosforge.xquartz:0
LC_CTYPE=ru_RU.UTF-8

Signal Handlers:
SIGSEGV: [libjvm.dylib+0x7d4852], sa_mask[0]=11111111011111110111111111111111, sa_flags=SA_ONSTACK|SA_RESTART|SA_SIGINFO
SIGBUS: [libjvm.dylib+0x7d4852], sa_mask[0]=11111111011111110111111111111111, sa_flags=SA_RESTART|SA_SIGINFO
SIGFPE: [libjvm.dylib+0x7d4852], sa_mask[0]=11111111011111110111111111111111, sa_flags=SA_RESTART|SA_SIGINFO
SIGPIPE: [libjvm.dylib+0x62c2fc], sa_mask[0]=11111111011111110111111111111111, sa_flags=SA_RESTART|SA_SIGINFO
SIGXFSZ: [libjvm.dylib+0x62c2fc], sa_mask[0]=11111111011111110111111111111111, sa_flags=SA_RESTART|SA_SIGINFO
SIGILL: [libjvm.dylib+0x7d4852], sa_mask[0]=11111111011111110111111111111111, sa_flags=SA_RESTART|SA_SIGINFO
SIGUSR2: [libjvm.dylib+0x62c8fa], sa_mask[0]=00100000000000000000000000000000, sa_flags=SA_RESTART|SA_SIGINFO
SIGHUP: [libjvm.dylib+0x62b3d7], sa_mask[0]=11111111011111110111111111111111, sa_flags=SA_RESTART|SA_SIGINFO
SIGINT: [libjvm.dylib+0x62b3d7], sa_mask[0]=11111111011111110111111111111111, sa_flags=SA_RESTART|SA_SIGINFO
SIGTERM: [libjvm.dylib+0x62b3d7], sa_mask[0]=11111111011111110111111111111111, sa_flags=SA_RESTART|SA_SIGINFO
SIGQUIT: [libjvm.dylib+0x62b3d7], sa_mask[0]=11111111011111110111111111111111, sa_flags=SA_RESTART|SA_SIGINFO


---------------  S Y S T E M  ---------------

OS:uname:Darwin 17.7.0 Darwin Kernel Version 17.7.0: Fri Oct 30 13:34:27 PDT 2020; root:xnu-4570.71.82.8~1/RELEASE_X86_64 x86_64
OS uptime: 0 days 0:22 hours
rlimit (soft/hard): STACK 8192k/65532k , CORE 0k/infinity , NPROC 1418/2128 , NOFILE 10240/infinity , AS infinity/infinity , CPU infinity/infinity , DATA infinity/infinity , FSIZE infinity/infinity , MEMLOCK infinity/infinity , RSS infinity/infinity
load average:2.96 3.15 2.81

CPU:total 8 (initial active 8) (4 cores per cpu, 2 threads per core) family 6 model 42 stepping 7 microcode 0x2f, cmov, cx8, fxsr, mmx, sse, sse2, sse3, ssse3, sse4.1, sse4.2, popcnt, avx, aes, clmul, ht, tsc, tscinvbit

Memory: 4k page, physical 16777216k(3369492k free), swap 0k(0k free)

vm_info: OpenJDK 64-Bit Server VM (11.0.10+9-LTS) for bsd-amd64 JRE (11.0.10+9-LTS), built on Jan 15 2021 11:29:35 by "corretto" with gcc 4.2.1 Compatible Apple LLVM 8.0.0 (clang-800.0.42.1)

END.
