#
# A fatal error has been detected by the Java Runtime Environment:
#
#  SIGSEGV (0xb) at pc=0x000000010a9493e0, pid=2354, tid=40451
#
# JRE version: OpenJDK Runtime Environment Corretto-11.0.10.9.1 (11.0.10+9) (build 11.0.10+9-LTS)
# Java VM: OpenJDK 64-Bit Server VM Corretto-11.0.10.9.1 (11.0.10+9-LTS, mixed mode, tiered, compressed oops, g1 gc, bsd-amd64)
# Problematic frame:
# V  [libjvm.dylib+0x5493e0]  MachNode::in_RegMask(unsigned int) const+0x5a
#
# No core dump will be written. Core dumps have been disabled. To enable core dumping, try "ulimit -c unlimited" before starting Java again
#
# If you would like to submit a bug report, please visit:
#   https://github.com/corretto/corretto-11/issues/
#

---------------  S U M M A R Y ------------

Command Line: -Dmaven.multiModuleProjectDirectory=/Volumes/HDD/Programming/conference -Dmaven.home=/Applications/IntelliJ IDEA.app/Contents/plugins/maven/lib/maven3 -Dclassworlds.conf=/Applications/IntelliJ IDEA.app/Contents/plugins/maven/lib/maven3/bin/m2.conf -Dmaven.ext.class.path=/Applications/IntelliJ IDEA.app/Contents/plugins/maven/lib/maven-event-listener.jar -javaagent:/Applications/IntelliJ IDEA.app/Contents/lib/idea_rt.jar=49781:/Applications/IntelliJ IDEA.app/Contents/bin -Dfile.encoding=UTF-8 org.codehaus.classworlds.Launcher -Didea.version=2020.3.3 clean install

Host: MacBookPro8,3 x86_64 2500 MHz, 8 cores, 16G, Darwin 17.7.0
Time: Fri Apr  2 17:22:20 2021 MSK elapsed time: 1.449601 seconds (0d 0h 0m 1s)

---------------  T H R E A D  ---------------

Current thread (0x00007f9083045800):  JavaThread "C2 CompilerThread2" daemon [_thread_in_native, id=40451, stack(0x0000700005949000,0x0000700005a49000)]


Current CompileTask:
C2:   1449 1739   !   4       java.net.URL::<init> (543 bytes)

Stack: [0x0000700005949000,0x0000700005a49000],  sp=0x0000700005a45620,  free space=1009k
Native frames: (J=compiled Java code, A=aot compiled Java code, j=interpreted, Vv=VM code, C=native code)
V  [libjvm.dylib+0x5493e0]  MachNode::in_RegMask(unsigned int) const+0x5a
V  [libjvm.dylib+0x1ca623]  PhaseChaitin::gather_lrg_masks(bool)+0x4c3
V  [libjvm.dylib+0x1c99cc]  PhaseChaitin::Register_Allocate()+0x37c
V  [libjvm.dylib+0x23791e]  Compile::Code_Gen()+0x226
V  [libjvm.dylib+0x235b3e]  Compile::Compile(ciEnv*, C2Compiler*, ciMethod*, int, bool, bool, bool, DirectiveSet*)+0x9a6
V  [libjvm.dylib+0x237be3]  Compile::Compile(ciEnv*, C2Compiler*, ciMethod*, int, bool, bool, bool, DirectiveSet*)+0x31
V  [libjvm.dylib+0x1b5ba3]  C2Compiler::compile_method(ciEnv*, ciMethod*, int, DirectiveSet*)+0xe7
V  [libjvm.dylib+0x242a38]  CompileBroker::invoke_compiler_on_method(CompileTask*)+0x5d8
V  [libjvm.dylib+0x2422dc]  CompileBroker::compiler_thread_loop()+0x1c8
V  [libjvm.dylib+0x787d96]  JavaThread::thread_main_inner()+0x7e
V  [libjvm.dylib+0x7859cc]  Thread::call_run()+0x68
V  [libjvm.dylib+0x62a10b]  thread_native_entry(Thread*)+0x138
C  [libsystem_pthread.dylib+0x3661]  _pthread_body+0x154
C  [libsystem_pthread.dylib+0x350d]  _pthread_body+0x0
C  [libsystem_pthread.dylib+0x2bf9]  thread_start+0xd


siginfo: si_signo: 11 (SIGSEGV), si_code: 1 (SEGV_MAPERR), si_addr: 0x0000000108cc8b70

Register to memory mapping:

RAX=0x0000000108cc8b68 is an unknown value
RBX=0x0000000000000002 is an unknown value
RCX=0x00007f908134f810 points into unknown readable memory: 0x0000000000000000 | 00 00 00 00 00 00 00 00
RDX=0x0 is NULL
RSP=0x0000700005a45620 is pointing into the stack for thread: 0x00007f9083045800
RBP=0x0000700005a45650 is pointing into the stack for thread: 0x00007f9083045800
RSI=0x0000000000000002 is an unknown value
RDI=0x00007f9080cc2f68 points into unknown readable memory: 0x0000000108cc8b68 | 68 8b cc 08 01 00 00 00
R8 =0x0000700005a463a0 is pointing into the stack for thread: 0x00007f9083045800
R9 =0x0 is NULL
R10=0x0 is NULL
R11=0x0000000000000001 is an unknown value
R12=0x00007f9080cc2ef0 points into unknown readable memory: 0x000000010acd0f90 | 90 0f cd 0a 01 00 00 00
R13=0x0000000000000002 is an unknown value
R14=0x0000000000000002 is an unknown value
R15=0x00007f9080cc2ef0 points into unknown readable memory: 0x000000010acd0f90 | 90 0f cd 0a 01 00 00 00


Registers:
RAX=0x0000000108cc8b68, RBX=0x0000000000000002, RCX=0x00007f908134f810, RDX=0x0000000000000000
RSP=0x0000700005a45620, RBP=0x0000700005a45650, RSI=0x0000000000000002, RDI=0x00007f9080cc2f68
R8 =0x0000700005a463a0, R9 =0x0000000000000000, R10=0x0000000000000000, R11=0x0000000000000001
R12=0x00007f9080cc2ef0, R13=0x0000000000000002, R14=0x0000000000000002, R15=0x00007f9080cc2ef0
RIP=0x000000010a9493e0, EFLAGS=0x0000000000010246, ERR=0x0000000000000004
  TRAPNO=0x000000000000000e

Top of Stack: (sp=0x0000700005a45620)
0x0000700005a45620:   000000010acd0f90 0000000000000002
0x0000700005a45630:   00007f9080cc2ef0 0000700005a463a0
0x0000700005a45640:   0000000000000039 0000000131249010
0x0000700005a45650:   0000700005a456f0 000000010a5ca623
0x0000700005a45660:   0000000000000e8e 0000000000000501
0x0000700005a45670:   0000000105a456c0 0000700005a463a0
0x0000700005a45680:   00007f9080cc2ef0 000000010adca418
0x0000700005a45690:   00000000ffffffff 000000017fe0dd60
0x0000700005a456a0:   00007f908192a178 00007f9080aa2900
0x0000700005a456b0:   0000000000000002 0000000100091820
0x0000700005a456c0:   0000000000000003 0000700005a457f0
0x0000700005a456d0:   0000700005a46488 0000700005a463a0
0x0000700005a456e0:   0000700005a45888 0000700005a45918
0x0000700005a456f0:   0000700005a459a0 000000010a5c99cc
0x0000700005a45700:   0000000000009ca0 000000010ada8564
0x0000700005a45710:   0000700005a45790 000000000000000c
0x0000700005a45720:   0000700005a45740 00007fff601f25bf
0x0000700005a45730:   000000010add0000 0000000000000000
0x0000700005a45740:   0000700005a45780 000000010aa26400
0x0000700005a45750:   0000000000000000 000000010ac0f126
0x0000700005a45760:   0000000000000000 0000000000000000
0x0000700005a45770:   0000000000000000 000000010ac0f126
0x0000700005a45780:   0000700005a45700 000000010a4f70b9
0x0000700005a45790:   0000000000000000 0000000000000000
0x0000700005a457a0:   0000000000000000 0000000000000000
0x0000700005a457b0:   00000000001cf168 000000010ab8dde7
0x0000700005a457c0:   00007f9082207a90 000000010ab8de53
0x0000700005a457d0:   0000700005a45830 000000010a4f713f
0x0000700005a457e0:   0000700005a464b0 0000000000000000
0x0000700005a457f0:   000000010ad5ee50 000000000000000d
0x0000700005a45800:   0000700005a47ff0 0000700005a463a0
0x0000700005a45810:   0000000000002722 00007f9083058a00 

Instructions: (pc=0x000000010a9493e0)
0x000000010a9492e0:   49 8b 06 4c 89 f7 ff 90 b8 00 00 00 41 89 c4 49
0x000000010a9492f0:   8b 07 4c 89 ff ff 90 b8 00 00 00 41 39 c4 75 3a
0x000000010a949300:   bb 01 00 00 00 45 85 ed 74 30 31 db 49 8b 46 38
0x000000010a949310:   48 8b 3c d8 48 8b 07 49 8b 4f 38 48 8b 34 d9 ff
0x000000010a949320:   90 c8 00 00 00 85 c0 74 0f 48 ff c3 4c 39 eb 72
0x000000010a949330:   db bb 01 00 00 00 eb 02 31 db 89 d8 48 83 c4 08
0x000000010a949340:   5b 41 5c 41 5d 41 5e 41 5f 5d c3 90 55 48 89 e5
0x000000010a949350:   48 8d 3d 0d 4f 30 00 be b7 00 00 00 e8 04 31 d3
0x000000010a949360:   ff e8 ba 08 0e 00 31 c0 5d c3 55 48 89 e5 48 8d
0x000000010a949370:   3d ef 4e 30 00 be bc 00 00 00 e8 07 31 d3 ff 5d
0x000000010a949380:   e9 9b 08 0e 00 90 55 48 89 e5 41 57 41 56 41 55
0x000000010a949390:   41 54 53 50 41 89 f6 49 89 ff 49 8b 07 ff 90 c0
0x000000010a9493a0:   00 00 00 41 89 c5 45 39 f5 76 2a 48 8d 3d d6 e3
0x000000010a9493b0:   47 00 ff 17 48 8b 00 48 8b 80 d0 04 00 00 48 8b
0x000000010a9493c0:   80 88 00 00 00 48 8b 80 f8 07 00 00 4c 8b a0 b8
0x000000010a9493d0:   0a 00 00 eb 57 49 8b 47 38 48 8b 78 08 48 8b 07
0x000000010a9493e0:   ff 50 08 44 01 e8 bb 01 00 00 00 eb 16 41 89 c5
0x000000010a9493f0:   ff c3 49 8b 47 38 48 8b 3c d8 48 8b 07 ff 50 08
0x000000010a949400:   44 01 e8 44 39 f0 76 e5 49 8b 07 4c 89 ff ff 90
0x000000010a949410:   e0 00 00 00 49 89 c4 4d 85 e4 74 15 49 8b 07 4c
0x000000010a949420:   89 ff ff 90 b0 00 00 00 39 c3 75 05 4c 89 e0 eb
0x000000010a949430:   16 89 d8 49 8b 4f 38 48 8b 3c c1 48 8b 07 45 29
0x000000010a949440:   ee 44 89 f6 ff 50 10 48 83 c4 08 5b 41 5c 41 5d
0x000000010a949450:   41 5e 41 5f 5d c3 55 48 89 e5 41 57 41 56 41 55
0x000000010a949460:   41 54 53 50 49 89 d6 49 89 f4 49 89 ff 49 8b 07
0x000000010a949470:   ff 90 30 01 00 00 48 89 c3 48 83 fb ff 0f 84 8f
0x000000010a949480:   00 00 00 49 c7 04 24 00 00 00 00 49 c7 06 00 00
0x000000010a949490:   00 00 48 85 db 0f 84 86 00 00 00 49 63 4f 34 8d
0x000000010a9494a0:   41 ff 48 98 48 c1 e0 03 48 89 ce 48 85 f6 7e 12
0x000000010a9494b0:   49 8b 57 38 48 8d 4e ff 48 39 1c 02 48 8d 40 f8
0x000000010a9494c0:   75 e6 ff ce 4c 89 ff e8 68 00 00 00 41 89 c5 48
0x000000010a9494d0:   8b 03 48 89 df ff 90 98 00 00 00 85 c0 78 11 44 


Stack slot to memory mapping:
stack at sp + 0 slots: 0x000000010acd0f90: _ZTV9loadLNode+0x10 in /Users/mac/Library/Java/JavaVirtualMachines/corretto-11.0.10/Contents/Home/lib/server/libjvm.dylib at 0x000000010a400000
stack at sp + 1 slots: 0x0000000000000002 is an unknown value
stack at sp + 2 slots: 0x00007f9080cc2ef0 points into unknown readable memory: 0x000000010acd0f90 | 90 0f cd 0a 01 00 00 00
stack at sp + 3 slots: 0x0000700005a463a0 is pointing into the stack for thread: 0x00007f9083045800
stack at sp + 4 slots: 0x0000000000000039 is an unknown value
stack at sp + 5 slots: 0x0000000131249010 points into unknown readable memory: 0x0000000000000000 | 00 00 00 00 00 00 00 00
stack at sp + 6 slots: 0x0000700005a456f0 is pointing into the stack for thread: 0x00007f9083045800
stack at sp + 7 slots: 0x000000010a5ca623: _ZN12PhaseChaitin16gather_lrg_masksEb+0x4c3 in /Users/mac/Library/Java/JavaVirtualMachines/corretto-11.0.10/Contents/Home/lib/server/libjvm.dylib at 0x000000010a400000


---------------  P R O C E S S  ---------------

Threads class SMR info:
_java_thread_list=0x00007f9082106b40, length=13, elements={
0x00007f9080009800, 0x00007f9080818000, 0x00007f9082804800, 0x00007f90818fb800,
0x00007f908190a000, 0x00007f908190a800, 0x00007f9080821000, 0x00007f9080804800,
0x00007f9080051800, 0x00007f9081063000, 0x00007f908084c000, 0x00007f9083045800,
0x00007f9082807000
}

Java Threads: ( => current thread )
  0x00007f9080009800 JavaThread "main" [_thread_in_Java, id=8963, stack(0x00000001092d2000,0x00000001093d2000)]
  0x00007f9080818000 JavaThread "Reference Handler" daemon [_thread_blocked, id=19459, stack(0x0000700004e28000,0x0000700004f28000)]
  0x00007f9082804800 JavaThread "Finalizer" daemon [_thread_blocked, id=18947, stack(0x0000700004f2b000,0x000070000502b000)]
  0x00007f90818fb800 JavaThread "Signal Dispatcher" daemon [_thread_blocked, id=18439, stack(0x000070000502e000,0x000070000512e000)]
  0x00007f908190a000 JavaThread "Service Thread" daemon [_thread_blocked, id=43011, stack(0x0000700005131000,0x0000700005231000)]
  0x00007f908190a800 JavaThread "C2 CompilerThread0" daemon [_thread_in_native, id=42499, stack(0x0000700005234000,0x0000700005334000)]
  0x00007f9080821000 JavaThread "C1 CompilerThread0" daemon [_thread_in_vm, id=23043, stack(0x0000700005337000,0x0000700005437000)]
  0x00007f9080804800 JavaThread "Sweeper thread" daemon [_thread_blocked, id=23555, stack(0x000070000543a000,0x000070000553a000)]
  0x00007f9080051800 JavaThread "Common-Cleaner" daemon [_thread_blocked, id=41475, stack(0x000070000553d000,0x000070000563d000)]
  0x00007f9081063000 JavaThread "C2 CompilerThread1" daemon [_thread_in_native, id=40963, stack(0x0000700005640000,0x0000700005740000)]
  0x00007f908084c000 JavaThread "Monitor Ctrl-Break" daemon [_thread_in_native, id=24579, stack(0x0000700005743000,0x0000700005843000)]
=>0x00007f9083045800 JavaThread "C2 CompilerThread2" daemon [_thread_in_native, id=40451, stack(0x0000700005949000,0x0000700005a49000)]
  0x00007f9082807000 JavaThread "Attach Listener" daemon [_thread_blocked, id=26627, stack(0x0000700005f5b000,0x000070000605b000)]

Other Threads:
  0x00007f90818ee800 VMThread "VM Thread" [stack: 0x0000700004d25000,0x0000700004e25000] [id=15363]
  0x00007f9083043800 WatcherThread [stack: 0x0000700005846000,0x0000700005946000] [id=24835]
  0x00007f9080018000 GCTaskThread "GC Thread#0" [stack: 0x0000700004816000,0x0000700004916000] [id=12035]
  0x00007f9081038000 GCTaskThread "GC Thread#1" [stack: 0x0000700005a4c000,0x0000700005b4c000] [id=39939]
  0x00007f9081179000 GCTaskThread "GC Thread#2" [stack: 0x0000700005b4f000,0x0000700005c4f000] [id=25859]
  0x00007f908123c000 GCTaskThread "GC Thread#3" [stack: 0x0000700005c52000,0x0000700005d52000] [id=39427]
  0x00007f9081029000 GCTaskThread "GC Thread#4" [stack: 0x0000700005d55000,0x0000700005e55000] [id=26115]
  0x00007f908108c000 GCTaskThread "GC Thread#5" [stack: 0x0000700005e58000,0x0000700005f58000] [id=38915]
  0x00007f908184c000 ConcurrentGCThread "G1 Main Marker" [stack: 0x0000700004919000,0x0000700004a19000] [id=12547]
  0x00007f908184d000 ConcurrentGCThread "G1 Conc#0" [stack: 0x0000700004a1c000,0x0000700004b1c000] [id=13059]
  0x00007f90818ed800 ConcurrentGCThread "G1 Refine#0" [stack: 0x0000700004b1f000,0x0000700004c1f000] [id=13571]
  0x00007f9080801800 ConcurrentGCThread "G1 Young RemSet Sampling" [stack: 0x0000700004c22000,0x0000700004d22000] [id=14083]

Threads with active compile tasks:
C2 CompilerThread0   1464 1959 % !   4       sun.net.www.ParseUtil::decode @ 70 (317 bytes)
C1 CompilerThread0   1464 2040       3       sun.util.locale.LanguageTag::parse (205 bytes)
C2 CompilerThread1   1464 2006       4       org.codehaus.plexus.util.xml.pull.MXParser::parseStartTag (1195 bytes)
C2 CompilerThread2   1464 1739   !   4       java.net.URL::<init> (543 bytes)

VM state:not at safepoint (normal execution)

VM Mutex/Monitor currently owned by a thread: None

Heap address: 0x0000000700000000, size: 4096 MB, Compressed Oops mode: Zero based, Oop shift amount: 3
Narrow klass base: 0x0000000800000000, Narrow klass shift: 0
Compressed class space size: 1073741824 Address: 0x0000000800000000

Heap:
 garbage-first heap   total 262144K, used 52827K [0x0000000700000000, 0x0000000800000000)
  region size 1024K, 52 young (53248K), 3 survivors (3072K)
 Metaspace       used 20375K, capacity 20749K, committed 21296K, reserved 1069056K
  class space    used 2203K, capacity 2320K, committed 2432K, reserved 1048576K
Heap Regions: E=young(eden), S=young(survivor), O=old, HS=humongous(starts), HC=humongous(continues), CS=collection set, F=free, A=archive, TAMS=top-at-mark-start (previous, next)
|   0|0x0000000700000000, 0x0000000700096e00, 0x0000000700100000| 58%| O|  |TAMS 0x0000000700000000, 0x0000000700000000| Untracked 
|   1|0x0000000700100000, 0x0000000700100000, 0x0000000700200000|  0%| F|  |TAMS 0x0000000700100000, 0x0000000700100000| Untracked 
|   2|0x0000000700200000, 0x0000000700200000, 0x0000000700300000|  0%| F|  |TAMS 0x0000000700200000, 0x0000000700200000| Untracked 
|   3|0x0000000700300000, 0x0000000700300000, 0x0000000700400000|  0%| F|  |TAMS 0x0000000700300000, 0x0000000700300000| Untracked 
|   4|0x0000000700400000, 0x0000000700400000, 0x0000000700500000|  0%| F|  |TAMS 0x0000000700400000, 0x0000000700400000| Untracked 
|   5|0x0000000700500000, 0x0000000700500000, 0x0000000700600000|  0%| F|  |TAMS 0x0000000700500000, 0x0000000700500000| Untracked 
|   6|0x0000000700600000, 0x0000000700600000, 0x0000000700700000|  0%| F|  |TAMS 0x0000000700600000, 0x0000000700600000| Untracked 
|   7|0x0000000700700000, 0x0000000700700000, 0x0000000700800000|  0%| F|  |TAMS 0x0000000700700000, 0x0000000700700000| Untracked 
|   8|0x0000000700800000, 0x0000000700800000, 0x0000000700900000|  0%| F|  |TAMS 0x0000000700800000, 0x0000000700800000| Untracked 
|   9|0x0000000700900000, 0x0000000700900000, 0x0000000700a00000|  0%| F|  |TAMS 0x0000000700900000, 0x0000000700900000| Untracked 
|  10|0x0000000700a00000, 0x0000000700a00000, 0x0000000700b00000|  0%| F|  |TAMS 0x0000000700a00000, 0x0000000700a00000| Untracked 
|  11|0x0000000700b00000, 0x0000000700b00000, 0x0000000700c00000|  0%| F|  |TAMS 0x0000000700b00000, 0x0000000700b00000| Untracked 
|  12|0x0000000700c00000, 0x0000000700c00000, 0x0000000700d00000|  0%| F|  |TAMS 0x0000000700c00000, 0x0000000700c00000| Untracked 
|  13|0x0000000700d00000, 0x0000000700d00000, 0x0000000700e00000|  0%| F|  |TAMS 0x0000000700d00000, 0x0000000700d00000| Untracked 
|  14|0x0000000700e00000, 0x0000000700e00000, 0x0000000700f00000|  0%| F|  |TAMS 0x0000000700e00000, 0x0000000700e00000| Untracked 
|  15|0x0000000700f00000, 0x0000000700f00000, 0x0000000701000000|  0%| F|  |TAMS 0x0000000700f00000, 0x0000000700f00000| Untracked 
|  16|0x0000000701000000, 0x0000000701000000, 0x0000000701100000|  0%| F|  |TAMS 0x0000000701000000, 0x0000000701000000| Untracked 
|  17|0x0000000701100000, 0x0000000701100000, 0x0000000701200000|  0%| F|  |TAMS 0x0000000701100000, 0x0000000701100000| Untracked 
|  18|0x0000000701200000, 0x0000000701200000, 0x0000000701300000|  0%| F|  |TAMS 0x0000000701200000, 0x0000000701200000| Untracked 
|  19|0x0000000701300000, 0x0000000701300000, 0x0000000701400000|  0%| F|  |TAMS 0x0000000701300000, 0x0000000701300000| Untracked 
|  20|0x0000000701400000, 0x0000000701400000, 0x0000000701500000|  0%| F|  |TAMS 0x0000000701400000, 0x0000000701400000| Untracked 
|  21|0x0000000701500000, 0x0000000701500000, 0x0000000701600000|  0%| F|  |TAMS 0x0000000701500000, 0x0000000701500000| Untracked 
|  22|0x0000000701600000, 0x0000000701600000, 0x0000000701700000|  0%| F|  |TAMS 0x0000000701600000, 0x0000000701600000| Untracked 
|  23|0x0000000701700000, 0x0000000701700000, 0x0000000701800000|  0%| F|  |TAMS 0x0000000701700000, 0x0000000701700000| Untracked 
|  24|0x0000000701800000, 0x0000000701800000, 0x0000000701900000|  0%| F|  |TAMS 0x0000000701800000, 0x0000000701800000| Untracked 
|  25|0x0000000701900000, 0x0000000701900000, 0x0000000701a00000|  0%| F|  |TAMS 0x0000000701900000, 0x0000000701900000| Untracked 
|  26|0x0000000701a00000, 0x0000000701a00000, 0x0000000701b00000|  0%| F|  |TAMS 0x0000000701a00000, 0x0000000701a00000| Untracked 
|  27|0x0000000701b00000, 0x0000000701b00000, 0x0000000701c00000|  0%| F|  |TAMS 0x0000000701b00000, 0x0000000701b00000| Untracked 
|  28|0x0000000701c00000, 0x0000000701c00000, 0x0000000701d00000|  0%| F|  |TAMS 0x0000000701c00000, 0x0000000701c00000| Untracked 
|  29|0x0000000701d00000, 0x0000000701d00000, 0x0000000701e00000|  0%| F|  |TAMS 0x0000000701d00000, 0x0000000701d00000| Untracked 
|  30|0x0000000701e00000, 0x0000000701e00000, 0x0000000701f00000|  0%| F|  |TAMS 0x0000000701e00000, 0x0000000701e00000| Untracked 
|  31|0x0000000701f00000, 0x0000000701f00000, 0x0000000702000000|  0%| F|  |TAMS 0x0000000701f00000, 0x0000000701f00000| Untracked 
|  32|0x0000000702000000, 0x0000000702000000, 0x0000000702100000|  0%| F|  |TAMS 0x0000000702000000, 0x0000000702000000| Untracked 
|  33|0x0000000702100000, 0x0000000702100000, 0x0000000702200000|  0%| F|  |TAMS 0x0000000702100000, 0x0000000702100000| Untracked 
|  34|0x0000000702200000, 0x0000000702200000, 0x0000000702300000|  0%| F|  |TAMS 0x0000000702200000, 0x0000000702200000| Untracked 
|  35|0x0000000702300000, 0x0000000702300000, 0x0000000702400000|  0%| F|  |TAMS 0x0000000702300000, 0x0000000702300000| Untracked 
|  36|0x0000000702400000, 0x0000000702400000, 0x0000000702500000|  0%| F|  |TAMS 0x0000000702400000, 0x0000000702400000| Untracked 
|  37|0x0000000702500000, 0x0000000702500000, 0x0000000702600000|  0%| F|  |TAMS 0x0000000702500000, 0x0000000702500000| Untracked 
|  38|0x0000000702600000, 0x0000000702600000, 0x0000000702700000|  0%| F|  |TAMS 0x0000000702600000, 0x0000000702600000| Untracked 
|  39|0x0000000702700000, 0x0000000702700000, 0x0000000702800000|  0%| F|  |TAMS 0x0000000702700000, 0x0000000702700000| Untracked 
|  40|0x0000000702800000, 0x0000000702800000, 0x0000000702900000|  0%| F|  |TAMS 0x0000000702800000, 0x0000000702800000| Untracked 
|  41|0x0000000702900000, 0x0000000702900000, 0x0000000702a00000|  0%| F|  |TAMS 0x0000000702900000, 0x0000000702900000| Untracked 
|  42|0x0000000702a00000, 0x0000000702a00000, 0x0000000702b00000|  0%| F|  |TAMS 0x0000000702a00000, 0x0000000702a00000| Untracked 
|  43|0x0000000702b00000, 0x0000000702b00000, 0x0000000702c00000|  0%| F|  |TAMS 0x0000000702b00000, 0x0000000702b00000| Untracked 
|  44|0x0000000702c00000, 0x0000000702c00000, 0x0000000702d00000|  0%| F|  |TAMS 0x0000000702c00000, 0x0000000702c00000| Untracked 
|  45|0x0000000702d00000, 0x0000000702d00000, 0x0000000702e00000|  0%| F|  |TAMS 0x0000000702d00000, 0x0000000702d00000| Untracked 
|  46|0x0000000702e00000, 0x0000000702e00000, 0x0000000702f00000|  0%| F|  |TAMS 0x0000000702e00000, 0x0000000702e00000| Untracked 
|  47|0x0000000702f00000, 0x0000000702f00000, 0x0000000703000000|  0%| F|  |TAMS 0x0000000702f00000, 0x0000000702f00000| Untracked 
|  48|0x0000000703000000, 0x0000000703000000, 0x0000000703100000|  0%| F|  |TAMS 0x0000000703000000, 0x0000000703000000| Untracked 
|  49|0x0000000703100000, 0x0000000703100000, 0x0000000703200000|  0%| F|  |TAMS 0x0000000703100000, 0x0000000703100000| Untracked 
|  50|0x0000000703200000, 0x0000000703200000, 0x0000000703300000|  0%| F|  |TAMS 0x0000000703200000, 0x0000000703200000| Untracked 
|  51|0x0000000703300000, 0x0000000703300000, 0x0000000703400000|  0%| F|  |TAMS 0x0000000703300000, 0x0000000703300000| Untracked 
|  52|0x0000000703400000, 0x0000000703400000, 0x0000000703500000|  0%| F|  |TAMS 0x0000000703400000, 0x0000000703400000| Untracked 
|  53|0x0000000703500000, 0x0000000703500000, 0x0000000703600000|  0%| F|  |TAMS 0x0000000703500000, 0x0000000703500000| Untracked 
|  54|0x0000000703600000, 0x0000000703600000, 0x0000000703700000|  0%| F|  |TAMS 0x0000000703600000, 0x0000000703600000| Untracked 
|  55|0x0000000703700000, 0x0000000703700000, 0x0000000703800000|  0%| F|  |TAMS 0x0000000703700000, 0x0000000703700000| Untracked 
|  56|0x0000000703800000, 0x0000000703800000, 0x0000000703900000|  0%| F|  |TAMS 0x0000000703800000, 0x0000000703800000| Untracked 
|  57|0x0000000703900000, 0x0000000703900000, 0x0000000703a00000|  0%| F|  |TAMS 0x0000000703900000, 0x0000000703900000| Untracked 
|  58|0x0000000703a00000, 0x0000000703a00000, 0x0000000703b00000|  0%| F|  |TAMS 0x0000000703a00000, 0x0000000703a00000| Untracked 
|  59|0x0000000703b00000, 0x0000000703b00000, 0x0000000703c00000|  0%| F|  |TAMS 0x0000000703b00000, 0x0000000703b00000| Untracked 
|  60|0x0000000703c00000, 0x0000000703c00000, 0x0000000703d00000|  0%| F|  |TAMS 0x0000000703c00000, 0x0000000703c00000| Untracked 
|  61|0x0000000703d00000, 0x0000000703d00000, 0x0000000703e00000|  0%| F|  |TAMS 0x0000000703d00000, 0x0000000703d00000| Untracked 
|  62|0x0000000703e00000, 0x0000000703e00000, 0x0000000703f00000|  0%| F|  |TAMS 0x0000000703e00000, 0x0000000703e00000| Untracked 
|  63|0x0000000703f00000, 0x0000000703f00000, 0x0000000704000000|  0%| F|  |TAMS 0x0000000703f00000, 0x0000000703f00000| Untracked 
|  64|0x0000000704000000, 0x0000000704000000, 0x0000000704100000|  0%| F|  |TAMS 0x0000000704000000, 0x0000000704000000| Untracked 
|  65|0x0000000704100000, 0x0000000704100000, 0x0000000704200000|  0%| F|  |TAMS 0x0000000704100000, 0x0000000704100000| Untracked 
|  66|0x0000000704200000, 0x0000000704200000, 0x0000000704300000|  0%| F|  |TAMS 0x0000000704200000, 0x0000000704200000| Untracked 
|  67|0x0000000704300000, 0x0000000704300000, 0x0000000704400000|  0%| F|  |TAMS 0x0000000704300000, 0x0000000704300000| Untracked 
|  68|0x0000000704400000, 0x0000000704400000, 0x0000000704500000|  0%| F|  |TAMS 0x0000000704400000, 0x0000000704400000| Untracked 
|  69|0x0000000704500000, 0x0000000704500000, 0x0000000704600000|  0%| F|  |TAMS 0x0000000704500000, 0x0000000704500000| Untracked 
|  70|0x0000000704600000, 0x0000000704600000, 0x0000000704700000|  0%| F|  |TAMS 0x0000000704600000, 0x0000000704600000| Untracked 
|  71|0x0000000704700000, 0x0000000704700000, 0x0000000704800000|  0%| F|  |TAMS 0x0000000704700000, 0x0000000704700000| Untracked 
|  72|0x0000000704800000, 0x0000000704800000, 0x0000000704900000|  0%| F|  |TAMS 0x0000000704800000, 0x0000000704800000| Untracked 
|  73|0x0000000704900000, 0x0000000704900000, 0x0000000704a00000|  0%| F|  |TAMS 0x0000000704900000, 0x0000000704900000| Untracked 
|  74|0x0000000704a00000, 0x0000000704a00000, 0x0000000704b00000|  0%| F|  |TAMS 0x0000000704a00000, 0x0000000704a00000| Untracked 
|  75|0x0000000704b00000, 0x0000000704b00000, 0x0000000704c00000|  0%| F|  |TAMS 0x0000000704b00000, 0x0000000704b00000| Untracked 
|  76|0x0000000704c00000, 0x0000000704c00000, 0x0000000704d00000|  0%| F|  |TAMS 0x0000000704c00000, 0x0000000704c00000| Untracked 
|  77|0x0000000704d00000, 0x0000000704d00000, 0x0000000704e00000|  0%| F|  |TAMS 0x0000000704d00000, 0x0000000704d00000| Untracked 
|  78|0x0000000704e00000, 0x0000000704e00000, 0x0000000704f00000|  0%| F|  |TAMS 0x0000000704e00000, 0x0000000704e00000| Untracked 
|  79|0x0000000704f00000, 0x0000000704f00000, 0x0000000705000000|  0%| F|  |TAMS 0x0000000704f00000, 0x0000000704f00000| Untracked 
|  80|0x0000000705000000, 0x0000000705000000, 0x0000000705100000|  0%| F|  |TAMS 0x0000000705000000, 0x0000000705000000| Untracked 
|  81|0x0000000705100000, 0x0000000705100000, 0x0000000705200000|  0%| F|  |TAMS 0x0000000705100000, 0x0000000705100000| Untracked 
|  82|0x0000000705200000, 0x0000000705200000, 0x0000000705300000|  0%| F|  |TAMS 0x0000000705200000, 0x0000000705200000| Untracked 
|  83|0x0000000705300000, 0x0000000705300000, 0x0000000705400000|  0%| F|  |TAMS 0x0000000705300000, 0x0000000705300000| Untracked 
|  84|0x0000000705400000, 0x0000000705400000, 0x0000000705500000|  0%| F|  |TAMS 0x0000000705400000, 0x0000000705400000| Untracked 
|  85|0x0000000705500000, 0x0000000705500000, 0x0000000705600000|  0%| F|  |TAMS 0x0000000705500000, 0x0000000705500000| Untracked 
|  86|0x0000000705600000, 0x0000000705600000, 0x0000000705700000|  0%| F|  |TAMS 0x0000000705600000, 0x0000000705600000| Untracked 
|  87|0x0000000705700000, 0x0000000705700000, 0x0000000705800000|  0%| F|  |TAMS 0x0000000705700000, 0x0000000705700000| Untracked 
|  88|0x0000000705800000, 0x0000000705800000, 0x0000000705900000|  0%| F|  |TAMS 0x0000000705800000, 0x0000000705800000| Untracked 
|  89|0x0000000705900000, 0x0000000705900000, 0x0000000705a00000|  0%| F|  |TAMS 0x0000000705900000, 0x0000000705900000| Untracked 
|  90|0x0000000705a00000, 0x0000000705a00000, 0x0000000705b00000|  0%| F|  |TAMS 0x0000000705a00000, 0x0000000705a00000| Untracked 
|  91|0x0000000705b00000, 0x0000000705b00000, 0x0000000705c00000|  0%| F|  |TAMS 0x0000000705b00000, 0x0000000705b00000| Untracked 
|  92|0x0000000705c00000, 0x0000000705c00000, 0x0000000705d00000|  0%| F|  |TAMS 0x0000000705c00000, 0x0000000705c00000| Untracked 
|  93|0x0000000705d00000, 0x0000000705d00000, 0x0000000705e00000|  0%| F|  |TAMS 0x0000000705d00000, 0x0000000705d00000| Untracked 
|  94|0x0000000705e00000, 0x0000000705e00000, 0x0000000705f00000|  0%| F|  |TAMS 0x0000000705e00000, 0x0000000705e00000| Untracked 
|  95|0x0000000705f00000, 0x0000000705f00000, 0x0000000706000000|  0%| F|  |TAMS 0x0000000705f00000, 0x0000000705f00000| Untracked 
|  96|0x0000000706000000, 0x0000000706000000, 0x0000000706100000|  0%| F|  |TAMS 0x0000000706000000, 0x0000000706000000| Untracked 
|  97|0x0000000706100000, 0x0000000706100000, 0x0000000706200000|  0%| F|  |TAMS 0x0000000706100000, 0x0000000706100000| Untracked 
|  98|0x0000000706200000, 0x0000000706200000, 0x0000000706300000|  0%| F|  |TAMS 0x0000000706200000, 0x0000000706200000| Untracked 
|  99|0x0000000706300000, 0x0000000706300000, 0x0000000706400000|  0%| F|  |TAMS 0x0000000706300000, 0x0000000706300000| Untracked 
| 100|0x0000000706400000, 0x0000000706400000, 0x0000000706500000|  0%| F|  |TAMS 0x0000000706400000, 0x0000000706400000| Untracked 
| 101|0x0000000706500000, 0x0000000706500000, 0x0000000706600000|  0%| F|  |TAMS 0x0000000706500000, 0x0000000706500000| Untracked 
| 102|0x0000000706600000, 0x0000000706600000, 0x0000000706700000|  0%| F|  |TAMS 0x0000000706600000, 0x0000000706600000| Untracked 
| 103|0x0000000706700000, 0x0000000706700000, 0x0000000706800000|  0%| F|  |TAMS 0x0000000706700000, 0x0000000706700000| Untracked 
| 104|0x0000000706800000, 0x0000000706800000, 0x0000000706900000|  0%| F|  |TAMS 0x0000000706800000, 0x0000000706800000| Untracked 
| 105|0x0000000706900000, 0x0000000706900000, 0x0000000706a00000|  0%| F|  |TAMS 0x0000000706900000, 0x0000000706900000| Untracked 
| 106|0x0000000706a00000, 0x0000000706a00000, 0x0000000706b00000|  0%| F|  |TAMS 0x0000000706a00000, 0x0000000706a00000| Untracked 
| 107|0x0000000706b00000, 0x0000000706b00000, 0x0000000706c00000|  0%| F|  |TAMS 0x0000000706b00000, 0x0000000706b00000| Untracked 
| 108|0x0000000706c00000, 0x0000000706c00000, 0x0000000706d00000|  0%| F|  |TAMS 0x0000000706c00000, 0x0000000706c00000| Untracked 
| 109|0x0000000706d00000, 0x0000000706d00000, 0x0000000706e00000|  0%| F|  |TAMS 0x0000000706d00000, 0x0000000706d00000| Untracked 
| 110|0x0000000706e00000, 0x0000000706e00000, 0x0000000706f00000|  0%| F|  |TAMS 0x0000000706e00000, 0x0000000706e00000| Untracked 
| 111|0x0000000706f00000, 0x0000000706f00000, 0x0000000707000000|  0%| F|  |TAMS 0x0000000706f00000, 0x0000000706f00000| Untracked 
| 112|0x0000000707000000, 0x0000000707000000, 0x0000000707100000|  0%| F|  |TAMS 0x0000000707000000, 0x0000000707000000| Untracked 
| 113|0x0000000707100000, 0x0000000707100000, 0x0000000707200000|  0%| F|  |TAMS 0x0000000707100000, 0x0000000707100000| Untracked 
| 114|0x0000000707200000, 0x0000000707200000, 0x0000000707300000|  0%| F|  |TAMS 0x0000000707200000, 0x0000000707200000| Untracked 
| 115|0x0000000707300000, 0x0000000707300000, 0x0000000707400000|  0%| F|  |TAMS 0x0000000707300000, 0x0000000707300000| Untracked 
| 116|0x0000000707400000, 0x0000000707400000, 0x0000000707500000|  0%| F|  |TAMS 0x0000000707400000, 0x0000000707400000| Untracked 
| 117|0x0000000707500000, 0x0000000707500000, 0x0000000707600000|  0%| F|  |TAMS 0x0000000707500000, 0x0000000707500000| Untracked 
| 118|0x0000000707600000, 0x0000000707600000, 0x0000000707700000|  0%| F|  |TAMS 0x0000000707600000, 0x0000000707600000| Untracked 
| 119|0x0000000707700000, 0x0000000707700000, 0x0000000707800000|  0%| F|  |TAMS 0x0000000707700000, 0x0000000707700000| Untracked 
| 120|0x0000000707800000, 0x0000000707800000, 0x0000000707900000|  0%| F|  |TAMS 0x0000000707800000, 0x0000000707800000| Untracked 
| 121|0x0000000707900000, 0x0000000707900000, 0x0000000707a00000|  0%| F|  |TAMS 0x0000000707900000, 0x0000000707900000| Untracked 
| 122|0x0000000707a00000, 0x0000000707a00000, 0x0000000707b00000|  0%| F|  |TAMS 0x0000000707a00000, 0x0000000707a00000| Untracked 
| 123|0x0000000707b00000, 0x0000000707b00000, 0x0000000707c00000|  0%| F|  |TAMS 0x0000000707b00000, 0x0000000707b00000| Untracked 
| 124|0x0000000707c00000, 0x0000000707c00000, 0x0000000707d00000|  0%| F|  |TAMS 0x0000000707c00000, 0x0000000707c00000| Untracked 
| 125|0x0000000707d00000, 0x0000000707d00000, 0x0000000707e00000|  0%| F|  |TAMS 0x0000000707d00000, 0x0000000707d00000| Untracked 
| 126|0x0000000707e00000, 0x0000000707e00000, 0x0000000707f00000|  0%| F|  |TAMS 0x0000000707e00000, 0x0000000707e00000| Untracked 
| 127|0x0000000707f00000, 0x0000000707f00000, 0x0000000708000000|  0%| F|  |TAMS 0x0000000707f00000, 0x0000000707f00000| Untracked 
| 128|0x0000000708000000, 0x0000000708000000, 0x0000000708100000|  0%| F|  |TAMS 0x0000000708000000, 0x0000000708000000| Untracked 
| 129|0x0000000708100000, 0x0000000708100000, 0x0000000708200000|  0%| F|  |TAMS 0x0000000708100000, 0x0000000708100000| Untracked 
| 130|0x0000000708200000, 0x0000000708200000, 0x0000000708300000|  0%| F|  |TAMS 0x0000000708200000, 0x0000000708200000| Untracked 
| 131|0x0000000708300000, 0x0000000708300000, 0x0000000708400000|  0%| F|  |TAMS 0x0000000708300000, 0x0000000708300000| Untracked 
| 132|0x0000000708400000, 0x0000000708400000, 0x0000000708500000|  0%| F|  |TAMS 0x0000000708400000, 0x0000000708400000| Untracked 
| 133|0x0000000708500000, 0x0000000708500000, 0x0000000708600000|  0%| F|  |TAMS 0x0000000708500000, 0x0000000708500000| Untracked 
| 134|0x0000000708600000, 0x0000000708600000, 0x0000000708700000|  0%| F|  |TAMS 0x0000000708600000, 0x0000000708600000| Untracked 
| 135|0x0000000708700000, 0x0000000708700000, 0x0000000708800000|  0%| F|  |TAMS 0x0000000708700000, 0x0000000708700000| Untracked 
| 136|0x0000000708800000, 0x0000000708800000, 0x0000000708900000|  0%| F|  |TAMS 0x0000000708800000, 0x0000000708800000| Untracked 
| 137|0x0000000708900000, 0x0000000708900000, 0x0000000708a00000|  0%| F|  |TAMS 0x0000000708900000, 0x0000000708900000| Untracked 
| 138|0x0000000708a00000, 0x0000000708a00000, 0x0000000708b00000|  0%| F|  |TAMS 0x0000000708a00000, 0x0000000708a00000| Untracked 
| 139|0x0000000708b00000, 0x0000000708b00000, 0x0000000708c00000|  0%| F|  |TAMS 0x0000000708b00000, 0x0000000708b00000| Untracked 
| 140|0x0000000708c00000, 0x0000000708c00000, 0x0000000708d00000|  0%| F|  |TAMS 0x0000000708c00000, 0x0000000708c00000| Untracked 
| 141|0x0000000708d00000, 0x0000000708d00000, 0x0000000708e00000|  0%| F|  |TAMS 0x0000000708d00000, 0x0000000708d00000| Untracked 
| 142|0x0000000708e00000, 0x0000000708e00000, 0x0000000708f00000|  0%| F|  |TAMS 0x0000000708e00000, 0x0000000708e00000| Untracked 
| 143|0x0000000708f00000, 0x0000000708f00000, 0x0000000709000000|  0%| F|  |TAMS 0x0000000708f00000, 0x0000000708f00000| Untracked 
| 144|0x0000000709000000, 0x0000000709000000, 0x0000000709100000|  0%| F|  |TAMS 0x0000000709000000, 0x0000000709000000| Untracked 
| 145|0x0000000709100000, 0x0000000709100000, 0x0000000709200000|  0%| F|  |TAMS 0x0000000709100000, 0x0000000709100000| Untracked 
| 146|0x0000000709200000, 0x0000000709200000, 0x0000000709300000|  0%| F|  |TAMS 0x0000000709200000, 0x0000000709200000| Untracked 
| 147|0x0000000709300000, 0x0000000709300000, 0x0000000709400000|  0%| F|  |TAMS 0x0000000709300000, 0x0000000709300000| Untracked 
| 148|0x0000000709400000, 0x0000000709400000, 0x0000000709500000|  0%| F|  |TAMS 0x0000000709400000, 0x0000000709400000| Untracked 
| 149|0x0000000709500000, 0x0000000709500000, 0x0000000709600000|  0%| F|  |TAMS 0x0000000709500000, 0x0000000709500000| Untracked 
| 150|0x0000000709600000, 0x0000000709600000, 0x0000000709700000|  0%| F|  |TAMS 0x0000000709600000, 0x0000000709600000| Untracked 
| 151|0x0000000709700000, 0x0000000709700000, 0x0000000709800000|  0%| F|  |TAMS 0x0000000709700000, 0x0000000709700000| Untracked 
| 152|0x0000000709800000, 0x0000000709800000, 0x0000000709900000|  0%| F|  |TAMS 0x0000000709800000, 0x0000000709800000| Untracked 
| 153|0x0000000709900000, 0x0000000709900000, 0x0000000709a00000|  0%| F|  |TAMS 0x0000000709900000, 0x0000000709900000| Untracked 
| 154|0x0000000709a00000, 0x0000000709a00000, 0x0000000709b00000|  0%| F|  |TAMS 0x0000000709a00000, 0x0000000709a00000| Untracked 
| 155|0x0000000709b00000, 0x0000000709b00000, 0x0000000709c00000|  0%| F|  |TAMS 0x0000000709b00000, 0x0000000709b00000| Untracked 
| 156|0x0000000709c00000, 0x0000000709c00000, 0x0000000709d00000|  0%| F|  |TAMS 0x0000000709c00000, 0x0000000709c00000| Untracked 
| 157|0x0000000709d00000, 0x0000000709d00000, 0x0000000709e00000|  0%| F|  |TAMS 0x0000000709d00000, 0x0000000709d00000| Untracked 
| 158|0x0000000709e00000, 0x0000000709e00000, 0x0000000709f00000|  0%| F|  |TAMS 0x0000000709e00000, 0x0000000709e00000| Untracked 
| 159|0x0000000709f00000, 0x0000000709f00000, 0x000000070a000000|  0%| F|  |TAMS 0x0000000709f00000, 0x0000000709f00000| Untracked 
| 160|0x000000070a000000, 0x000000070a000000, 0x000000070a100000|  0%| F|  |TAMS 0x000000070a000000, 0x000000070a000000| Untracked 
| 161|0x000000070a100000, 0x000000070a100000, 0x000000070a200000|  0%| F|  |TAMS 0x000000070a100000, 0x000000070a100000| Untracked 
| 162|0x000000070a200000, 0x000000070a200000, 0x000000070a300000|  0%| F|  |TAMS 0x000000070a200000, 0x000000070a200000| Untracked 
| 163|0x000000070a300000, 0x000000070a300000, 0x000000070a400000|  0%| F|  |TAMS 0x000000070a300000, 0x000000070a300000| Untracked 
| 164|0x000000070a400000, 0x000000070a400000, 0x000000070a500000|  0%| F|  |TAMS 0x000000070a400000, 0x000000070a400000| Untracked 
| 165|0x000000070a500000, 0x000000070a500000, 0x000000070a600000|  0%| F|  |TAMS 0x000000070a500000, 0x000000070a500000| Untracked 
| 166|0x000000070a600000, 0x000000070a600000, 0x000000070a700000|  0%| F|  |TAMS 0x000000070a600000, 0x000000070a600000| Untracked 
| 167|0x000000070a700000, 0x000000070a700000, 0x000000070a800000|  0%| F|  |TAMS 0x000000070a700000, 0x000000070a700000| Untracked 
| 168|0x000000070a800000, 0x000000070a800000, 0x000000070a900000|  0%| F|  |TAMS 0x000000070a800000, 0x000000070a800000| Untracked 
| 169|0x000000070a900000, 0x000000070a900000, 0x000000070aa00000|  0%| F|  |TAMS 0x000000070a900000, 0x000000070a900000| Untracked 
| 170|0x000000070aa00000, 0x000000070aa00000, 0x000000070ab00000|  0%| F|  |TAMS 0x000000070aa00000, 0x000000070aa00000| Untracked 
| 171|0x000000070ab00000, 0x000000070ab00000, 0x000000070ac00000|  0%| F|  |TAMS 0x000000070ab00000, 0x000000070ab00000| Untracked 
| 172|0x000000070ac00000, 0x000000070ac00000, 0x000000070ad00000|  0%| F|  |TAMS 0x000000070ac00000, 0x000000070ac00000| Untracked 
| 173|0x000000070ad00000, 0x000000070ad00000, 0x000000070ae00000|  0%| F|  |TAMS 0x000000070ad00000, 0x000000070ad00000| Untracked 
| 174|0x000000070ae00000, 0x000000070ae00000, 0x000000070af00000|  0%| F|  |TAMS 0x000000070ae00000, 0x000000070ae00000| Untracked 
| 175|0x000000070af00000, 0x000000070af00000, 0x000000070b000000|  0%| F|  |TAMS 0x000000070af00000, 0x000000070af00000| Untracked 
| 176|0x000000070b000000, 0x000000070b000000, 0x000000070b100000|  0%| F|  |TAMS 0x000000070b000000, 0x000000070b000000| Untracked 
| 177|0x000000070b100000, 0x000000070b100000, 0x000000070b200000|  0%| F|  |TAMS 0x000000070b100000, 0x000000070b100000| Untracked 
| 178|0x000000070b200000, 0x000000070b200000, 0x000000070b300000|  0%| F|  |TAMS 0x000000070b200000, 0x000000070b200000| Untracked 
| 179|0x000000070b300000, 0x000000070b300000, 0x000000070b400000|  0%| F|  |TAMS 0x000000070b300000, 0x000000070b300000| Untracked 
| 180|0x000000070b400000, 0x000000070b400000, 0x000000070b500000|  0%| F|  |TAMS 0x000000070b400000, 0x000000070b400000| Untracked 
| 181|0x000000070b500000, 0x000000070b500000, 0x000000070b600000|  0%| F|  |TAMS 0x000000070b500000, 0x000000070b500000| Untracked 
| 182|0x000000070b600000, 0x000000070b600000, 0x000000070b700000|  0%| F|  |TAMS 0x000000070b600000, 0x000000070b600000| Untracked 
| 183|0x000000070b700000, 0x000000070b700000, 0x000000070b800000|  0%| F|  |TAMS 0x000000070b700000, 0x000000070b700000| Untracked 
| 184|0x000000070b800000, 0x000000070b800000, 0x000000070b900000|  0%| F|  |TAMS 0x000000070b800000, 0x000000070b800000| Untracked 
| 185|0x000000070b900000, 0x000000070b900000, 0x000000070ba00000|  0%| F|  |TAMS 0x000000070b900000, 0x000000070b900000| Untracked 
| 186|0x000000070ba00000, 0x000000070ba00000, 0x000000070bb00000|  0%| F|  |TAMS 0x000000070ba00000, 0x000000070ba00000| Untracked 
| 187|0x000000070bb00000, 0x000000070bb00000, 0x000000070bc00000|  0%| F|  |TAMS 0x000000070bb00000, 0x000000070bb00000| Untracked 
| 188|0x000000070bc00000, 0x000000070bc00000, 0x000000070bd00000|  0%| F|  |TAMS 0x000000070bc00000, 0x000000070bc00000| Untracked 
| 189|0x000000070bd00000, 0x000000070bd00000, 0x000000070be00000|  0%| F|  |TAMS 0x000000070bd00000, 0x000000070bd00000| Untracked 
| 190|0x000000070be00000, 0x000000070be00000, 0x000000070bf00000|  0%| F|  |TAMS 0x000000070be00000, 0x000000070be00000| Untracked 
| 191|0x000000070bf00000, 0x000000070bf00000, 0x000000070c000000|  0%| F|  |TAMS 0x000000070bf00000, 0x000000070bf00000| Untracked 
| 192|0x000000070c000000, 0x000000070c000000, 0x000000070c100000|  0%| F|  |TAMS 0x000000070c000000, 0x000000070c000000| Untracked 
| 193|0x000000070c100000, 0x000000070c100000, 0x000000070c200000|  0%| F|  |TAMS 0x000000070c100000, 0x000000070c100000| Untracked 
| 194|0x000000070c200000, 0x000000070c200000, 0x000000070c300000|  0%| F|  |TAMS 0x000000070c200000, 0x000000070c200000| Untracked 
| 195|0x000000070c300000, 0x000000070c300000, 0x000000070c400000|  0%| F|  |TAMS 0x000000070c300000, 0x000000070c300000| Untracked 
| 196|0x000000070c400000, 0x000000070c400000, 0x000000070c500000|  0%| F|  |TAMS 0x000000070c400000, 0x000000070c400000| Untracked 
| 197|0x000000070c500000, 0x000000070c500000, 0x000000070c600000|  0%| F|  |TAMS 0x000000070c500000, 0x000000070c500000| Untracked 
| 198|0x000000070c600000, 0x000000070c600000, 0x000000070c700000|  0%| F|  |TAMS 0x000000070c600000, 0x000000070c600000| Untracked 
| 199|0x000000070c700000, 0x000000070c700000, 0x000000070c800000|  0%| F|  |TAMS 0x000000070c700000, 0x000000070c700000| Untracked 
| 200|0x000000070c800000, 0x000000070c800000, 0x000000070c900000|  0%| F|  |TAMS 0x000000070c800000, 0x000000070c800000| Untracked 
| 201|0x000000070c900000, 0x000000070c900000, 0x000000070ca00000|  0%| F|  |TAMS 0x000000070c900000, 0x000000070c900000| Untracked 
| 202|0x000000070ca00000, 0x000000070ca00000, 0x000000070cb00000|  0%| F|  |TAMS 0x000000070ca00000, 0x000000070ca00000| Untracked 
| 203|0x000000070cb00000, 0x000000070cb00000, 0x000000070cc00000|  0%| F|  |TAMS 0x000000070cb00000, 0x000000070cb00000| Untracked 
| 204|0x000000070cc00000, 0x000000070cd00000, 0x000000070cd00000|100%| E|  |TAMS 0x000000070cc00000, 0x000000070cc00000| Complete 
| 205|0x000000070cd00000, 0x000000070ce00000, 0x000000070ce00000|100%| E|CS|TAMS 0x000000070cd00000, 0x000000070cd00000| Complete 
| 206|0x000000070ce00000, 0x000000070cf00000, 0x000000070cf00000|100%| E|CS|TAMS 0x000000070ce00000, 0x000000070ce00000| Complete 
| 207|0x000000070cf00000, 0x000000070d000000, 0x000000070d000000|100%| E|CS|TAMS 0x000000070cf00000, 0x000000070cf00000| Complete 
| 208|0x000000070d000000, 0x000000070d100000, 0x000000070d100000|100%| E|CS|TAMS 0x000000070d000000, 0x000000070d000000| Complete 
| 209|0x000000070d100000, 0x000000070d200000, 0x000000070d200000|100%| E|CS|TAMS 0x000000070d100000, 0x000000070d100000| Complete 
| 210|0x000000070d200000, 0x000000070d300000, 0x000000070d300000|100%| E|CS|TAMS 0x000000070d200000, 0x000000070d200000| Complete 
| 211|0x000000070d300000, 0x000000070d400000, 0x000000070d400000|100%| E|CS|TAMS 0x000000070d300000, 0x000000070d300000| Complete 
| 212|0x000000070d400000, 0x000000070d500000, 0x000000070d500000|100%| E|CS|TAMS 0x000000070d400000, 0x000000070d400000| Complete 
| 213|0x000000070d500000, 0x000000070d600000, 0x000000070d600000|100%| E|CS|TAMS 0x000000070d500000, 0x000000070d500000| Complete 
| 214|0x000000070d600000, 0x000000070d700000, 0x000000070d700000|100%| E|CS|TAMS 0x000000070d600000, 0x000000070d600000| Complete 
| 215|0x000000070d700000, 0x000000070d800000, 0x000000070d800000|100%| E|CS|TAMS 0x000000070d700000, 0x000000070d700000| Complete 
| 216|0x000000070d800000, 0x000000070d900000, 0x000000070d900000|100%| E|CS|TAMS 0x000000070d800000, 0x000000070d800000| Complete 
| 217|0x000000070d900000, 0x000000070da00000, 0x000000070da00000|100%| E|CS|TAMS 0x000000070d900000, 0x000000070d900000| Complete 
| 218|0x000000070da00000, 0x000000070db00000, 0x000000070db00000|100%| E|CS|TAMS 0x000000070da00000, 0x000000070da00000| Complete 
| 219|0x000000070db00000, 0x000000070dc00000, 0x000000070dc00000|100%| E|CS|TAMS 0x000000070db00000, 0x000000070db00000| Complete 
| 220|0x000000070dc00000, 0x000000070dd00000, 0x000000070dd00000|100%| E|CS|TAMS 0x000000070dc00000, 0x000000070dc00000| Complete 
| 221|0x000000070dd00000, 0x000000070de00000, 0x000000070de00000|100%| E|CS|TAMS 0x000000070dd00000, 0x000000070dd00000| Complete 
| 222|0x000000070de00000, 0x000000070df00000, 0x000000070df00000|100%| E|CS|TAMS 0x000000070de00000, 0x000000070de00000| Complete 
| 223|0x000000070df00000, 0x000000070e000000, 0x000000070e000000|100%| E|CS|TAMS 0x000000070df00000, 0x000000070df00000| Complete 
| 224|0x000000070e000000, 0x000000070e100000, 0x000000070e100000|100%| E|CS|TAMS 0x000000070e000000, 0x000000070e000000| Complete 
| 225|0x000000070e100000, 0x000000070e200000, 0x000000070e200000|100%| E|CS|TAMS 0x000000070e100000, 0x000000070e100000| Complete 
| 226|0x000000070e200000, 0x000000070e300000, 0x000000070e300000|100%| E|CS|TAMS 0x000000070e200000, 0x000000070e200000| Complete 
| 227|0x000000070e300000, 0x000000070e400000, 0x000000070e400000|100%| E|CS|TAMS 0x000000070e300000, 0x000000070e300000| Complete 
| 228|0x000000070e400000, 0x000000070e500000, 0x000000070e500000|100%| E|CS|TAMS 0x000000070e400000, 0x000000070e400000| Complete 
| 229|0x000000070e500000, 0x000000070e600000, 0x000000070e600000|100%| S|CS|TAMS 0x000000070e500000, 0x000000070e500000| Complete 
| 230|0x000000070e600000, 0x000000070e700000, 0x000000070e700000|100%| S|CS|TAMS 0x000000070e600000, 0x000000070e600000| Complete 
| 231|0x000000070e700000, 0x000000070e800000, 0x000000070e800000|100%| S|CS|TAMS 0x000000070e700000, 0x000000070e700000| Complete 
| 232|0x000000070e800000, 0x000000070e900000, 0x000000070e900000|100%| E|CS|TAMS 0x000000070e800000, 0x000000070e800000| Complete 
| 233|0x000000070e900000, 0x000000070ea00000, 0x000000070ea00000|100%| E|CS|TAMS 0x000000070e900000, 0x000000070e900000| Complete 
| 234|0x000000070ea00000, 0x000000070eb00000, 0x000000070eb00000|100%| E|CS|TAMS 0x000000070ea00000, 0x000000070ea00000| Complete 
| 235|0x000000070eb00000, 0x000000070ec00000, 0x000000070ec00000|100%| E|CS|TAMS 0x000000070eb00000, 0x000000070eb00000| Complete 
| 236|0x000000070ec00000, 0x000000070ed00000, 0x000000070ed00000|100%| E|CS|TAMS 0x000000070ec00000, 0x000000070ec00000| Complete 
| 237|0x000000070ed00000, 0x000000070ee00000, 0x000000070ee00000|100%| E|CS|TAMS 0x000000070ed00000, 0x000000070ed00000| Complete 
| 238|0x000000070ee00000, 0x000000070ef00000, 0x000000070ef00000|100%| E|CS|TAMS 0x000000070ee00000, 0x000000070ee00000| Complete 
| 239|0x000000070ef00000, 0x000000070f000000, 0x000000070f000000|100%| E|CS|TAMS 0x000000070ef00000, 0x000000070ef00000| Complete 
| 240|0x000000070f000000, 0x000000070f100000, 0x000000070f100000|100%| E|CS|TAMS 0x000000070f000000, 0x000000070f000000| Complete 
| 241|0x000000070f100000, 0x000000070f200000, 0x000000070f200000|100%| E|CS|TAMS 0x000000070f100000, 0x000000070f100000| Complete 
| 242|0x000000070f200000, 0x000000070f300000, 0x000000070f300000|100%| E|CS|TAMS 0x000000070f200000, 0x000000070f200000| Complete 
| 243|0x000000070f300000, 0x000000070f400000, 0x000000070f400000|100%| E|CS|TAMS 0x000000070f300000, 0x000000070f300000| Complete 
| 244|0x000000070f400000, 0x000000070f500000, 0x000000070f500000|100%| E|CS|TAMS 0x000000070f400000, 0x000000070f400000| Complete 
| 245|0x000000070f500000, 0x000000070f600000, 0x000000070f600000|100%| E|CS|TAMS 0x000000070f500000, 0x000000070f500000| Complete 
| 246|0x000000070f600000, 0x000000070f700000, 0x000000070f700000|100%| E|CS|TAMS 0x000000070f600000, 0x000000070f600000| Complete 
| 247|0x000000070f700000, 0x000000070f800000, 0x000000070f800000|100%| E|CS|TAMS 0x000000070f700000, 0x000000070f700000| Complete 
| 248|0x000000070f800000, 0x000000070f900000, 0x000000070f900000|100%| E|CS|TAMS 0x000000070f800000, 0x000000070f800000| Complete 
| 249|0x000000070f900000, 0x000000070fa00000, 0x000000070fa00000|100%| E|CS|TAMS 0x000000070f900000, 0x000000070f900000| Complete 
| 250|0x000000070fa00000, 0x000000070fb00000, 0x000000070fb00000|100%| E|CS|TAMS 0x000000070fa00000, 0x000000070fa00000| Complete 
| 251|0x000000070fb00000, 0x000000070fc00000, 0x000000070fc00000|100%| E|CS|TAMS 0x000000070fb00000, 0x000000070fb00000| Complete 
| 252|0x000000070fc00000, 0x000000070fd00000, 0x000000070fd00000|100%| E|CS|TAMS 0x000000070fc00000, 0x000000070fc00000| Complete 
| 253|0x000000070fd00000, 0x000000070fe00000, 0x000000070fe00000|100%| E|CS|TAMS 0x000000070fd00000, 0x000000070fd00000| Complete 
| 254|0x000000070fe00000, 0x000000070ff00000, 0x000000070ff00000|100%| E|CS|TAMS 0x000000070fe00000, 0x000000070fe00000| Complete 
| 255|0x000000070ff00000, 0x0000000710000000, 0x0000000710000000|100%| E|CS|TAMS 0x000000070ff00000, 0x000000070ff00000| Complete 

Card table byte_map: [0x000000010c4a5000,0x000000010cca5000] _byte_map_base: 0x0000000108ca5000

Marking Bits (Prev, Next): (CMBitMap*) 0x00007f908183b818, (CMBitMap*) 0x00007f908183b850
 Prev Bits: [0x000000012772e000, 0x000000012b72e000)
 Next Bits: [0x000000012b72e000, 0x000000012f72e000)

Polling page: 0x00000001093f3000

Metaspace:

Usage:
  Non-class:     18.00 MB capacity,    17.78 MB ( 99%) used,   198.30 KB (  1%) free+waste,    23.44 KB ( <1%) overhead. 
      Class:      2.27 MB capacity,     2.16 MB ( 95%) used,   100.81 KB (  4%) free+waste,     9.44 KB ( <1%) overhead. 
       Both:     20.26 MB capacity,    19.94 MB ( 98%) used,   299.12 KB (  1%) free+waste,    32.88 KB ( <1%) overhead. 

Virtual space:
  Non-class space:       20.00 MB reserved,      18.42 MB ( 92%) committed 
      Class space:        1.00 GB reserved,       2.38 MB ( <1%) committed 
             Both:        1.02 GB reserved,      20.80 MB (  2%) committed 

Chunk freelists:
   Non-Class:  267.00 KB
       Class:  16.00 KB
        Both:  283.00 KB

MaxMetaspaceSize: unlimited
CompressedClassSpaceSize: 1.00 GB

CodeHeap 'non-profiled nmethods': size=120032Kb used=808Kb max_used=808Kb free=119224Kb
 bounds [0x00000001201f6000, 0x0000000120466000, 0x000000012772e000]
CodeHeap 'profiled nmethods': size=120028Kb used=4070Kb max_used=4070Kb free=115957Kb
 bounds [0x0000000118cbf000, 0x00000001190bf000, 0x00000001201f6000]
CodeHeap 'non-nmethods': size=5700Kb used=1093Kb max_used=1115Kb free=4606Kb
 bounds [0x000000011872e000, 0x000000011899e000, 0x0000000118cbf000]
 total_blobs=2456 nmethods=2045 adapters=323
 compilation: enabled
              stopped_count=0, restarted_count=0
 full_count=0

Compilation events (20 events):
Event: 1.439 Thread 0x00007f9080821000 nmethod 2001 0x000000011909ac10 code [0x000000011909ade0, 0x000000011909b040]
Event: 1.439 Thread 0x00007f9080821000 2002       3       java.util.LinkedHashMap$LinkedEntryIterator::next (5 bytes)
Event: 1.439 Thread 0x00007f9080821000 nmethod 2002 0x000000011909b190 code [0x000000011909b360, 0x000000011909b4e0]
Event: 1.439 Thread 0x00007f9080821000 2003       3       java.util.LinkedHashMap$LinkedEntryIterator::next (5 bytes)
Event: 1.439 Thread 0x00007f9080821000 nmethod 2003 0x000000011909b590 code [0x000000011909b740, 0x000000011909b860]
Event: 1.439 Thread 0x00007f9080821000 2004       3       java.util.Formatter$Flags::contains (22 bytes)
Event: 1.439 Thread 0x00007f9080821000 nmethod 2004 0x000000011909b910 code [0x000000011909bac0, 0x000000011909bc70]
Event: 1.439 Thread 0x00007f9081063000 nmethod 1999 0x00000001202b9890 code [0x00000001202b9a20, 0x00000001202b9ad8]
Event: 1.442 Thread 0x00007f9080821000 2005       3       org.apache.maven.model.InputLocation::<init> (30 bytes)
Event: 1.442 Thread 0x00007f9081063000 2006       4       org.codehaus.plexus.util.xml.pull.MXParser::parseStartTag (1195 bytes)
Event: 1.442 Thread 0x00007f9080821000 nmethod 2005 0x000000011909bd10 code [0x000000011909bec0, 0x000000011909c090]
Event: 1.442 Thread 0x00007f9080821000 2007  s    3       java.util.Properties::put (10 bytes)
Event: 1.442 Thread 0x00007f9080821000 nmethod 2007 0x000000011909c190 code [0x000000011909c360, 0x000000011909c6a0]
Event: 1.444 Thread 0x00007f9080821000 2008       3       org.codehaus.plexus.util.xml.pull.MXParser::getAttributeCount (15 bytes)
Event: 1.444 Thread 0x00007f9080821000 nmethod 2008 0x000000011909c790 code [0x000000011909c940, 0x000000011909ca90]
Event: 1.444 Thread 0x00007f9080821000 2010       3       org.apache.maven.model.io.xpp3.MavenXpp3ReaderEx::interpolatedTrimmed (16 bytes)
Event: 1.444 Thread 0x00007f9080821000 nmethod 2010 0x000000011909cb10 code [0x000000011909cce0, 0x000000011909cf60]
Event: 1.445 Thread 0x00007f9080821000 2011       3       org.apache.maven.model.io.xpp3.MavenXpp3ReaderEx$1::transform (2 bytes)
Event: 1.445 Thread 0x00007f9080821000 nmethod 2011 0x000000011909d110 code [0x000000011909d2c0, 0x000000011909d3b0]
Event: 1.445 Thread 0x00007f9080821000 2013       3       org.apache.maven.model.Dependency::setLocation (390 bytes)

GC Heap History (2 events):
Event: 0.685 GC heap before
{Heap before GC invocations=0 (full 0):
 garbage-first heap   total 262144K, used 23552K [0x0000000700000000, 0x0000000800000000)
  region size 1024K, 24 young (24576K), 0 survivors (0K)
 Metaspace       used 13359K, capacity 13588K, committed 14080K, reserved 1062912K
  class space    used 1355K, capacity 1423K, committed 1536K, reserved 1048576K
}
Event: 0.690 GC heap after
{Heap after GC invocations=1 (full 0):
 garbage-first heap   total 262144K, used 3675K [0x0000000700000000, 0x0000000800000000)
  region size 1024K, 3 young (3072K), 3 survivors (3072K)
 Metaspace       used 13359K, capacity 13588K, committed 14080K, reserved 1062912K
  class space    used 1355K, capacity 1423K, committed 1536K, reserved 1048576K
}

Deoptimization events (20 events):
Event: 1.323 Thread 0x00007f9080009800 Uncommon trap: trap_request=0xffffff4d fr.pc=0x00000001202aeb58 relative=0x0000000000000338
Event: 1.323 Thread 0x00007f9080009800 Uncommon trap: reason=unstable_if action=reinterpret pc=0x00000001202aeb58 method=org.eclipse.sisu.inject.InjectorBindings.isAssignableFrom(Lcom/google/inject/TypeLiteral;Lcom/google/inject/Binding;)Z @ 14 c2
Event: 1.323 Thread 0x00007f9080009800 DEOPT PACKING pc=0x00000001202aeb58 sp=0x00000001093cfc40
Event: 1.323 Thread 0x00007f9080009800 DEOPT UNPACKING pc=0x0000000118754b25 sp=0x00000001093cfc20 mode 2
Event: 1.331 Thread 0x00007f9080009800 Uncommon trap: trap_request=0xffffff4d fr.pc=0x0000000120271bcc relative=0x00000000000000ac
Event: 1.331 Thread 0x00007f9080009800 Uncommon trap: reason=unstable_if action=reinterpret pc=0x0000000120271bcc method=java.nio.Buffer.limit(I)Ljava/nio/Buffer; @ 42 c2
Event: 1.331 Thread 0x00007f9080009800 DEOPT PACKING pc=0x0000000120271bcc sp=0x00000001093cd1d0
Event: 1.331 Thread 0x00007f9080009800 DEOPT UNPACKING pc=0x0000000118754b25 sp=0x00000001093cd050 mode 2
Event: 1.339 Thread 0x00007f9080009800 Uncommon trap: trap_request=0xffffff4d fr.pc=0x00000001202051f8 relative=0x0000000000000058
Event: 1.339 Thread 0x00007f9080009800 Uncommon trap: reason=unstable_if action=reinterpret pc=0x00000001202051f8 method=java.lang.String.isLatin1()Z @ 10 c2
Event: 1.339 Thread 0x00007f9080009800 DEOPT PACKING pc=0x00000001202051f8 sp=0x00000001093d03b0
Event: 1.339 Thread 0x00007f9080009800 DEOPT UNPACKING pc=0x0000000118754b25 sp=0x00000001093d0360 mode 2
Event: 1.399 Thread 0x00007f9080009800 Uncommon trap: trap_request=0xffffff4d fr.pc=0x0000000120252078 relative=0x0000000000000978
Event: 1.399 Thread 0x00007f9080009800 Uncommon trap: reason=unstable_if action=reinterpret pc=0x0000000120252078 method=org.codehaus.plexus.util.xml.pull.MXParser.nextImpl()I @ 835 c2
Event: 1.399 Thread 0x00007f9080009800 DEOPT PACKING pc=0x0000000120252078 sp=0x00000001093d0290
Event: 1.399 Thread 0x00007f9080009800 DEOPT UNPACKING pc=0x0000000118754b25 sp=0x00000001093d0208 mode 2
Event: 1.438 Thread 0x00007f9080009800 Uncommon trap: trap_request=0xffffff4d fr.pc=0x0000000120267d00 relative=0x0000000000000340
Event: 1.438 Thread 0x00007f9080009800 Uncommon trap: reason=unstable_if action=reinterpret pc=0x0000000120267d00 method=java.lang.String.replace(CC)Ljava/lang/String; @ 35 c2
Event: 1.438 Thread 0x00007f9080009800 DEOPT PACKING pc=0x0000000120267d00 sp=0x00000001093d0580
Event: 1.438 Thread 0x00007f9080009800 DEOPT UNPACKING pc=0x0000000118754b25 sp=0x00000001093d0568 mode 2

Classes redefined (0 events):
No events

Internal exceptions (6 events):
Event: 0.160 Thread 0x00007f9080009800 Exception <a 'java/security/PrivilegedActionException'{0x000000070fecb3b0}> (0x000000070fecb3b0) thrown at [./src/hotspot/share/prims/jvm.cpp, line 1306]
Event: 0.160 Thread 0x00007f9080009800 Exception <a 'java/security/PrivilegedActionException'{0x000000070fecb680}> (0x000000070fecb680) thrown at [./src/hotspot/share/prims/jvm.cpp, line 1306]
Event: 0.239 Thread 0x00007f9080009800 Exception <a 'java/lang/NoSuchMethodError'{0x000000070fb59060}: 'int java.lang.invoke.DirectMethodHandle$Holder.invokeSpecialIFC(java.lang.Object, java.lang.Object, int)'> (0x000000070fb59060) thrown at [./src/hotspot/share/interpreter/linkResolver.cpp, line 773]
Event: 1.235 Thread 0x00007f9080009800 Exception <a 'java/lang/NoClassDefFoundError'{0x000000070d6e1bd0}: com/google/inject/servlet/ServletModuleTargetVisitor> (0x000000070d6e1bd0) thrown at [./src/hotspot/share/classfile/systemDictionary.cpp, line 220]
Event: 1.235 Thread 0x00007f9080009800 Exception <a 'java/lang/NoClassDefFoundError'{0x000000070d6e1bd0}> (0x000000070d6e1bd0) thrown at [./src/hotspot/share/prims/jvm.cpp, line 1310]
Event: 1.236 Thread 0x00007f9080009800 Exception <a 'java/lang/NoClassDefFoundError'{0x000000070d6e4868}: javax/annotation/Priority> (0x000000070d6e4868) thrown at [./src/hotspot/share/classfile/systemDictionary.cpp, line 220]

Events (20 events):
Event: 1.427 loading class sun/nio/ch/FileKey
Event: 1.427 loading class sun/nio/ch/FileKey done
Event: 1.430 loading class sun/nio/ch/FileLockTable$FileLockReference
Event: 1.430 loading class sun/nio/ch/FileLockTable$FileLockReference done
Event: 1.430 loading class java/nio/channels/spi/AbstractInterruptibleChannel$1
Event: 1.430 loading class sun/nio/ch/Interruptible
Event: 1.430 loading class sun/nio/ch/Interruptible done
Event: 1.430 loading class java/nio/channels/spi/AbstractInterruptibleChannel$1 done
Event: 1.434 loading class org/apache/maven/model/building/DefaultModelBuilder$1
Event: 1.434 loading class org/apache/maven/model/building/DefaultModelBuilder$1 done
Event: 1.434 loading class org/apache/maven/model/building/FilterModelBuildingRequest
Event: 1.434 loading class org/apache/maven/model/building/FilterModelBuildingRequest done
Event: 1.435 loading class org/apache/maven/model/License
Event: 1.435 loading class org/apache/maven/model/License done
Event: 1.436 loading class org/apache/maven/model/Scm
Event: 1.436 loading class org/apache/maven/model/Scm done
Event: 1.442 loading class org/apache/maven/model/DependencyManagement
Event: 1.442 loading class org/apache/maven/model/DependencyManagement done
Event: 1.443 loading class org/apache/maven/model/Exclusion
Event: 1.443 loading class org/apache/maven/model/Exclusion done


Dynamic libraries:
0x00007fff3780f000 	/System/Library/Frameworks/Cocoa.framework/Versions/A/Cocoa
0x00007fff43e72000 	/System/Library/Frameworks/Security.framework/Versions/A/Security
0x00007fff3644d000 	/System/Library/Frameworks/ApplicationServices.framework/Versions/A/ApplicationServices
0x00007fff5fe32000 	/usr/lib/libz.1.dylib
0x0000000109297000 	/Users/mac/Library/Java/JavaVirtualMachines/corretto-11.0.10/Contents/Home/lib/jli/libjli.dylib
0x00007fff5dce0000 	/usr/lib/libSystem.B.dylib
0x00007fff3559d000 	/System/Library/Frameworks/AppKit.framework/Versions/C/AppKit
0x00007fff37b87000 	/System/Library/Frameworks/CoreData.framework/Versions/A/CoreData
0x00007fff3a14c000 	/System/Library/Frameworks/Foundation.framework/Versions/C/Foundation
0x00007fff57593000 	/System/Library/PrivateFrameworks/RemoteViewServices.framework/Versions/A/RemoteViewServices
0x00007fff5bd11000 	/System/Library/PrivateFrameworks/UIFoundation.framework/Versions/A/UIFoundation
0x00007fff4c38b000 	/System/Library/PrivateFrameworks/DFRFoundation.framework/Versions/A/DFRFoundation
0x00007fff3c7d1000 	/System/Library/Frameworks/Metal.framework/Versions/A/Metal
0x00007fff4c528000 	/System/Library/PrivateFrameworks/DesktopServicesPriv.framework/Versions/A/DesktopServicesPriv
0x00007fff5e968000 	/usr/lib/libenergytrace.dylib
0x00007fff59d7b000 	/System/Library/PrivateFrameworks/SkyLight.framework/Versions/A/SkyLight
0x00007fff3846e000 	/System/Library/Frameworks/CoreGraphics.framework/Versions/A/CoreGraphics
0x00007fff5dcdb000 	/usr/lib/libScreenReader.dylib
0x00007fff342af000 	/System/Library/Frameworks/Accelerate.framework/Versions/A/Accelerate
0x00007fff3a8c7000 	/System/Library/Frameworks/IOSurface.framework/Versions/A/IOSurface
0x00007fff36998000 	/System/Library/Frameworks/AudioToolbox.framework/Versions/A/AudioToolbox
0x00007fff36c28000 	/System/Library/Frameworks/AudioUnit.framework/Versions/A/AudioUnit
0x00007fff4c423000 	/System/Library/PrivateFrameworks/DataDetectorsCore.framework/Versions/A/DataDetectorsCore
0x00007fff37302000 	/System/Library/Frameworks/Carbon.framework/Versions/A/Frameworks/HIToolbox.framework/Versions/A/HIToolbox
0x00007fff5eac2000 	/usr/lib/libicucore.A.dylib
0x00007fff433ee000 	/System/Library/Frameworks/QuartzCore.framework/Versions/A/QuartzCore
0x00007fff5901c000 	/System/Library/PrivateFrameworks/SignpostNotification.framework/Versions/A/SignpostNotification
0x00007fff376e8000 	/System/Library/Frameworks/Carbon.framework/Versions/A/Frameworks/SpeechRecognition.framework/Versions/A/SpeechRecognition
0x00007fff5debe000 	/usr/lib/libauto.dylib
0x00007fff5fd21000 	/usr/lib/libxml2.2.dylib
0x00007fff4bfdb000 	/System/Library/PrivateFrameworks/CoreUI.framework/Versions/A/CoreUI
0x00007fff37a63000 	/System/Library/Frameworks/CoreAudio.framework/Versions/A/CoreAudio
0x00007fff39f86000 	/System/Library/Frameworks/DiskArbitration.framework/Versions/A/DiskArbitration
0x00007fff5ed36000 	/usr/lib/liblangid.dylib
0x00007fff53a97000 	/System/Library/PrivateFrameworks/MultitouchSupport.framework/Versions/A/MultitouchSupport
0x00007fff3a82a000 	/System/Library/Frameworks/IOKit.framework/Versions/A/IOKit
0x00007fff5d96a000 	/usr/lib/libDiagnosticMessagesClient.dylib
0x00007fff39163000 	/System/Library/Frameworks/CoreServices.framework/Versions/A/CoreServices
0x00007fff555cf000 	/System/Library/PrivateFrameworks/PerformanceAnalysis.framework/Versions/A/PerformanceAnalysis
0x00007fff4258b000 	/System/Library/Frameworks/OpenGL.framework/Versions/A/OpenGL
0x00007fff5f41b000 	/usr/lib/libobjc.A.dylib
0x00007fff3781d000 	/System/Library/Frameworks/ColorSync.framework/Versions/A/ColorSync
0x00007fff37fd0000 	/System/Library/Frameworks/CoreFoundation.framework/Versions/A/CoreFoundation
0x00007fff38a9f000 	/System/Library/Frameworks/CoreImage.framework/Versions/A/CoreImage
0x00007fff39af4000 	/System/Library/Frameworks/CoreText.framework/Versions/A/CoreText
0x00007fff3a925000 	/System/Library/Frameworks/ImageIO.framework/Versions/A/ImageIO
0x00007fff48c85000 	/System/Library/PrivateFrameworks/Backup.framework/Versions/A/Backup
0x00007fff5dd8c000 	/usr/lib/libarchive.2.dylib
0x00007fff36f4b000 	/System/Library/Frameworks/CFNetwork.framework/Versions/A/CFNetwork
0x00007fff44605000 	/System/Library/Frameworks/SystemConfiguration.framework/Versions/A/SystemConfiguration
0x00007fff5d893000 	/usr/lib/libCRFSuite.dylib
0x00007fff5df98000 	/usr/lib/libc++.1.dylib
0x00007fff5dfef000 	/usr/lib/libc++abi.dylib
0x00007fff5fee0000 	/usr/lib/system/libcache.dylib
0x00007fff5fee5000 	/usr/lib/system/libcommonCrypto.dylib
0x00007fff5fef0000 	/usr/lib/system/libcompiler_rt.dylib
0x00007fff5fef8000 	/usr/lib/system/libcopyfile.dylib
0x00007fff5ff02000 	/usr/lib/system/libcorecrypto.dylib
0x00007fff6000f000 	/usr/lib/system/libdispatch.dylib
0x00007fff60049000 	/usr/lib/system/libdyld.dylib
0x00007fff60067000 	/usr/lib/system/libkeymgr.dylib
0x00007fff60075000 	/usr/lib/system/liblaunch.dylib
0x00007fff60076000 	/usr/lib/system/libmacho.dylib
0x00007fff6007b000 	/usr/lib/system/libquarantine.dylib
0x00007fff6007e000 	/usr/lib/system/libremovefile.dylib
0x00007fff60080000 	/usr/lib/system/libsystem_asl.dylib
0x00007fff60098000 	/usr/lib/system/libsystem_blocks.dylib
0x00007fff60099000 	/usr/lib/system/libsystem_c.dylib
0x00007fff60123000 	/usr/lib/system/libsystem_configuration.dylib
0x00007fff60127000 	/usr/lib/system/libsystem_coreservices.dylib
0x00007fff6012b000 	/usr/lib/system/libsystem_darwin.dylib
0x00007fff6012d000 	/usr/lib/system/libsystem_dnssd.dylib
0x00007fff60134000 	/usr/lib/system/libsystem_info.dylib
0x00007fff601a5000 	/usr/lib/system/libsystem_m.dylib
0x00007fff601f1000 	/usr/lib/system/libsystem_malloc.dylib
0x00007fff60211000 	/usr/lib/system/libsystem_network.dylib
0x00007fff60342000 	/usr/lib/system/libsystem_networkextension.dylib
0x00007fff6034d000 	/usr/lib/system/libsystem_notify.dylib
0x00007fff6036b000 	/usr/lib/system/libsystem_sandbox.dylib
0x00007fff6036f000 	/usr/lib/system/libsystem_secinit.dylib
0x00007fff6017e000 	/usr/lib/system/libsystem_kernel.dylib
0x00007fff60357000 	/usr/lib/system/libsystem_platform.dylib
0x00007fff6035f000 	/usr/lib/system/libsystem_pthread.dylib
0x00007fff60371000 	/usr/lib/system/libsystem_symptoms.dylib
0x00007fff60379000 	/usr/lib/system/libsystem_trace.dylib
0x00007fff6038f000 	/usr/lib/system/libunwind.dylib
0x00007fff60395000 	/usr/lib/system/libxpc.dylib
0x00007fff5d7a6000 	/usr/lib/closure/libclosured.dylib
0x00007fff5df79000 	/usr/lib/libbsm.0.dylib
0x00007fff60068000 	/usr/lib/system/libkxld.dylib
0x00007fff5dba4000 	/usr/lib/libOpenScriptingUtil.dylib
0x00007fff5e2e8000 	/usr/lib/libcoretls.dylib
0x00007fff5e301000 	/usr/lib/libcoretls_cfhelpers.dylib
0x00007fff5f81f000 	/usr/lib/libpam.2.dylib
0x00007fff5f94a000 	/usr/lib/libsqlite3.dylib
0x00007fff5fd10000 	/usr/lib/libxar.1.dylib
0x00007fff5df8a000 	/usr/lib/libbz2.1.0.dylib
0x00007fff5ed38000 	/usr/lib/liblzma.5.dylib
0x00007fff5f219000 	/usr/lib/libnetwork.dylib
0x00007fff5dd75000 	/usr/lib/libapple_nghttp2.dylib
0x00007fff5f826000 	/usr/lib/libpcap.A.dylib
0x00007fff5debf000 	/usr/lib/libboringssl.dylib
0x00007fff5fcab000 	/usr/lib/libusrtcp.dylib
0x00007fff5dd74000 	/usr/lib/libapple_crypto.dylib
0x00007fff394e6000 	/System/Library/Frameworks/CoreServices.framework/Versions/A/Frameworks/FSEvents.framework/Versions/A/FSEvents
0x00007fff391d9000 	/System/Library/Frameworks/CoreServices.framework/Versions/A/Frameworks/CarbonCore.framework/Versions/A/CarbonCore
0x00007fff396ae000 	/System/Library/Frameworks/CoreServices.framework/Versions/A/Frameworks/Metadata.framework/Versions/A/Metadata
0x00007fff3975f000 	/System/Library/Frameworks/CoreServices.framework/Versions/A/Frameworks/OSServices.framework/Versions/A/OSServices
0x00007fff397c0000 	/System/Library/Frameworks/CoreServices.framework/Versions/A/Frameworks/SearchKit.framework/Versions/A/SearchKit
0x00007fff39164000 	/System/Library/Frameworks/CoreServices.framework/Versions/A/Frameworks/AE.framework/Versions/A/AE
0x00007fff394ef000 	/System/Library/Frameworks/CoreServices.framework/Versions/A/Frameworks/LaunchServices.framework/Versions/A/LaunchServices
0x00007fff394b1000 	/System/Library/Frameworks/CoreServices.framework/Versions/A/Frameworks/DictionaryServices.framework/Versions/A/DictionaryServices
0x00007fff3982f000 	/System/Library/Frameworks/CoreServices.framework/Versions/A/Frameworks/SharedFileList.framework/Versions/A/SharedFileList
0x00007fff3da07000 	/System/Library/Frameworks/NetFS.framework/Versions/A/NetFS
0x00007fff53d28000 	/System/Library/PrivateFrameworks/NetAuth.framework/Versions/A/NetAuth
0x00007fff5d63d000 	/System/Library/PrivateFrameworks/login.framework/Versions/A/Frameworks/loginsupport.framework/Versions/A/loginsupport
0x00007fff5b98e000 	/System/Library/PrivateFrameworks/TCC.framework/Versions/A/TCC
0x00007fff5ee19000 	/usr/lib/libmecabra.dylib
0x00007fff3644e000 	/System/Library/Frameworks/ApplicationServices.framework/Versions/A/Frameworks/ATS.framework/Versions/A/ATS
0x00007fff367fd000 	/System/Library/Frameworks/ApplicationServices.framework/Versions/A/Frameworks/ColorSyncLegacy.framework/Versions/A/ColorSyncLegacy
0x00007fff368a1000 	/System/Library/Frameworks/ApplicationServices.framework/Versions/A/Frameworks/HIServices.framework/Versions/A/HIServices
0x00007fff368f4000 	/System/Library/Frameworks/ApplicationServices.framework/Versions/A/Frameworks/LangAnalysis.framework/Versions/A/LangAnalysis
0x00007fff36903000 	/System/Library/Frameworks/ApplicationServices.framework/Versions/A/Frameworks/PrintCore.framework/Versions/A/PrintCore
0x00007fff36950000 	/System/Library/Frameworks/ApplicationServices.framework/Versions/A/Frameworks/QD.framework/Versions/A/QD
0x00007fff3698b000 	/System/Library/Frameworks/ApplicationServices.framework/Versions/A/Frameworks/SpeechSynthesis.framework/Versions/A/SpeechSynthesis
0x00007fff37eec000 	/System/Library/Frameworks/CoreDisplay.framework/Versions/A/CoreDisplay
0x00007fff342c8000 	/System/Library/Frameworks/Accelerate.framework/Versions/A/Frameworks/vImage.framework/Versions/A/vImage
0x00007fff352a9000 	/System/Library/Frameworks/Accelerate.framework/Versions/A/Frameworks/vecLib.framework/Versions/A/vecLib
0x00007fff3507e000 	/System/Library/Frameworks/Accelerate.framework/Versions/A/Frameworks/vecLib.framework/Versions/A/libvDSP.dylib
0x00007fff34bb8000 	/System/Library/Frameworks/Accelerate.framework/Versions/A/Frameworks/vecLib.framework/Versions/A/libBNNS.dylib
0x00007fff34fe4000 	/System/Library/Frameworks/Accelerate.framework/Versions/A/Frameworks/vecLib.framework/Versions/A/libQuadrature.dylib
0x00007fff351f2000 	/System/Library/Frameworks/Accelerate.framework/Versions/A/Frameworks/vecLib.framework/Versions/A/libvMisc.dylib
0x00007fff34bf3000 	/System/Library/Frameworks/Accelerate.framework/Versions/A/Frameworks/vecLib.framework/Versions/A/libLAPACK.dylib
0x00007fff34a17000 	/System/Library/Frameworks/Accelerate.framework/Versions/A/Frameworks/vecLib.framework/Versions/A/libBLAS.dylib
0x00007fff34fcd000 	/System/Library/Frameworks/Accelerate.framework/Versions/A/Frameworks/vecLib.framework/Versions/A/libLinearAlgebra.dylib
0x00007fff34fea000 	/System/Library/Frameworks/Accelerate.framework/Versions/A/Frameworks/vecLib.framework/Versions/A/libSparse.dylib
0x00007fff3506b000 	/System/Library/Frameworks/Accelerate.framework/Versions/A/Frameworks/vecLib.framework/Versions/A/libSparseBLAS.dylib
0x00007fff50b62000 	/System/Library/PrivateFrameworks/GPUWrangler.framework/Versions/A/GPUWrangler
0x00007fff522f6000 	/System/Library/PrivateFrameworks/IOAccelerator.framework/Versions/A/IOAccelerator
0x00007fff52301000 	/System/Library/PrivateFrameworks/IOPresentment.framework/Versions/A/IOPresentment
0x00007fff4c39d000 	/System/Library/PrivateFrameworks/DSExternalDisplay.framework/Versions/A/DSExternalDisplay
0x00007fff41a0a000 	/System/Library/Frameworks/OpenGL.framework/Versions/A/Libraries/libCoreFSCache.dylib
0x00007fff39c45000 	/System/Library/Frameworks/CoreVideo.framework/Versions/A/CoreVideo
0x00007fff518dd000 	/System/Library/PrivateFrameworks/GraphVisualizer.framework/Versions/A/GraphVisualizer
0x00007fff3ca08000 	/System/Library/Frameworks/MetalPerformanceShaders.framework/Versions/A/MetalPerformanceShaders
0x00007fff5d9a2000 	/usr/lib/libFosl_dynamic.dylib
0x00007fff4d46c000 	/System/Library/PrivateFrameworks/FaceCore.framework/Versions/A/FaceCore
0x00007fff40805000 	/System/Library/Frameworks/OpenCL.framework/Versions/A/OpenCL
0x00007fff5e026000 	/usr/lib/libcompression.dylib
0x00007fff3654d000 	/System/Library/Frameworks/ApplicationServices.framework/Versions/A/Frameworks/ATS.framework/Versions/A/Resources/libFontParser.dylib
0x00007fff36670000 	/System/Library/Frameworks/ApplicationServices.framework/Versions/A/Frameworks/ATS.framework/Versions/A/Resources/libFontRegistry.dylib
0x00007fff3ab91000 	/System/Library/Frameworks/ImageIO.framework/Versions/A/Resources/libJPEG.dylib
0x00007fff3aecf000 	/System/Library/Frameworks/ImageIO.framework/Versions/A/Resources/libTIFF.dylib
0x00007fff3aea5000 	/System/Library/Frameworks/ImageIO.framework/Versions/A/Resources/libPng.dylib
0x00007fff3aaa4000 	/System/Library/Frameworks/ImageIO.framework/Versions/A/Resources/libGIF.dylib
0x00007fff3aaa9000 	/System/Library/Frameworks/ImageIO.framework/Versions/A/Resources/libJP2.dylib
0x00007fff3aecc000 	/System/Library/Frameworks/ImageIO.framework/Versions/A/Resources/libRadiance.dylib
0x00007fff483af000 	/System/Library/PrivateFrameworks/AppleJPEG.framework/Versions/A/AppleJPEG
0x00007fff3c86f000 	/System/Library/Frameworks/MetalPerformanceShaders.framework/Frameworks/MPSCore.framework/Versions/A/MPSCore
0x00007fff3c88b000 	/System/Library/Frameworks/MetalPerformanceShaders.framework/Frameworks/MPSImage.framework/Versions/A/MPSImage
0x00007fff3c920000 	/System/Library/Frameworks/MetalPerformanceShaders.framework/Frameworks/MPSNeuralNetwork.framework/Versions/A/MPSNeuralNetwork
0x00007fff3c8fb000 	/System/Library/Frameworks/MetalPerformanceShaders.framework/Frameworks/MPSMatrix.framework/Versions/A/MPSMatrix
0x00007fff537f9000 	/System/Library/PrivateFrameworks/MetalTools.framework/Versions/A/MetalTools
0x00007fff41bd5000 	/System/Library/Frameworks/OpenGL.framework/Versions/A/Libraries/libGLU.dylib
0x00007fff41a15000 	/System/Library/Frameworks/OpenGL.framework/Versions/A/Libraries/libGFXShared.dylib
0x00007fff41a1f000 	/System/Library/Frameworks/OpenGL.framework/Versions/A/Libraries/libGL.dylib
0x00007fff41a2b000 	/System/Library/Frameworks/OpenGL.framework/Versions/A/Libraries/libGLImage.dylib
0x00007fff41a07000 	/System/Library/Frameworks/OpenGL.framework/Versions/A/Libraries/libCVMSPluginSupport.dylib
0x00007fff41a10000 	/System/Library/Frameworks/OpenGL.framework/Versions/A/Libraries/libCoreVMClient.dylib
0x00007fff5e7d3000 	/usr/lib/libcups.2.dylib
0x00007fff3bdd6000 	/System/Library/Frameworks/Kerberos.framework/Versions/A/Kerberos
0x00007fff3a584000 	/System/Library/Frameworks/GSS.framework/Versions/A/GSS
0x00007fff5f8dd000 	/usr/lib/libresolv.9.dylib
0x00007fff5e9d0000 	/usr/lib/libiconv.2.dylib
0x00007fff5196f000 	/System/Library/PrivateFrameworks/Heimdal.framework/Versions/A/Heimdal
0x00007fff5e99f000 	/usr/lib/libheimdal-asn1.dylib
0x00007fff4087d000 	/System/Library/Frameworks/OpenDirectory.framework/Versions/A/OpenDirectory
0x00007fff4a6c8000 	/System/Library/PrivateFrameworks/CommonAuth.framework/Versions/A/CommonAuth
0x00007fff40860000 	/System/Library/Frameworks/OpenDirectory.framework/Versions/A/Frameworks/CFOpenDirectory.framework/Versions/A/CFOpenDirectory
0x00007fff4419e000 	/System/Library/Frameworks/SecurityFoundation.framework/Versions/A/SecurityFoundation
0x00007fff47572000 	/System/Library/PrivateFrameworks/APFS.framework/Versions/A/APFS
0x00007fff5fd0c000 	/usr/lib/libutil.dylib
0x00007fff48432000 	/System/Library/PrivateFrameworks/AppleSauce.framework/Versions/A/AppleSauce
0x00007fff52ade000 	/System/Library/PrivateFrameworks/LinguisticData.framework/Versions/A/LinguisticData
0x00007fff5ed52000 	/usr/lib/libmarisa.dylib
0x00007fff52a98000 	/System/Library/PrivateFrameworks/Lexicon.framework/Versions/A/Lexicon
0x00007fff5d8cd000 	/usr/lib/libChineseTokenizer.dylib
0x00007fff5e015000 	/usr/lib/libcmph.dylib
0x00007fff529a2000 	/System/Library/PrivateFrameworks/LanguageModeling.framework/Versions/A/LanguageModeling
0x00007fff4b1e5000 	/System/Library/PrivateFrameworks/CoreEmoji.framework/Versions/A/CoreEmoji
0x00007fff4425c000 	/System/Library/Frameworks/ServiceManagement.framework/Versions/A/ServiceManagement
0x00007fff48c7d000 	/System/Library/PrivateFrameworks/BackgroundTaskManagement.framework/Versions/A/BackgroundTaskManagement
0x00007fff5fe09000 	/usr/lib/libxslt.1.dylib
0x00007fff37612000 	/System/Library/Frameworks/Carbon.framework/Versions/A/Frameworks/Ink.framework/Versions/A/Ink
0x00007fff5bba3000 	/System/Library/PrivateFrameworks/TextureIO.framework/Versions/A/TextureIO
0x00007fff5ddb7000 	/usr/lib/libate.dylib
0x00007fff4c2fc000 	/System/Library/PrivateFrameworks/CrashReporterSupport.framework/Versions/A/CrashReporterSupport
0x00007fff58edc000 	/System/Library/PrivateFrameworks/Sharing.framework/Versions/A/Sharing
0x00007fff526e3000 	/System/Library/PrivateFrameworks/IconServices.framework/Versions/A/IconServices
0x00007fff488ad000 	/System/Library/PrivateFrameworks/AuthKit.framework/Versions/A/AuthKit
0x00007fff48232000 	/System/Library/PrivateFrameworks/Apple80211.framework/Versions/A/Apple80211
0x00007fff4c111000 	/System/Library/PrivateFrameworks/CoreUtils.framework/Versions/A/CoreUtils
0x00007fff39c80000 	/System/Library/Frameworks/CoreWLAN.framework/Versions/A/CoreWLAN
0x00007fff3a6c6000 	/System/Library/Frameworks/IOBluetooth.framework/Versions/A/IOBluetooth
0x00007fff5739e000 	/System/Library/PrivateFrameworks/ProtocolBuffer.framework/Versions/A/ProtocolBuffer
0x00007fff539f2000 	/System/Library/PrivateFrameworks/MobileKeyBag.framework/Versions/A/MobileKeyBag
0x00007fff4b989000 	/System/Library/PrivateFrameworks/CorePhoneNumbers.framework/Versions/A/CorePhoneNumbers
0x00007fff4836a000 	/System/Library/PrivateFrameworks/AppleIDAuthSupport.framework/Versions/A/AppleIDAuthSupport
0x00007fff5298e000 	/System/Library/PrivateFrameworks/KeychainCircle.framework/Versions/A/KeychainCircle
0x00007fff4c297000 	/System/Library/PrivateFrameworks/CoreWiFi.framework/Versions/A/CoreWiFi
0x00007fff37b5d000 	/System/Library/Frameworks/CoreBluetooth.framework/Versions/A/CoreBluetooth
0x00007fff4c4e7000 	/System/Library/PrivateFrameworks/DebugSymbols.framework/Versions/A/DebugSymbols
0x00007fff4bec7000 	/System/Library/PrivateFrameworks/CoreSymbolication.framework/Versions/A/CoreSymbolication
0x00007fff5b394000 	/System/Library/PrivateFrameworks/Symbolication.framework/Versions/A/Symbolication
0x00007fff4825c000 	/System/Library/PrivateFrameworks/AppleFSCompression.framework/Versions/A/AppleFSCompression
0x00007fff5a7e1000 	/System/Library/PrivateFrameworks/SpeechRecognitionCore.framework/Versions/A/SpeechRecognitionCore
0x00007fff30266000 	/System/Library/CoreServices/Encodings/libCyrillicConverter.dylib
0x000000010a400000 	/Users/mac/Library/Java/JavaVirtualMachines/corretto-11.0.10/Contents/Home/lib/server/libjvm.dylib
0x00000001093d4000 	/Users/mac/Library/Java/JavaVirtualMachines/corretto-11.0.10/Contents/Home/lib/libverify.dylib
0x000000010b208000 	/Users/mac/Library/Java/JavaVirtualMachines/corretto-11.0.10/Contents/Home/lib/libjava.dylib
0x00000001093e7000 	/Users/mac/Library/Java/JavaVirtualMachines/corretto-11.0.10/Contents/Home/lib/libjimage.dylib
0x000000010b234000 	/Users/mac/Library/Java/JavaVirtualMachines/corretto-11.0.10/Contents/Home/lib/libinstrument.dylib
0x000000010b2b6000 	/Users/mac/Library/Java/JavaVirtualMachines/corretto-11.0.10/Contents/Home/lib/libzip.dylib
0x000000012ff68000 	/Users/mac/Library/Java/JavaVirtualMachines/corretto-11.0.10/Contents/Home/lib/libnio.dylib
0x000000012ff7b000 	/Users/mac/Library/Java/JavaVirtualMachines/corretto-11.0.10/Contents/Home/lib/./libnet.dylib
0x000000010ffab000 	/Users/mac/Library/Java/JavaVirtualMachines/corretto-11.0.10/Contents/Home/lib/libextnet.dylib
0x000000013001d000 	/private/var/folders/6p/jj0jc8xd0lsf70y16lf9qqrm0000gn/T/libjansi-1.17.1-4755715924682601325.jnilib


VM Arguments:
jvm_args: -Dmaven.multiModuleProjectDirectory=/Volumes/HDD/Programming/conference -Dmaven.home=/Applications/IntelliJ IDEA.app/Contents/plugins/maven/lib/maven3 -Dclassworlds.conf=/Applications/IntelliJ IDEA.app/Contents/plugins/maven/lib/maven3/bin/m2.conf -Dmaven.ext.class.path=/Applications/IntelliJ IDEA.app/Contents/plugins/maven/lib/maven-event-listener.jar -javaagent:/Applications/IntelliJ IDEA.app/Contents/lib/idea_rt.jar=49781:/Applications/IntelliJ IDEA.app/Contents/bin -Dfile.encoding=UTF-8 
java_command: org.codehaus.classworlds.Launcher -Didea.version=2020.3.3 clean install
java_class_path (initial): /Applications/IntelliJ IDEA.app/Contents/plugins/maven/lib/maven3/boot/plexus-classworlds.license:/Applications/IntelliJ IDEA.app/Contents/plugins/maven/lib/maven3/boot/plexus-classworlds-2.6.0.jar
Launcher Type: SUN_STANDARD

[Global flags]
     intx CICompilerCount                          = 4                                         {product} {ergonomic}
     uint ConcGCThreads                            = 2                                         {product} {ergonomic}
     uint G1ConcRefinementThreads                  = 8                                         {product} {ergonomic}
   size_t G1HeapRegionSize                         = 1048576                                   {product} {ergonomic}
    uintx GCDrainStackTargetSize                   = 64                                        {product} {ergonomic}
   size_t InitialHeapSize                          = 268435456                                 {product} {ergonomic}
   size_t MarkStackSize                            = 4194304                                   {product} {ergonomic}
   size_t MaxHeapSize                              = 4294967296                                {product} {ergonomic}
   size_t MaxNewSize                               = 2576351232                                {product} {ergonomic}
   size_t MinHeapDeltaBytes                        = 1048576                                   {product} {ergonomic}
    uintx NonNMethodCodeHeapSize                   = 5836300                                {pd product} {ergonomic}
    uintx NonProfiledCodeHeapSize                  = 122910970                              {pd product} {ergonomic}
    uintx ProfiledCodeHeapSize                     = 122910970                              {pd product} {ergonomic}
    uintx ReservedCodeCacheSize                    = 251658240                              {pd product} {ergonomic}
     bool SegmentedCodeCache                       = true                                      {product} {ergonomic}
     bool UseCompressedClassPointers               = true                                 {lp64_product} {ergonomic}
     bool UseCompressedOops                        = true                                 {lp64_product} {ergonomic}
     bool UseG1GC                                  = true                                      {product} {ergonomic}

Logging:
Log output configuration:
 #0: stdout all=warning uptime,level,tags
 #1: stderr all=off uptime,level,tags

Environment Variables:
PATH=/opt/local/bin:/opt/local/sbin:/usr/local/bin:/usr/bin:/bin:/usr/sbin:/sbin:/opt/X11/bin
SHELL=/bin/bash
DISPLAY=/private/tmp/com.apple.launchd.PSUqy2QMfk/org.macosforge.xquartz:0
LC_CTYPE=ru_RU.UTF-8

Signal Handlers:
SIGSEGV: [libjvm.dylib+0x7d4852], sa_mask[0]=11111111011111110111111111111111, sa_flags=SA_ONSTACK|SA_RESTART|SA_SIGINFO
SIGBUS: [libjvm.dylib+0x7d4852], sa_mask[0]=11111111011111110111111111111111, sa_flags=SA_RESTART|SA_SIGINFO
SIGFPE: [libjvm.dylib+0x7d4852], sa_mask[0]=11111111011111110111111111111111, sa_flags=SA_RESTART|SA_SIGINFO
SIGPIPE: [libjvm.dylib+0x62c2fc], sa_mask[0]=11111111011111110111111111111111, sa_flags=SA_RESTART|SA_SIGINFO
SIGXFSZ: [libjvm.dylib+0x62c2fc], sa_mask[0]=11111111011111110111111111111111, sa_flags=SA_RESTART|SA_SIGINFO
SIGILL: [libjvm.dylib+0x7d4852], sa_mask[0]=11111111011111110111111111111111, sa_flags=SA_RESTART|SA_SIGINFO
SIGUSR2: [libjvm.dylib+0x62c8fa], sa_mask[0]=00100000000000000000000000000000, sa_flags=SA_RESTART|SA_SIGINFO
SIGHUP: [libjvm.dylib+0x62b3d7], sa_mask[0]=11111111011111110111111111111111, sa_flags=SA_RESTART|SA_SIGINFO
SIGINT: [libjvm.dylib+0x62b3d7], sa_mask[0]=11111111011111110111111111111111, sa_flags=SA_RESTART|SA_SIGINFO
SIGTERM: [libjvm.dylib+0x62b3d7], sa_mask[0]=11111111011111110111111111111111, sa_flags=SA_RESTART|SA_SIGINFO
SIGQUIT: [libjvm.dylib+0x62b3d7], sa_mask[0]=11111111011111110111111111111111, sa_flags=SA_RESTART|SA_SIGINFO


---------------  S Y S T E M  ---------------

OS:uname:Darwin 17.7.0 Darwin Kernel Version 17.7.0: Fri Oct 30 13:34:27 PDT 2020; root:xnu-4570.71.82.8~1/RELEASE_X86_64 x86_64
OS uptime: 0 days 5:53 hours
rlimit (soft/hard): STACK 8192k/65532k , CORE 0k/infinity , NPROC 1418/2128 , NOFILE 10240/infinity , AS infinity/infinity , CPU infinity/infinity , DATA infinity/infinity , FSIZE infinity/infinity , MEMLOCK infinity/infinity , RSS infinity/infinity
load average:2.17 2.61 5.89

CPU:total 8 (initial active 8) (4 cores per cpu, 2 threads per core) family 6 model 42 stepping 7 microcode 0x2f, cmov, cx8, fxsr, mmx, sse, sse2, sse3, ssse3, sse4.1, sse4.2, popcnt, avx, aes, clmul, ht, tsc, tscinvbit

Memory: 4k page, physical 16777216k(3539604k free), swap 0k(0k free)

vm_info: OpenJDK 64-Bit Server VM (11.0.10+9-LTS) for bsd-amd64 JRE (11.0.10+9-LTS), built on Jan 15 2021 11:29:35 by "corretto" with gcc 4.2.1 Compatible Apple LLVM 8.0.0 (clang-800.0.42.1)

END.
